---------------------------------------------------------------
[ 2018-12-11T09:46:10+08:00 ] 127.0.0.1 127.0.0.1 GET /admin/index/index.html
[ info ] www.bbb.com/admin/index/index.html [运行时间：0.058004s][吞吐率：17.24req/s] [内存消耗：1,520.66kb] [文件加载：48]
[ info ] [ LANG ] G:\xampp\htdocs\bbb\thinkphp\lang\zh-cn.php
[ info ] [ ROUTE ] array (
  'type' => 'module',
  'module' => 
  array (
    0 => 'admin',
    1 => 'index',
    2 => 'index',
  ),
)
[ info ] [ HEADER ] array (
  'host' => 'www.bbb.com',
  'connection' => 'keep-alive',
  'upgrade-insecure-requests' => '1',
  'user-agent' => 'Mozilla/5.0 (Windows NT 6.1; Win64; x64) AppleWebKit/537.36 (KHTML, like Gecko) Chrome/68.0.3440.106 Safari/537.36',
  'accept' => 'text/html,application/xhtml+xml,application/xml;q=0.9,image/webp,image/apng,*/*;q=0.8',
  'accept-encoding' => 'gzip, deflate',
  'accept-language' => 'zh-CN,zh;q=0.9',
  'cookie' => 'UM_distinctid=165c8054c9284-062272fa320a7f-323b5b03-1fa400-165c8054c93808; gr_user_id=6dd39fe4-2773-44f6-ac77-0d4960055290; CNZZDATA1000353613=343486579-1536658864-http%253A%252F%252Fwww.bbb.com%252F%7C1536800850; Hm_lvt_7492c81cf0f836f83a82e76a134d25e2=1536659115,1536800847; 58325___929688_KS_58325___929688=605a224bc5a142cd8b2384ab3d412caa; POP800_VISIT_TIMES=2; POP800_VISITOR_ID_L=666F09007A17D84DA467814349C4912C; CNZZDATA1274542463=1363221369-1536803477-null%7C1536803746; PAGE_VIEW_TIMES=5',
)
[ info ] [ PARAM ] array (
)
[ info ] [ SESSION ] INIT array (
  'id' => '',
  'var_session_id' => '',
  'prefix' => 'think',
  'type' => '',
  'auto_start' => true,
)
[ info ] [ VIEW ] G:\xampp\htdocs\bbb\thinkphp\tpl\dispatch_jump.tpl [ array (
  0 => 'code',
  1 => 'msg',
  2 => 'data',
  3 => 'url',
  4 => 'wait',
) ]
[ info ] [ LOG ] INIT File
---------------------------------------------------------------
[ 2018-12-11T09:46:11+08:00 ] 127.0.0.1 127.0.0.1 GET /admin/login/login.html
[ info ] www.bbb.com/admin/login/login.html [运行时间：0.046003s][吞吐率：21.74req/s] [内存消耗：1,498.59kb] [文件加载：47]
[ info ] [ LANG ] G:\xampp\htdocs\bbb\thinkphp\lang\zh-cn.php
[ info ] [ ROUTE ] array (
  'type' => 'module',
  'module' => 
  array (
    0 => 'admin',
    1 => 'login',
    2 => 'login',
  ),
)
[ info ] [ HEADER ] array (
  'host' => 'www.bbb.com',
  'connection' => 'keep-alive',
  'upgrade-insecure-requests' => '1',
  'user-agent' => 'Mozilla/5.0 (Windows NT 6.1; Win64; x64) AppleWebKit/537.36 (KHTML, like Gecko) Chrome/68.0.3440.106 Safari/537.36',
  'accept' => 'text/html,application/xhtml+xml,application/xml;q=0.9,image/webp,image/apng,*/*;q=0.8',
  'referer' => 'http://www.bbb.com/admin/index/index.html',
  'accept-encoding' => 'gzip, deflate',
  'accept-language' => 'zh-CN,zh;q=0.9',
  'cookie' => 'UM_distinctid=165c8054c9284-062272fa320a7f-323b5b03-1fa400-165c8054c93808; gr_user_id=6dd39fe4-2773-44f6-ac77-0d4960055290; CNZZDATA1000353613=343486579-1536658864-http%253A%252F%252Fwww.bbb.com%252F%7C1536800850; Hm_lvt_7492c81cf0f836f83a82e76a134d25e2=1536659115,1536800847; 58325___929688_KS_58325___929688=605a224bc5a142cd8b2384ab3d412caa; POP800_VISIT_TIMES=2; POP800_VISITOR_ID_L=666F09007A17D84DA467814349C4912C; CNZZDATA1274542463=1363221369-1536803477-null%7C1536803746; PAGE_VIEW_TIMES=5; PHPSESSID=oko30q6i75ah8o7jedhi860hdb',
)
[ info ] [ PARAM ] array (
)
[ info ] [ RUN ] app\admin\controller\Login->login[ G:\xampp\htdocs\bbb\application\admin\controller\Login.php ]
[ info ] [ VIEW ] G:\xampp\htdocs\bbb\public/../application/admin\view\login\login.html [ array (
) ]
[ info ] [ LOG ] INIT File
---------------------------------------------------------------
[ 2018-12-11T09:46:11+08:00 ] 127.0.0.1 127.0.0.1 GET /admin/login/__PUBLIC/static/admin.css
[ info ] www.bbb.com/admin/login/__PUBLIC/static/admin.css [运行时间：0.027001s][吞吐率：37.04req/s] [内存消耗：1,484.87kb] [文件加载：49]
[ info ] [ LANG ] G:\xampp\htdocs\bbb\thinkphp\lang\zh-cn.php
[ info ] [ ROUTE ] array (
  'type' => 'module',
  'module' => 
  array (
    0 => 'admin',
    1 => 'login',
    2 => '__PUBLIC',
  ),
)
[ info ] [ HEADER ] array (
  'host' => 'www.bbb.com',
  'connection' => 'keep-alive',
  'user-agent' => 'Mozilla/5.0 (Windows NT 6.1; Win64; x64) AppleWebKit/537.36 (KHTML, like Gecko) Chrome/68.0.3440.106 Safari/537.36',
  'accept' => 'text/css,*/*;q=0.1',
  'referer' => 'http://www.bbb.com/admin/login/login.html',
  'accept-encoding' => 'gzip, deflate',
  'accept-language' => 'zh-CN,zh;q=0.9',
  'cookie' => 'UM_distinctid=165c8054c9284-062272fa320a7f-323b5b03-1fa400-165c8054c93808; gr_user_id=6dd39fe4-2773-44f6-ac77-0d4960055290; CNZZDATA1000353613=343486579-1536658864-http%253A%252F%252Fwww.bbb.com%252F%7C1536800850; Hm_lvt_7492c81cf0f836f83a82e76a134d25e2=1536659115,1536800847; 58325___929688_KS_58325___929688=605a224bc5a142cd8b2384ab3d412caa; POP800_VISIT_TIMES=2; POP800_VISITOR_ID_L=666F09007A17D84DA467814349C4912C; CNZZDATA1274542463=1363221369-1536803477-null%7C1536803746; PAGE_VIEW_TIMES=5; PHPSESSID=oko30q6i75ah8o7jedhi860hdb',
)
[ info ] [ PARAM ] array (
  'static' => 'admin.css',
)
[ info ] [ LOG ] INIT File
---------------------------------------------------------------
[ 2018-12-11T10:17:10+08:00 ] 127.0.0.1 127.0.0.1 POST /admin/login/login.html
[ info ] www.bbb.com/admin/login/login.html [运行时间：0.067004s][吞吐率：14.92req/s] [内存消耗：2,089.46kb] [文件加载：55]
[ info ] [ LANG ] G:\xampp\htdocs\bbb\thinkphp\lang\zh-cn.php
[ info ] [ ROUTE ] array (
  'type' => 'module',
  'module' => 
  array (
    0 => 'admin',
    1 => 'login',
    2 => 'login',
  ),
)
[ info ] [ HEADER ] array (
  'host' => 'www.bbb.com',
  'connection' => 'keep-alive',
  'content-length' => '44',
  'cache-control' => 'max-age=0',
  'origin' => 'http://www.bbb.com',
  'upgrade-insecure-requests' => '1',
  'content-type' => 'application/x-www-form-urlencoded',
  'user-agent' => 'Mozilla/5.0 (Windows NT 6.1; Win64; x64) AppleWebKit/537.36 (KHTML, like Gecko) Chrome/68.0.3440.106 Safari/537.36',
  'accept' => 'text/html,application/xhtml+xml,application/xml;q=0.9,image/webp,image/apng,*/*;q=0.8',
  'referer' => 'http://www.bbb.com/admin/login/login.html',
  'accept-encoding' => 'gzip, deflate',
  'accept-language' => 'zh-CN,zh;q=0.9',
  'cookie' => 'UM_distinctid=165c8054c9284-062272fa320a7f-323b5b03-1fa400-165c8054c93808; gr_user_id=6dd39fe4-2773-44f6-ac77-0d4960055290; CNZZDATA1000353613=343486579-1536658864-http%253A%252F%252Fwww.bbb.com%252F%7C1536800850; Hm_lvt_7492c81cf0f836f83a82e76a134d25e2=1536659115,1536800847; 58325___929688_KS_58325___929688=605a224bc5a142cd8b2384ab3d412caa; POP800_VISIT_TIMES=2; POP800_VISITOR_ID_L=666F09007A17D84DA467814349C4912C; CNZZDATA1274542463=1363221369-1536803477-null%7C1536803746; PAGE_VIEW_TIMES=5; PHPSESSID=oko30q6i75ah8o7jedhi860hdb',
)
[ info ] [ PARAM ] array (
  'username' => '1549089944@qq.com',
  'password' => '123456',
)
[ info ] [ RUN ] app\admin\controller\Login->login[ G:\xampp\htdocs\bbb\application\admin\controller\Login.php ]
[ info ] [ DB ] INIT mysql
[ info ] [ SESSION ] INIT array (
  'id' => '',
  'var_session_id' => '',
  'prefix' => 'think',
  'type' => '',
  'auto_start' => true,
)
[ info ] [ VIEW ] G:\xampp\htdocs\bbb\thinkphp\tpl\dispatch_jump.tpl [ array (
  0 => 'code',
  1 => 'msg',
  2 => 'data',
  3 => 'url',
  4 => 'wait',
) ]
[ info ] [ LOG ] INIT File
[ sql ] [ DB ] CONNECT:[ UseTime:0.010001s ] mysql:host=127.0.0.1;port=3306;dbname=ddxx;charset=utf8
[ sql ] [ SQL ] SHOW COLUMNS FROM `dcxw_admin` [ RunTime:0.002000s ]
[ sql ] [ SQL ] SELECT * FROM `dcxw_admin` WHERE  (  (  ad_phone = '1549089944@qq.com' or  ad_email  = '1549089944@qq.com' ) and ad_isable = 1  ) LIMIT 1 [ RunTime:0.001000s ]
---------------------------------------------------------------
[ 2018-12-11T10:17:12+08:00 ] 127.0.0.1 127.0.0.1 GET /admin/index/index.html
[ info ] www.bbb.com/admin/index/index.html [运行时间：0.104006s][吞吐率：9.61req/s] [内存消耗：2,309.30kb] [文件加载：54]
[ info ] [ LANG ] G:\xampp\htdocs\bbb\thinkphp\lang\zh-cn.php
[ info ] [ ROUTE ] array (
  'type' => 'module',
  'module' => 
  array (
    0 => 'admin',
    1 => 'index',
    2 => 'index',
  ),
)
[ info ] [ HEADER ] array (
  'host' => 'www.bbb.com',
  'connection' => 'keep-alive',
  'upgrade-insecure-requests' => '1',
  'user-agent' => 'Mozilla/5.0 (Windows NT 6.1; Win64; x64) AppleWebKit/537.36 (KHTML, like Gecko) Chrome/68.0.3440.106 Safari/537.36',
  'accept' => 'text/html,application/xhtml+xml,application/xml;q=0.9,image/webp,image/apng,*/*;q=0.8',
  'referer' => 'http://www.bbb.com/admin/login/login.html',
  'accept-encoding' => 'gzip, deflate',
  'accept-language' => 'zh-CN,zh;q=0.9',
  'cookie' => 'UM_distinctid=165c8054c9284-062272fa320a7f-323b5b03-1fa400-165c8054c93808; gr_user_id=6dd39fe4-2773-44f6-ac77-0d4960055290; CNZZDATA1000353613=343486579-1536658864-http%253A%252F%252Fwww.bbb.com%252F%7C1536800850; Hm_lvt_7492c81cf0f836f83a82e76a134d25e2=1536659115,1536800847; 58325___929688_KS_58325___929688=605a224bc5a142cd8b2384ab3d412caa; POP800_VISIT_TIMES=2; POP800_VISITOR_ID_L=666F09007A17D84DA467814349C4912C; CNZZDATA1274542463=1363221369-1536803477-null%7C1536803746; PAGE_VIEW_TIMES=5; PHPSESSID=oko30q6i75ah8o7jedhi860hdb',
)
[ info ] [ PARAM ] array (
)
[ info ] [ SESSION ] INIT array (
  'id' => '',
  'var_session_id' => '',
  'prefix' => 'think',
  'type' => '',
  'auto_start' => true,
)
[ info ] [ RUN ] app\admin\controller\Index->index[ G:\xampp\htdocs\bbb\application\admin\controller\Index.php ]
[ info ] [ DB ] INIT mysql
[ info ] [ VIEW ] G:\xampp\htdocs\bbb\public/../application/admin\view\index\index.html [ array (
  0 => 'branchWeb',
  1 => 'admin',
  2 => 'menuList',
  3 => 'siteName',
  4 => 'ad_role',
) ]
[ info ] [ LOG ] INIT File
[ sql ] [ DB ] CONNECT:[ UseTime:0.010000s ] mysql:host=127.0.0.1;port=3306;dbname=ddxx;charset=utf8
[ sql ] [ SQL ] SHOW COLUMNS FROM `dcxw_admin` [ RunTime:0.003000s ]
[ sql ] [ SQL ] SELECT * FROM `dcxw_admin` `admin` INNER JOIN `dcxw_role` `role` ON `admin`.`ad_role`=`role`.`r_id` WHERE  `admin`.`ad_id` = 1 LIMIT 1 [ RunTime:0.000000s ]
[ sql ] [ SQL ] SHOW COLUMNS FROM `dcxw_menu` [ RunTime:0.002000s ]
[ sql ] [ SQL ] SELECT * FROM `dcxw_menu` WHERE  `m_id` = 22 LIMIT 1 [ RunTime:0.001000s ]
[ sql ] [ SQL ] SELECT * FROM `dcxw_menu` WHERE  `m_id` = 23 LIMIT 1 [ RunTime:0.001000s ]
[ sql ] [ SQL ] SELECT * FROM `dcxw_menu` WHERE  `m_id` = 60 LIMIT 1 [ RunTime:0.000000s ]
[ sql ] [ SQL ] SELECT * FROM `dcxw_menu` WHERE  `m_id` = 61 LIMIT 1 [ RunTime:0.000000s ]
[ sql ] [ SQL ] SELECT * FROM `dcxw_menu` WHERE  `m_id` = 62 LIMIT 1 [ RunTime:0.000000s ]
[ sql ] [ SQL ] SELECT * FROM `dcxw_menu` WHERE  `m_id` = 156 LIMIT 1 [ RunTime:0.000000s ]
[ sql ] [ SQL ] SELECT * FROM `dcxw_menu` WHERE  `m_id` = 29 LIMIT 1 [ RunTime:0.001000s ]
[ sql ] [ SQL ] SELECT * FROM `dcxw_menu` WHERE  `m_id` = 30 LIMIT 1 [ RunTime:0.000000s ]
[ sql ] [ SQL ] SELECT * FROM `dcxw_menu` WHERE  `m_id` = 42 LIMIT 1 [ RunTime:0.000000s ]
[ sql ] [ SQL ] SELECT * FROM `dcxw_menu` WHERE  `m_id` = 43 LIMIT 1 [ RunTime:0.000000s ]
[ sql ] [ SQL ] SELECT * FROM `dcxw_menu` WHERE  `m_id` = 44 LIMIT 1 [ RunTime:0.000000s ]
[ sql ] [ SQL ] SELECT * FROM `dcxw_menu` WHERE  `m_id` = 31 LIMIT 1 [ RunTime:0.001000s ]
[ sql ] [ SQL ] SELECT * FROM `dcxw_menu` WHERE  `m_id` = 83 LIMIT 1 [ RunTime:0.000000s ]
[ sql ] [ SQL ] SELECT * FROM `dcxw_menu` WHERE  `m_id` = 108 LIMIT 1 [ RunTime:0.000000s ]
[ sql ] [ SQL ] SELECT * FROM `dcxw_menu` WHERE  `m_id` = 109 LIMIT 1 [ RunTime:0.000000s ]
[ sql ] [ SQL ] SELECT * FROM `dcxw_menu` WHERE  `m_id` = 110 LIMIT 1 [ RunTime:0.000000s ]
[ sql ] [ SQL ] SELECT * FROM `dcxw_menu` WHERE  `m_id` = 10 LIMIT 1 [ RunTime:0.001000s ]
[ sql ] [ SQL ] SELECT * FROM `dcxw_menu` WHERE  `m_id` = 11 LIMIT 1 [ RunTime:0.000000s ]
[ sql ] [ SQL ] SELECT * FROM `dcxw_menu` WHERE  `m_id` = 114 LIMIT 1 [ RunTime:0.000000s ]
[ sql ] [ SQL ] SELECT * FROM `dcxw_menu` WHERE  `m_id` = 115 LIMIT 1 [ RunTime:0.001000s ]
[ sql ] [ SQL ] SELECT * FROM `dcxw_menu` WHERE  `m_id` = 116 LIMIT 1 [ RunTime:0.000000s ]
[ sql ] [ SQL ] SELECT * FROM `dcxw_menu` WHERE  `m_id` = 87 LIMIT 1 [ RunTime:0.000000s ]
[ sql ] [ SQL ] SELECT * FROM `dcxw_menu` WHERE  `m_id` = 119 LIMIT 1 [ RunTime:0.001000s ]
[ sql ] [ SQL ] SELECT * FROM `dcxw_menu` WHERE  `m_id` = 120 LIMIT 1 [ RunTime:0.000000s ]
[ sql ] [ SQL ] SELECT * FROM `dcxw_menu` WHERE  `m_id` = 121 LIMIT 1 [ RunTime:0.000000s ]
[ sql ] [ SQL ] SELECT * FROM `dcxw_menu` WHERE  `m_id` = 19 LIMIT 1 [ RunTime:0.000000s ]
[ sql ] [ SQL ] SELECT * FROM `dcxw_menu` WHERE  `m_id` = 122 LIMIT 1 [ RunTime:0.000000s ]
[ sql ] [ SQL ] SELECT * FROM `dcxw_menu` WHERE  `m_id` = 123 LIMIT 1 [ RunTime:0.001000s ]
[ sql ] [ SQL ] SELECT * FROM `dcxw_menu` WHERE  `m_id` = 124 LIMIT 1 [ RunTime:0.000000s ]
[ sql ] [ SQL ] SELECT * FROM `dcxw_menu` WHERE  `m_id` = 20 LIMIT 1 [ RunTime:0.000000s ]
[ sql ] [ SQL ] SELECT * FROM `dcxw_menu` WHERE  `m_id` = 125 LIMIT 1 [ RunTime:0.001000s ]
[ sql ] [ SQL ] SELECT * FROM `dcxw_menu` WHERE  `m_id` = 126 LIMIT 1 [ RunTime:0.000000s ]
[ sql ] [ SQL ] SELECT * FROM `dcxw_menu` WHERE  `m_id` = 127 LIMIT 1 [ RunTime:0.001000s ]
[ sql ] [ SQL ] SELECT * FROM `dcxw_menu` WHERE  `m_id` = 21 LIMIT 1 [ RunTime:0.000000s ]
[ sql ] [ SQL ] SELECT * FROM `dcxw_menu` WHERE  `m_id` = 128 LIMIT 1 [ RunTime:0.001001s ]
[ sql ] [ SQL ] SELECT * FROM `dcxw_menu` WHERE  `m_id` = 129 LIMIT 1 [ RunTime:0.000000s ]
[ sql ] [ SQL ] SELECT * FROM `dcxw_menu` WHERE  `m_id` = 130 LIMIT 1 [ RunTime:0.000000s ]
[ sql ] [ SQL ] SELECT * FROM `dcxw_menu` WHERE  `m_id` = 1 LIMIT 1 [ RunTime:0.001000s ]
[ sql ] [ SQL ] SELECT * FROM `dcxw_menu` WHERE  `m_id` = 2 LIMIT 1 [ RunTime:0.000000s ]
[ sql ] [ SQL ] SELECT * FROM `dcxw_menu` WHERE  `m_id` = 70 LIMIT 1 [ RunTime:0.000000s ]
[ sql ] [ SQL ] SELECT * FROM `dcxw_menu` WHERE  `m_id` = 71 LIMIT 1 [ RunTime:0.000000s ]
[ sql ] [ SQL ] SELECT * FROM `dcxw_menu` WHERE  `m_id` = 72 LIMIT 1 [ RunTime:0.000000s ]
[ sql ] [ SQL ] SELECT * FROM `dcxw_menu` WHERE  `m_id` = 4 LIMIT 1 [ RunTime:0.001000s ]
[ sql ] [ SQL ] SELECT * FROM `dcxw_menu` WHERE  `m_id` = 76 LIMIT 1 [ RunTime:0.000000s ]
[ sql ] [ SQL ] SELECT * FROM `dcxw_menu` WHERE  `m_id` = 77 LIMIT 1 [ RunTime:0.001000s ]
[ sql ] [ SQL ] SELECT * FROM `dcxw_menu` WHERE  `m_id` = 78 LIMIT 1 [ RunTime:0.000000s ]
[ sql ] [ SQL ] SELECT * FROM `dcxw_menu` WHERE  `m_id` = 136 LIMIT 1 [ RunTime:0.001000s ]
[ sql ] [ SQL ] SELECT * FROM `dcxw_menu` WHERE  `m_id` = 137 LIMIT 1 [ RunTime:0.000000s ]
[ sql ] [ SQL ] SELECT * FROM `dcxw_menu` WHERE  `m_id` = 140 LIMIT 1 [ RunTime:0.001000s ]
[ sql ] [ SQL ] SELECT * FROM `dcxw_menu` WHERE  `m_id` = 139 LIMIT 1 [ RunTime:0.000000s ]
[ sql ] [ SQL ] SELECT * FROM `dcxw_menu` WHERE  `m_id` = 141 LIMIT 1 [ RunTime:0.000000s ]
[ sql ] [ SQL ] SELECT * FROM `dcxw_menu` WHERE  `m_id` = 142 LIMIT 1 [ RunTime:0.000000s ]
[ sql ] [ SQL ] SELECT * FROM `dcxw_menu` WHERE  `m_id` = 143 LIMIT 1 [ RunTime:0.000000s ]
[ sql ] [ SQL ] SELECT * FROM `dcxw_menu` WHERE  `m_id` = 157 LIMIT 1 [ RunTime:0.001000s ]
[ sql ] [ SQL ] SELECT * FROM `dcxw_menu` WHERE  `m_id` = 158 LIMIT 1 [ RunTime:0.000000s ]
[ sql ] [ SQL ] SELECT * FROM `dcxw_menu` WHERE  `m_id` = 144 LIMIT 1 [ RunTime:0.000000s ]
[ sql ] [ SQL ] SELECT * FROM `dcxw_menu` WHERE  `m_id` = 145 LIMIT 1 [ RunTime:0.001000s ]
[ sql ] [ SQL ] SELECT * FROM `dcxw_menu` WHERE  `m_id` = 146 LIMIT 1 [ RunTime:0.000000s ]
[ sql ] [ SQL ] SELECT * FROM `dcxw_menu` WHERE  `m_id` = 147 LIMIT 1 [ RunTime:0.000000s ]
[ sql ] [ SQL ] SELECT * FROM `dcxw_menu` WHERE  `m_id` = 148 LIMIT 1 [ RunTime:0.000000s ]
[ sql ] [ SQL ] SELECT * FROM `dcxw_menu` WHERE  `m_id` = 149 LIMIT 1 [ RunTime:0.000000s ]
[ sql ] [ SQL ] SELECT * FROM `dcxw_menu` WHERE  `m_id` = 150 LIMIT 1 [ RunTime:0.001000s ]
[ sql ] [ SQL ] SELECT * FROM `dcxw_menu` WHERE  `m_id` = 151 LIMIT 1 [ RunTime:0.000000s ]
[ sql ] [ SQL ] SELECT * FROM `dcxw_menu` WHERE  `m_id` = 152 LIMIT 1 [ RunTime:0.000000s ]
[ sql ] [ SQL ] SELECT * FROM `dcxw_menu` WHERE  `m_id` = 153 LIMIT 1 [ RunTime:0.000000s ]
[ sql ] [ SQL ] SELECT * FROM `dcxw_menu` WHERE  `m_id` = 154 LIMIT 1 [ RunTime:0.000000s ]
[ sql ] [ SQL ] SELECT * FROM `dcxw_menu` WHERE  `m_id` = 155 LIMIT 1 [ RunTime:0.001000s ]
[ sql ] [ SQL ] SELECT * FROM `dcxw_menu` WHERE  `m_id` = 159 LIMIT 1 [ RunTime:0.000000s ]
[ sql ] [ SQL ] SELECT * FROM `dcxw_menu` WHERE  `m_id` = 160 LIMIT 1 [ RunTime:0.000000s ]
[ sql ] [ SQL ] SELECT * FROM `dcxw_admin` INNER JOIN `dcxw_role` `dcxw_role` ON `dcxw_admin`.`ad_role`=`dcxw_role`.`r_id` WHERE  `ad_id` = 1 LIMIT 1 [ RunTime:0.000000s ]
[ sql ] [ SQL ] SHOW COLUMNS FROM `dcxw_branch` [ RunTime:0.003000s ]
[ sql ] [ SQL ] SELECT `b_prex` FROM `dcxw_branch` WHERE  `b_id` = 22 LIMIT 1 [ RunTime:0.000000s ]
[ sql ] [ SQL ] SHOW COLUMNS FROM `dcxw_setinfo` [ RunTime:0.003000s ]
[ sql ] [ SQL ] SELECT `s_value` FROM `dcxw_setinfo` WHERE  `s_key` = 'webname' [ RunTime:0.000000s ]
---------------------------------------------------------------
[ 2018-12-11T10:17:12+08:00 ] 127.0.0.1 127.0.0.1 GET /admin/index/welcome.html
[ info ] www.bbb.com/admin/index/welcome.html [运行时间：0.023001s][吞吐率：43.48req/s] [内存消耗：1,474.46kb] [文件加载：46]
[ info ] [ LANG ] G:\xampp\htdocs\bbb\thinkphp\lang\zh-cn.php
[ info ] [ ROUTE ] array (
  'type' => 'module',
  'module' => 
  array (
    0 => 'admin',
    1 => 'index',
    2 => 'welcome',
  ),
)
[ info ] [ HEADER ] array (
  'host' => 'www.bbb.com',
  'connection' => 'keep-alive',
  'upgrade-insecure-requests' => '1',
  'user-agent' => 'Mozilla/5.0 (Windows NT 6.1; Win64; x64) AppleWebKit/537.36 (KHTML, like Gecko) Chrome/68.0.3440.106 Safari/537.36',
  'accept' => 'text/html,application/xhtml+xml,application/xml;q=0.9,image/webp,image/apng,*/*;q=0.8',
  'referer' => 'http://www.bbb.com/admin/index/index.html',
  'accept-encoding' => 'gzip, deflate',
  'accept-language' => 'zh-CN,zh;q=0.9',
  'cookie' => 'UM_distinctid=165c8054c9284-062272fa320a7f-323b5b03-1fa400-165c8054c93808; gr_user_id=6dd39fe4-2773-44f6-ac77-0d4960055290; CNZZDATA1000353613=343486579-1536658864-http%253A%252F%252Fwww.bbb.com%252F%7C1536800850; Hm_lvt_7492c81cf0f836f83a82e76a134d25e2=1536659115,1536800847; 58325___929688_KS_58325___929688=605a224bc5a142cd8b2384ab3d412caa; POP800_VISIT_TIMES=2; POP800_VISITOR_ID_L=666F09007A17D84DA467814349C4912C; CNZZDATA1274542463=1363221369-1536803477-null%7C1536803746; PAGE_VIEW_TIMES=5; PHPSESSID=oko30q6i75ah8o7jedhi860hdb',
)
[ info ] [ PARAM ] array (
)
[ info ] [ SESSION ] INIT array (
  'id' => '',
  'var_session_id' => '',
  'prefix' => 'think',
  'type' => '',
  'auto_start' => true,
)
[ info ] [ RUN ] app\admin\controller\Index->welcome[ G:\xampp\htdocs\bbb\application\admin\controller\Index.php ]
[ info ] [ VIEW ] G:\xampp\htdocs\bbb\public/../application/admin\view\index\welcome.html [ array (
) ]
[ info ] [ LOG ] INIT File
---------------------------------------------------------------
[ 2018-12-11T10:17:15+08:00 ] 127.0.0.1 127.0.0.1 GET /admin/operatelog/index.html
[ info ] www.bbb.com/admin/operatelog/index.html [运行时间：0.052003s][吞吐率：19.23req/s] [内存消耗：1,514.56kb] [文件加载：47]
[ info ] [ LANG ] G:\xampp\htdocs\bbb\thinkphp\lang\zh-cn.php
[ info ] [ ROUTE ] array (
  'type' => 'module',
  'module' => 
  array (
    0 => 'admin',
    1 => 'operatelog',
    2 => 'index',
  ),
)
[ info ] [ HEADER ] array (
  'host' => 'www.bbb.com',
  'connection' => 'keep-alive',
  'upgrade-insecure-requests' => '1',
  'user-agent' => 'Mozilla/5.0 (Windows NT 6.1; Win64; x64) AppleWebKit/537.36 (KHTML, like Gecko) Chrome/68.0.3440.106 Safari/537.36',
  'accept' => 'text/html,application/xhtml+xml,application/xml;q=0.9,image/webp,image/apng,*/*;q=0.8',
  'referer' => 'http://www.bbb.com/admin/index/index.html',
  'accept-encoding' => 'gzip, deflate',
  'accept-language' => 'zh-CN,zh;q=0.9',
  'cookie' => 'UM_distinctid=165c8054c9284-062272fa320a7f-323b5b03-1fa400-165c8054c93808; gr_user_id=6dd39fe4-2773-44f6-ac77-0d4960055290; CNZZDATA1000353613=343486579-1536658864-http%253A%252F%252Fwww.bbb.com%252F%7C1536800850; Hm_lvt_7492c81cf0f836f83a82e76a134d25e2=1536659115,1536800847; 58325___929688_KS_58325___929688=605a224bc5a142cd8b2384ab3d412caa; POP800_VISIT_TIMES=2; POP800_VISITOR_ID_L=666F09007A17D84DA467814349C4912C; CNZZDATA1274542463=1363221369-1536803477-null%7C1536803746; PAGE_VIEW_TIMES=5; PHPSESSID=oko30q6i75ah8o7jedhi860hdb',
)
[ info ] [ PARAM ] array (
)
[ info ] [ SESSION ] INIT array (
  'id' => '',
  'var_session_id' => '',
  'prefix' => 'think',
  'type' => '',
  'auto_start' => true,
)
[ info ] [ RUN ] app\admin\controller\Operatelog->index[ G:\xampp\htdocs\bbb\application\admin\controller\Operatelog.php ]
[ info ] [ VIEW ] G:\xampp\htdocs\bbb\public/../application/admin\view\operatelog\index.html [ array (
) ]
[ info ] [ LOG ] INIT File
---------------------------------------------------------------
[ 2018-12-11T10:17:15+08:00 ] 127.0.0.1 127.0.0.1 GET /admin/operatelog/logdata/?page=1&limit=20
[ info ] www.bbb.com/admin/operatelog/logdata/?page=1&limit=20 [运行时间：0.055003s][吞吐率：18.18req/s] [内存消耗：2,234.16kb] [文件加载：54]
[ info ] [ LANG ] G:\xampp\htdocs\bbb\thinkphp\lang\zh-cn.php
[ info ] [ ROUTE ] array (
  'type' => 'module',
  'module' => 
  array (
    0 => 'admin',
    1 => 'operatelog',
    2 => 'logdata',
  ),
)
[ info ] [ HEADER ] array (
  'host' => 'www.bbb.com',
  'connection' => 'keep-alive',
  'accept' => 'application/json, text/javascript, */*; q=0.01',
  'x-requested-with' => 'XMLHttpRequest',
  'user-agent' => 'Mozilla/5.0 (Windows NT 6.1; Win64; x64) AppleWebKit/537.36 (KHTML, like Gecko) Chrome/68.0.3440.106 Safari/537.36',
  'referer' => 'http://www.bbb.com/admin/operatelog/index.html',
  'accept-encoding' => 'gzip, deflate',
  'accept-language' => 'zh-CN,zh;q=0.9',
  'cookie' => 'UM_distinctid=165c8054c9284-062272fa320a7f-323b5b03-1fa400-165c8054c93808; gr_user_id=6dd39fe4-2773-44f6-ac77-0d4960055290; CNZZDATA1000353613=343486579-1536658864-http%253A%252F%252Fwww.bbb.com%252F%7C1536800850; Hm_lvt_7492c81cf0f836f83a82e76a134d25e2=1536659115,1536800847; 58325___929688_KS_58325___929688=605a224bc5a142cd8b2384ab3d412caa; POP800_VISIT_TIMES=2; POP800_VISITOR_ID_L=666F09007A17D84DA467814349C4912C; CNZZDATA1274542463=1363221369-1536803477-null%7C1536803746; PAGE_VIEW_TIMES=5; PHPSESSID=oko30q6i75ah8o7jedhi860hdb',
)
[ info ] [ PARAM ] array (
  'page' => '1',
  'limit' => '20',
)
[ info ] [ SESSION ] INIT array (
  'id' => '',
  'var_session_id' => '',
  'prefix' => 'think',
  'type' => '',
  'auto_start' => true,
)
[ info ] [ RUN ] app\admin\controller\Operatelog->logdata[ G:\xampp\htdocs\bbb\application\admin\controller\Operatelog.php ]
[ info ] [ DB ] INIT mysql
[ info ] [ LOG ] INIT File
[ sql ] [ DB ] CONNECT:[ UseTime:0.011001s ] mysql:host=127.0.0.1;port=3306;dbname=ddxx;charset=utf8
[ sql ] [ SQL ] SHOW COLUMNS FROM `dcxw_operation_log` [ RunTime:0.003000s ]
[ sql ] [ SQL ] SELECT COUNT(*) AS tp_count FROM `dcxw_operation_log` WHERE  `ol_is_delete` = 1  AND (   1 = 1 ) LIMIT 1 [ RunTime:0.000000s ]
[ sql ] [ SQL ] SELECT * FROM `dcxw_operation_log` WHERE  `ol_is_delete` = 1  AND (   1 = 1 ) ORDER BY ol_add_time desc LIMIT 0,20 [ RunTime:0.001000s ]
[ sql ] [ SQL ] SHOW COLUMNS FROM `dcxw_user` [ RunTime:0.003000s ]
[ sql ] [ SQL ] SELECT `u_job` FROM `dcxw_user` WHERE  `u_id` = 17 LIMIT 1 [ RunTime:0.001000s ]
[ sql ] [ SQL ] SELECT `u_name` FROM `dcxw_user` WHERE  `u_id` = 17 LIMIT 1 [ RunTime:0.001000s ]
[ sql ] [ SQL ] SELECT `u_job` FROM `dcxw_user` WHERE  `u_id` = 17 LIMIT 1 [ RunTime:0.000000s ]
[ sql ] [ SQL ] SELECT `u_name` FROM `dcxw_user` WHERE  `u_id` = 17 LIMIT 1 [ RunTime:0.000000s ]
[ sql ] [ SQL ] SELECT `u_job` FROM `dcxw_user` WHERE  `u_id` = 19 LIMIT 1 [ RunTime:0.001000s ]
[ sql ] [ SQL ] SELECT `u_name` FROM `dcxw_user` WHERE  `u_id` = 19 LIMIT 1 [ RunTime:0.000000s ]
[ sql ] [ SQL ] SELECT `u_job` FROM `dcxw_user` WHERE  `u_id` = 19 LIMIT 1 [ RunTime:0.000000s ]
[ sql ] [ SQL ] SELECT `u_name` FROM `dcxw_user` WHERE  `u_id` = 19 LIMIT 1 [ RunTime:0.001000s ]
[ sql ] [ SQL ] SELECT `u_job` FROM `dcxw_user` WHERE  `u_id` = 19 LIMIT 1 [ RunTime:0.000000s ]
[ sql ] [ SQL ] SELECT `u_name` FROM `dcxw_user` WHERE  `u_id` = 19 LIMIT 1 [ RunTime:0.000000s ]
[ sql ] [ SQL ] SELECT `u_job` FROM `dcxw_user` WHERE  `u_id` = 73 LIMIT 1 [ RunTime:0.001000s ]
[ sql ] [ SQL ] SELECT `u_name` FROM `dcxw_user` WHERE  `u_id` = 73 LIMIT 1 [ RunTime:0.000000s ]
[ sql ] [ SQL ] SELECT `u_job` FROM `dcxw_user` WHERE  `u_id` = 73 LIMIT 1 [ RunTime:0.000000s ]
[ sql ] [ SQL ] SELECT `u_name` FROM `dcxw_user` WHERE  `u_id` = 73 LIMIT 1 [ RunTime:0.000000s ]
[ sql ] [ SQL ] SELECT `u_job` FROM `dcxw_user` WHERE  `u_id` = 73 LIMIT 1 [ RunTime:0.001000s ]
[ sql ] [ SQL ] SELECT `u_name` FROM `dcxw_user` WHERE  `u_id` = 73 LIMIT 1 [ RunTime:0.000000s ]
---------------------------------------------------------------
[ 2018-12-11T10:19:15+08:00 ] 127.0.0.1 127.0.0.1 GET /admin/customer/index.html
[ info ] www.bbb.com/admin/customer/index.html [运行时间：0.048003s][吞吐率：20.83req/s] [内存消耗：1,543.91kb] [文件加载：47]
[ info ] [ LANG ] G:\xampp\htdocs\bbb\thinkphp\lang\zh-cn.php
[ info ] [ ROUTE ] array (
  'type' => 'module',
  'module' => 
  array (
    0 => 'admin',
    1 => 'customer',
    2 => 'index',
  ),
)
[ info ] [ HEADER ] array (
  'host' => 'www.bbb.com',
  'connection' => 'keep-alive',
  'upgrade-insecure-requests' => '1',
  'user-agent' => 'Mozilla/5.0 (Windows NT 6.1; Win64; x64) AppleWebKit/537.36 (KHTML, like Gecko) Chrome/68.0.3440.106 Safari/537.36',
  'accept' => 'text/html,application/xhtml+xml,application/xml;q=0.9,image/webp,image/apng,*/*;q=0.8',
  'referer' => 'http://www.bbb.com/admin/index/index.html',
  'accept-encoding' => 'gzip, deflate',
  'accept-language' => 'zh-CN,zh;q=0.9',
  'cookie' => 'UM_distinctid=165c8054c9284-062272fa320a7f-323b5b03-1fa400-165c8054c93808; gr_user_id=6dd39fe4-2773-44f6-ac77-0d4960055290; CNZZDATA1000353613=343486579-1536658864-http%253A%252F%252Fwww.bbb.com%252F%7C1536800850; Hm_lvt_7492c81cf0f836f83a82e76a134d25e2=1536659115,1536800847; 58325___929688_KS_58325___929688=605a224bc5a142cd8b2384ab3d412caa; POP800_VISIT_TIMES=2; POP800_VISITOR_ID_L=666F09007A17D84DA467814349C4912C; CNZZDATA1274542463=1363221369-1536803477-null%7C1536803746; PAGE_VIEW_TIMES=5; PHPSESSID=oko30q6i75ah8o7jedhi860hdb',
)
[ info ] [ PARAM ] array (
)
[ info ] [ SESSION ] INIT array (
  'id' => '',
  'var_session_id' => '',
  'prefix' => 'think',
  'type' => '',
  'auto_start' => true,
)
[ info ] [ RUN ] app\admin\controller\Customer->index[ G:\xampp\htdocs\bbb\application\admin\controller\Customer.php ]
[ info ] [ VIEW ] G:\xampp\htdocs\bbb\public/../application/admin\view\customer\index.html [ array (
) ]
[ info ] [ LOG ] INIT File
---------------------------------------------------------------
[ 2018-12-11T10:19:15+08:00 ] 127.0.0.1 127.0.0.1 GET /admin/customer/custData/?page=1&limit=20
[ info ] www.bbb.com/admin/customer/custData/?page=1&limit=20 [运行时间：0.042003s][吞吐率：23.81req/s] [内存消耗：2,089.15kb] [文件加载：53]
[ info ] [ LANG ] G:\xampp\htdocs\bbb\thinkphp\lang\zh-cn.php
[ info ] [ ROUTE ] array (
  'type' => 'module',
  'module' => 
  array (
    0 => 'admin',
    1 => 'customer',
    2 => 'custData',
  ),
)
[ info ] [ HEADER ] array (
  'host' => 'www.bbb.com',
  'connection' => 'keep-alive',
  'accept' => 'application/json, text/javascript, */*; q=0.01',
  'x-requested-with' => 'XMLHttpRequest',
  'user-agent' => 'Mozilla/5.0 (Windows NT 6.1; Win64; x64) AppleWebKit/537.36 (KHTML, like Gecko) Chrome/68.0.3440.106 Safari/537.36',
  'referer' => 'http://www.bbb.com/admin/customer/index.html',
  'accept-encoding' => 'gzip, deflate',
  'accept-language' => 'zh-CN,zh;q=0.9',
  'cookie' => 'UM_distinctid=165c8054c9284-062272fa320a7f-323b5b03-1fa400-165c8054c93808; gr_user_id=6dd39fe4-2773-44f6-ac77-0d4960055290; CNZZDATA1000353613=343486579-1536658864-http%253A%252F%252Fwww.bbb.com%252F%7C1536800850; Hm_lvt_7492c81cf0f836f83a82e76a134d25e2=1536659115,1536800847; 58325___929688_KS_58325___929688=605a224bc5a142cd8b2384ab3d412caa; POP800_VISIT_TIMES=2; POP800_VISITOR_ID_L=666F09007A17D84DA467814349C4912C; CNZZDATA1274542463=1363221369-1536803477-null%7C1536803746; PAGE_VIEW_TIMES=5; PHPSESSID=oko30q6i75ah8o7jedhi860hdb',
)
[ info ] [ PARAM ] array (
  'page' => '1',
  'limit' => '20',
)
[ info ] [ SESSION ] INIT array (
  'id' => '',
  'var_session_id' => '',
  'prefix' => 'think',
  'type' => '',
  'auto_start' => true,
)
[ info ] [ RUN ] app\admin\controller\Customer->custData[ G:\xampp\htdocs\bbb\application\admin\controller\Customer.php ]
[ info ] [ DB ] INIT mysql
[ info ] [ LOG ] INIT File
[ sql ] [ DB ] CONNECT:[ UseTime:0.011000s ] mysql:host=127.0.0.1;port=3306;dbname=ddxx;charset=utf8
[ sql ] [ SQL ] SHOW COLUMNS FROM `dcxw_customer` [ RunTime:0.004000s ]
[ sql ] [ SQL ] SELECT COUNT(*) AS tp_count FROM `dcxw_customer` INNER JOIN `dcxw_province` `dcxw_province` ON `dcxw_customer`.`cus_provid`=`dcxw_province`.`p_id` INNER JOIN `dcxw_city` `dcxw_city` ON `dcxw_customer`.`cus_cityid`=`dcxw_city`.`c_id` WHERE  (  1 = 1 ) LIMIT 1 [ RunTime:0.000000s ]
[ sql ] [ SQL ] SELECT * FROM `dcxw_customer` INNER JOIN `dcxw_province` `dcxw_province` ON `dcxw_customer`.`cus_provid`=`dcxw_province`.`p_id` INNER JOIN `dcxw_city` `dcxw_city` ON `dcxw_customer`.`cus_cityid`=`dcxw_city`.`c_id` WHERE  (  1 = 1 ) ORDER BY cus_id desc LIMIT 0,20 [ RunTime:0.001000s ]
---------------------------------------------------------------
[ 2018-12-11T11:34:32+08:00 ] 127.0.0.1 127.0.0.1 GET /admin/index/index.html
[ info ] www.bbb.com/admin/index/index.html [运行时间：0.109006s][吞吐率：9.17req/s] [内存消耗：2,309.51kb] [文件加载：54]
[ info ] [ LANG ] G:\xampp\htdocs\bbb\thinkphp\lang\zh-cn.php
[ info ] [ ROUTE ] array (
  'type' => 'module',
  'module' => 
  array (
    0 => 'admin',
    1 => 'index',
    2 => 'index',
  ),
)
[ info ] [ HEADER ] array (
  'host' => 'www.bbb.com',
  'connection' => 'keep-alive',
  'cache-control' => 'max-age=0',
  'upgrade-insecure-requests' => '1',
  'user-agent' => 'Mozilla/5.0 (Windows NT 6.1; Win64; x64) AppleWebKit/537.36 (KHTML, like Gecko) Chrome/68.0.3440.106 Safari/537.36',
  'accept' => 'text/html,application/xhtml+xml,application/xml;q=0.9,image/webp,image/apng,*/*;q=0.8',
  'referer' => 'http://www.bbb.com/admin/login/login.html',
  'accept-encoding' => 'gzip, deflate',
  'accept-language' => 'zh-CN,zh;q=0.9',
  'cookie' => 'UM_distinctid=165c8054c9284-062272fa320a7f-323b5b03-1fa400-165c8054c93808; gr_user_id=6dd39fe4-2773-44f6-ac77-0d4960055290; CNZZDATA1000353613=343486579-1536658864-http%253A%252F%252Fwww.bbb.com%252F%7C1536800850; Hm_lvt_7492c81cf0f836f83a82e76a134d25e2=1536659115,1536800847; 58325___929688_KS_58325___929688=605a224bc5a142cd8b2384ab3d412caa; POP800_VISIT_TIMES=2; POP800_VISITOR_ID_L=666F09007A17D84DA467814349C4912C; CNZZDATA1274542463=1363221369-1536803477-null%7C1536803746; PAGE_VIEW_TIMES=5; PHPSESSID=oko30q6i75ah8o7jedhi860hdb',
)
[ info ] [ PARAM ] array (
)
[ info ] [ SESSION ] INIT array (
  'id' => '',
  'var_session_id' => '',
  'prefix' => 'think',
  'type' => '',
  'auto_start' => true,
)
[ info ] [ RUN ] app\admin\controller\Index->index[ G:\xampp\htdocs\bbb\application\admin\controller\Index.php ]
[ info ] [ DB ] INIT mysql
[ info ] [ VIEW ] G:\xampp\htdocs\bbb\public/../application/admin\view\index\index.html [ array (
  0 => 'branchWeb',
  1 => 'admin',
  2 => 'menuList',
  3 => 'siteName',
  4 => 'ad_role',
) ]
[ info ] [ LOG ] INIT File
[ sql ] [ DB ] CONNECT:[ UseTime:0.001000s ] mysql:host=127.0.0.1;port=3306;dbname=ddxx;charset=utf8
[ sql ] [ SQL ] SHOW COLUMNS FROM `dcxw_admin` [ RunTime:0.003000s ]
[ sql ] [ SQL ] SELECT * FROM `dcxw_admin` `admin` INNER JOIN `dcxw_role` `role` ON `admin`.`ad_role`=`role`.`r_id` WHERE  `admin`.`ad_id` = 1 LIMIT 1 [ RunTime:0.000000s ]
[ sql ] [ SQL ] SHOW COLUMNS FROM `dcxw_menu` [ RunTime:0.003000s ]
[ sql ] [ SQL ] SELECT * FROM `dcxw_menu` WHERE  `m_id` = 22 LIMIT 1 [ RunTime:0.001001s ]
[ sql ] [ SQL ] SELECT * FROM `dcxw_menu` WHERE  `m_id` = 23 LIMIT 1 [ RunTime:0.000000s ]
[ sql ] [ SQL ] SELECT * FROM `dcxw_menu` WHERE  `m_id` = 60 LIMIT 1 [ RunTime:0.001000s ]
[ sql ] [ SQL ] SELECT * FROM `dcxw_menu` WHERE  `m_id` = 61 LIMIT 1 [ RunTime:0.001000s ]
[ sql ] [ SQL ] SELECT * FROM `dcxw_menu` WHERE  `m_id` = 62 LIMIT 1 [ RunTime:0.000000s ]
[ sql ] [ SQL ] SELECT * FROM `dcxw_menu` WHERE  `m_id` = 156 LIMIT 1 [ RunTime:0.001000s ]
[ sql ] [ SQL ] SELECT * FROM `dcxw_menu` WHERE  `m_id` = 29 LIMIT 1 [ RunTime:0.000000s ]
[ sql ] [ SQL ] SELECT * FROM `dcxw_menu` WHERE  `m_id` = 30 LIMIT 1 [ RunTime:0.000000s ]
[ sql ] [ SQL ] SELECT * FROM `dcxw_menu` WHERE  `m_id` = 42 LIMIT 1 [ RunTime:0.000000s ]
[ sql ] [ SQL ] SELECT * FROM `dcxw_menu` WHERE  `m_id` = 43 LIMIT 1 [ RunTime:0.000000s ]
[ sql ] [ SQL ] SELECT * FROM `dcxw_menu` WHERE  `m_id` = 44 LIMIT 1 [ RunTime:0.001000s ]
[ sql ] [ SQL ] SELECT * FROM `dcxw_menu` WHERE  `m_id` = 31 LIMIT 1 [ RunTime:0.000000s ]
[ sql ] [ SQL ] SELECT * FROM `dcxw_menu` WHERE  `m_id` = 83 LIMIT 1 [ RunTime:0.001000s ]
[ sql ] [ SQL ] SELECT * FROM `dcxw_menu` WHERE  `m_id` = 108 LIMIT 1 [ RunTime:0.000000s ]
[ sql ] [ SQL ] SELECT * FROM `dcxw_menu` WHERE  `m_id` = 109 LIMIT 1 [ RunTime:0.001000s ]
[ sql ] [ SQL ] SELECT * FROM `dcxw_menu` WHERE  `m_id` = 110 LIMIT 1 [ RunTime:0.000000s ]
[ sql ] [ SQL ] SELECT * FROM `dcxw_menu` WHERE  `m_id` = 10 LIMIT 1 [ RunTime:0.001000s ]
[ sql ] [ SQL ] SELECT * FROM `dcxw_menu` WHERE  `m_id` = 11 LIMIT 1 [ RunTime:0.000000s ]
[ sql ] [ SQL ] SELECT * FROM `dcxw_menu` WHERE  `m_id` = 114 LIMIT 1 [ RunTime:0.001000s ]
[ sql ] [ SQL ] SELECT * FROM `dcxw_menu` WHERE  `m_id` = 115 LIMIT 1 [ RunTime:0.000000s ]
[ sql ] [ SQL ] SELECT * FROM `dcxw_menu` WHERE  `m_id` = 116 LIMIT 1 [ RunTime:0.001000s ]
[ sql ] [ SQL ] SELECT * FROM `dcxw_menu` WHERE  `m_id` = 87 LIMIT 1 [ RunTime:0.000000s ]
[ sql ] [ SQL ] SELECT * FROM `dcxw_menu` WHERE  `m_id` = 119 LIMIT 1 [ RunTime:0.001000s ]
[ sql ] [ SQL ] SELECT * FROM `dcxw_menu` WHERE  `m_id` = 120 LIMIT 1 [ RunTime:0.000000s ]
[ sql ] [ SQL ] SELECT * FROM `dcxw_menu` WHERE  `m_id` = 121 LIMIT 1 [ RunTime:0.001000s ]
[ sql ] [ SQL ] SELECT * FROM `dcxw_menu` WHERE  `m_id` = 19 LIMIT 1 [ RunTime:0.000000s ]
[ sql ] [ SQL ] SELECT * FROM `dcxw_menu` WHERE  `m_id` = 122 LIMIT 1 [ RunTime:0.001000s ]
[ sql ] [ SQL ] SELECT * FROM `dcxw_menu` WHERE  `m_id` = 123 LIMIT 1 [ RunTime:0.000000s ]
[ sql ] [ SQL ] SELECT * FROM `dcxw_menu` WHERE  `m_id` = 124 LIMIT 1 [ RunTime:0.001000s ]
[ sql ] [ SQL ] SELECT * FROM `dcxw_menu` WHERE  `m_id` = 20 LIMIT 1 [ RunTime:0.000000s ]
[ sql ] [ SQL ] SELECT * FROM `dcxw_menu` WHERE  `m_id` = 125 LIMIT 1 [ RunTime:0.000000s ]
[ sql ] [ SQL ] SELECT * FROM `dcxw_menu` WHERE  `m_id` = 126 LIMIT 1 [ RunTime:0.000000s ]
[ sql ] [ SQL ] SELECT * FROM `dcxw_menu` WHERE  `m_id` = 127 LIMIT 1 [ RunTime:0.000000s ]
[ sql ] [ SQL ] SELECT * FROM `dcxw_menu` WHERE  `m_id` = 21 LIMIT 1 [ RunTime:0.000000s ]
[ sql ] [ SQL ] SELECT * FROM `dcxw_menu` WHERE  `m_id` = 128 LIMIT 1 [ RunTime:0.000000s ]
[ sql ] [ SQL ] SELECT * FROM `dcxw_menu` WHERE  `m_id` = 129 LIMIT 1 [ RunTime:0.000000s ]
[ sql ] [ SQL ] SELECT * FROM `dcxw_menu` WHERE  `m_id` = 130 LIMIT 1 [ RunTime:0.001000s ]
[ sql ] [ SQL ] SELECT * FROM `dcxw_menu` WHERE  `m_id` = 1 LIMIT 1 [ RunTime:0.000000s ]
[ sql ] [ SQL ] SELECT * FROM `dcxw_menu` WHERE  `m_id` = 2 LIMIT 1 [ RunTime:0.001000s ]
[ sql ] [ SQL ] SELECT * FROM `dcxw_menu` WHERE  `m_id` = 70 LIMIT 1 [ RunTime:0.000000s ]
[ sql ] [ SQL ] SELECT * FROM `dcxw_menu` WHERE  `m_id` = 71 LIMIT 1 [ RunTime:0.000000s ]
[ sql ] [ SQL ] SELECT * FROM `dcxw_menu` WHERE  `m_id` = 72 LIMIT 1 [ RunTime:0.000000s ]
[ sql ] [ SQL ] SELECT * FROM `dcxw_menu` WHERE  `m_id` = 4 LIMIT 1 [ RunTime:0.000000s ]
[ sql ] [ SQL ] SELECT * FROM `dcxw_menu` WHERE  `m_id` = 76 LIMIT 1 [ RunTime:0.000000s ]
[ sql ] [ SQL ] SELECT * FROM `dcxw_menu` WHERE  `m_id` = 77 LIMIT 1 [ RunTime:0.000000s ]
[ sql ] [ SQL ] SELECT * FROM `dcxw_menu` WHERE  `m_id` = 78 LIMIT 1 [ RunTime:0.000000s ]
[ sql ] [ SQL ] SELECT * FROM `dcxw_menu` WHERE  `m_id` = 136 LIMIT 1 [ RunTime:0.000000s ]
[ sql ] [ SQL ] SELECT * FROM `dcxw_menu` WHERE  `m_id` = 137 LIMIT 1 [ RunTime:0.000000s ]
[ sql ] [ SQL ] SELECT * FROM `dcxw_menu` WHERE  `m_id` = 140 LIMIT 1 [ RunTime:0.000000s ]
[ sql ] [ SQL ] SELECT * FROM `dcxw_menu` WHERE  `m_id` = 139 LIMIT 1 [ RunTime:0.000000s ]
[ sql ] [ SQL ] SELECT * FROM `dcxw_menu` WHERE  `m_id` = 141 LIMIT 1 [ RunTime:0.000000s ]
[ sql ] [ SQL ] SELECT * FROM `dcxw_menu` WHERE  `m_id` = 142 LIMIT 1 [ RunTime:0.000000s ]
[ sql ] [ SQL ] SELECT * FROM `dcxw_menu` WHERE  `m_id` = 143 LIMIT 1 [ RunTime:0.001000s ]
[ sql ] [ SQL ] SELECT * FROM `dcxw_menu` WHERE  `m_id` = 157 LIMIT 1 [ RunTime:0.000000s ]
[ sql ] [ SQL ] SELECT * FROM `dcxw_menu` WHERE  `m_id` = 158 LIMIT 1 [ RunTime:0.001000s ]
[ sql ] [ SQL ] SELECT * FROM `dcxw_menu` WHERE  `m_id` = 144 LIMIT 1 [ RunTime:0.000000s ]
[ sql ] [ SQL ] SELECT * FROM `dcxw_menu` WHERE  `m_id` = 145 LIMIT 1 [ RunTime:0.001000s ]
[ sql ] [ SQL ] SELECT * FROM `dcxw_menu` WHERE  `m_id` = 146 LIMIT 1 [ RunTime:0.000000s ]
[ sql ] [ SQL ] SELECT * FROM `dcxw_menu` WHERE  `m_id` = 147 LIMIT 1 [ RunTime:0.001000s ]
[ sql ] [ SQL ] SELECT * FROM `dcxw_menu` WHERE  `m_id` = 148 LIMIT 1 [ RunTime:0.000000s ]
[ sql ] [ SQL ] SELECT * FROM `dcxw_menu` WHERE  `m_id` = 149 LIMIT 1 [ RunTime:0.001000s ]
[ sql ] [ SQL ] SELECT * FROM `dcxw_menu` WHERE  `m_id` = 150 LIMIT 1 [ RunTime:0.000000s ]
[ sql ] [ SQL ] SELECT * FROM `dcxw_menu` WHERE  `m_id` = 151 LIMIT 1 [ RunTime:0.001000s ]
[ sql ] [ SQL ] SELECT * FROM `dcxw_menu` WHERE  `m_id` = 152 LIMIT 1 [ RunTime:0.000000s ]
[ sql ] [ SQL ] SELECT * FROM `dcxw_menu` WHERE  `m_id` = 153 LIMIT 1 [ RunTime:0.001000s ]
[ sql ] [ SQL ] SELECT * FROM `dcxw_menu` WHERE  `m_id` = 154 LIMIT 1 [ RunTime:0.000000s ]
[ sql ] [ SQL ] SELECT * FROM `dcxw_menu` WHERE  `m_id` = 155 LIMIT 1 [ RunTime:0.001000s ]
[ sql ] [ SQL ] SELECT * FROM `dcxw_menu` WHERE  `m_id` = 159 LIMIT 1 [ RunTime:0.000000s ]
[ sql ] [ SQL ] SELECT * FROM `dcxw_menu` WHERE  `m_id` = 160 LIMIT 1 [ RunTime:0.001001s ]
[ sql ] [ SQL ] SELECT * FROM `dcxw_admin` INNER JOIN `dcxw_role` `dcxw_role` ON `dcxw_admin`.`ad_role`=`dcxw_role`.`r_id` WHERE  `ad_id` = 1 LIMIT 1 [ RunTime:0.001000s ]
[ sql ] [ SQL ] SHOW COLUMNS FROM `dcxw_branch` [ RunTime:0.003000s ]
[ sql ] [ SQL ] SELECT `b_prex` FROM `dcxw_branch` WHERE  `b_id` = 22 LIMIT 1 [ RunTime:0.000000s ]
[ sql ] [ SQL ] SHOW COLUMNS FROM `dcxw_setinfo` [ RunTime:0.002000s ]
[ sql ] [ SQL ] SELECT `s_value` FROM `dcxw_setinfo` WHERE  `s_key` = 'webname' [ RunTime:0.000000s ]
---------------------------------------------------------------
[ 2018-12-11T11:34:32+08:00 ] 127.0.0.1 127.0.0.1 GET /admin/index/welcome.html
[ info ] www.bbb.com/admin/index/welcome.html [运行时间：0.021002s][吞吐率：47.61req/s] [内存消耗：1,474.46kb] [文件加载：46]
[ info ] [ LANG ] G:\xampp\htdocs\bbb\thinkphp\lang\zh-cn.php
[ info ] [ ROUTE ] array (
  'type' => 'module',
  'module' => 
  array (
    0 => 'admin',
    1 => 'index',
    2 => 'welcome',
  ),
)
[ info ] [ HEADER ] array (
  'host' => 'www.bbb.com',
  'connection' => 'keep-alive',
  'upgrade-insecure-requests' => '1',
  'user-agent' => 'Mozilla/5.0 (Windows NT 6.1; Win64; x64) AppleWebKit/537.36 (KHTML, like Gecko) Chrome/68.0.3440.106 Safari/537.36',
  'accept' => 'text/html,application/xhtml+xml,application/xml;q=0.9,image/webp,image/apng,*/*;q=0.8',
  'referer' => 'http://www.bbb.com/admin/index/index.html',
  'accept-encoding' => 'gzip, deflate',
  'accept-language' => 'zh-CN,zh;q=0.9',
  'cookie' => 'UM_distinctid=165c8054c9284-062272fa320a7f-323b5b03-1fa400-165c8054c93808; gr_user_id=6dd39fe4-2773-44f6-ac77-0d4960055290; CNZZDATA1000353613=343486579-1536658864-http%253A%252F%252Fwww.bbb.com%252F%7C1536800850; Hm_lvt_7492c81cf0f836f83a82e76a134d25e2=1536659115,1536800847; 58325___929688_KS_58325___929688=605a224bc5a142cd8b2384ab3d412caa; POP800_VISIT_TIMES=2; POP800_VISITOR_ID_L=666F09007A17D84DA467814349C4912C; CNZZDATA1274542463=1363221369-1536803477-null%7C1536803746; PAGE_VIEW_TIMES=5; PHPSESSID=oko30q6i75ah8o7jedhi860hdb',
)
[ info ] [ PARAM ] array (
)
[ info ] [ SESSION ] INIT array (
  'id' => '',
  'var_session_id' => '',
  'prefix' => 'think',
  'type' => '',
  'auto_start' => true,
)
[ info ] [ RUN ] app\admin\controller\Index->welcome[ G:\xampp\htdocs\bbb\application\admin\controller\Index.php ]
[ info ] [ VIEW ] G:\xampp\htdocs\bbb\public/../application/admin\view\index\welcome.html [ array (
) ]
[ info ] [ LOG ] INIT File
---------------------------------------------------------------
[ 2018-12-11T11:34:58+08:00 ] 127.0.0.1 127.0.0.1 GET /admin/banner/banner.html
[ info ] www.bbb.com/admin/banner/banner.html [运行时间：0.046003s][吞吐率：21.74req/s] [内存消耗：1,614.15kb] [文件加载：47]
[ info ] [ LANG ] G:\xampp\htdocs\bbb\thinkphp\lang\zh-cn.php
[ info ] [ ROUTE ] array (
  'type' => 'module',
  'module' => 
  array (
    0 => 'admin',
    1 => 'banner',
    2 => 'banner',
  ),
)
[ info ] [ HEADER ] array (
  'host' => 'www.bbb.com',
  'connection' => 'keep-alive',
  'upgrade-insecure-requests' => '1',
  'user-agent' => 'Mozilla/5.0 (Windows NT 6.1; Win64; x64) AppleWebKit/537.36 (KHTML, like Gecko) Chrome/68.0.3440.106 Safari/537.36',
  'accept' => 'text/html,application/xhtml+xml,application/xml;q=0.9,image/webp,image/apng,*/*;q=0.8',
  'referer' => 'http://www.bbb.com/admin/index/index.html',
  'accept-encoding' => 'gzip, deflate',
  'accept-language' => 'zh-CN,zh;q=0.9',
  'cookie' => 'UM_distinctid=165c8054c9284-062272fa320a7f-323b5b03-1fa400-165c8054c93808; gr_user_id=6dd39fe4-2773-44f6-ac77-0d4960055290; CNZZDATA1000353613=343486579-1536658864-http%253A%252F%252Fwww.bbb.com%252F%7C1536800850; Hm_lvt_7492c81cf0f836f83a82e76a134d25e2=1536659115,1536800847; 58325___929688_KS_58325___929688=605a224bc5a142cd8b2384ab3d412caa; POP800_VISIT_TIMES=2; POP800_VISITOR_ID_L=666F09007A17D84DA467814349C4912C; CNZZDATA1274542463=1363221369-1536803477-null%7C1536803746; PAGE_VIEW_TIMES=5; PHPSESSID=oko30q6i75ah8o7jedhi860hdb',
)
[ info ] [ PARAM ] array (
)
[ info ] [ SESSION ] INIT array (
  'id' => '',
  'var_session_id' => '',
  'prefix' => 'think',
  'type' => '',
  'auto_start' => true,
)
[ info ] [ RUN ] app\admin\controller\Banner->banner[ G:\xampp\htdocs\bbb\application\admin\controller\Banner.php ]
[ info ] [ VIEW ] G:\xampp\htdocs\bbb\public/../application/admin\view\banner\banner.html [ array (
) ]
[ info ] [ LOG ] INIT File
---------------------------------------------------------------
[ 2018-12-11T11:34:58+08:00 ] 127.0.0.1 127.0.0.1 GET /admin/banner/bannerPc/?page=1&limit=15
[ info ] www.bbb.com/admin/banner/bannerPc/?page=1&limit=15 [运行时间：0.033001s][吞吐率：30.30req/s] [内存消耗：2,155.95kb] [文件加载：53]
[ info ] [ LANG ] G:\xampp\htdocs\bbb\thinkphp\lang\zh-cn.php
[ info ] [ ROUTE ] array (
  'type' => 'module',
  'module' => 
  array (
    0 => 'admin',
    1 => 'banner',
    2 => 'bannerPc',
  ),
)
[ info ] [ HEADER ] array (
  'host' => 'www.bbb.com',
  'connection' => 'keep-alive',
  'accept' => 'application/json, text/javascript, */*; q=0.01',
  'x-requested-with' => 'XMLHttpRequest',
  'user-agent' => 'Mozilla/5.0 (Windows NT 6.1; Win64; x64) AppleWebKit/537.36 (KHTML, like Gecko) Chrome/68.0.3440.106 Safari/537.36',
  'referer' => 'http://www.bbb.com/admin/banner/banner.html',
  'accept-encoding' => 'gzip, deflate',
  'accept-language' => 'zh-CN,zh;q=0.9',
  'cookie' => 'UM_distinctid=165c8054c9284-062272fa320a7f-323b5b03-1fa400-165c8054c93808; gr_user_id=6dd39fe4-2773-44f6-ac77-0d4960055290; CNZZDATA1000353613=343486579-1536658864-http%253A%252F%252Fwww.bbb.com%252F%7C1536800850; Hm_lvt_7492c81cf0f836f83a82e76a134d25e2=1536659115,1536800847; 58325___929688_KS_58325___929688=605a224bc5a142cd8b2384ab3d412caa; POP800_VISIT_TIMES=2; POP800_VISITOR_ID_L=666F09007A17D84DA467814349C4912C; CNZZDATA1274542463=1363221369-1536803477-null%7C1536803746; PAGE_VIEW_TIMES=5; PHPSESSID=oko30q6i75ah8o7jedhi860hdb',
)
[ info ] [ PARAM ] array (
  'page' => '1',
  'limit' => '15',
)
[ info ] [ SESSION ] INIT array (
  'id' => '',
  'var_session_id' => '',
  'prefix' => 'think',
  'type' => '',
  'auto_start' => true,
)
[ info ] [ RUN ] app\admin\controller\Banner->bannerPC[ G:\xampp\htdocs\bbb\application\admin\controller\Banner.php ]
[ info ] [ DB ] INIT mysql
[ info ] [ LOG ] INIT File
[ sql ] [ DB ] CONNECT:[ UseTime:0.001000s ] mysql:host=127.0.0.1;port=3306;dbname=ddxx;charset=utf8
[ sql ] [ SQL ] SHOW COLUMNS FROM `dcxw_banner` [ RunTime:0.002000s ]
[ sql ] [ SQL ] SELECT COUNT(*) AS tp_count FROM `dcxw_banner` INNER JOIN `dcxw_admin` `dcxw_admin` ON `dcxw_banner`.`ba_admin`=`dcxw_admin`.`ad_id` WHERE  (   1 = 1  ) LIMIT 1 [ RunTime:0.001000s ]
[ sql ] [ SQL ] SELECT `dcxw_banner`.*,`dcxw_admin`.`ad_realname` FROM `dcxw_banner` INNER JOIN `dcxw_admin` `dcxw_admin` ON `dcxw_banner`.`ba_admin`=`dcxw_admin`.`ad_id` WHERE  (   1 = 1  ) ORDER BY ba_isable,ba_branch desc ,ba_order desc ,ba_createtime desc LIMIT 0,15 [ RunTime:0.001000s ]
---------------------------------------------------------------
[ 2018-12-11T11:34:58+08:00 ] 127.0.0.1 127.0.0.1 GET /uploads/banner/20181031/38318eac295109bda5c152ab8fe953ab.jpg
[ info ] www.bbb.com/uploads/banner/20181031/38318eac295109bda5c152ab8fe953ab.jpg [运行时间：0.017001s][吞吐率：58.82req/s] [内存消耗：1,277.26kb] [文件加载：41]
[ info ] [ LANG ] G:\xampp\htdocs\bbb\thinkphp\lang\zh-cn.php
[ info ] [ ROUTE ] array (
  'type' => 'module',
  'module' => 
  array (
    0 => 'uploads',
    1 => 'banner',
    2 => '20181031',
  ),
)
[ info ] [ HEADER ] array (
  'host' => 'www.bbb.com',
  'connection' => 'keep-alive',
  'user-agent' => 'Mozilla/5.0 (Windows NT 6.1; Win64; x64) AppleWebKit/537.36 (KHTML, like Gecko) Chrome/68.0.3440.106 Safari/537.36',
  'accept' => 'image/webp,image/apng,image/*,*/*;q=0.8',
  'referer' => 'http://www.bbb.com/admin/banner/banner.html',
  'accept-encoding' => 'gzip, deflate',
  'accept-language' => 'zh-CN,zh;q=0.9',
  'cookie' => 'UM_distinctid=165c8054c9284-062272fa320a7f-323b5b03-1fa400-165c8054c93808; gr_user_id=6dd39fe4-2773-44f6-ac77-0d4960055290; CNZZDATA1000353613=343486579-1536658864-http%253A%252F%252Fwww.bbb.com%252F%7C1536800850; Hm_lvt_7492c81cf0f836f83a82e76a134d25e2=1536659115,1536800847; 58325___929688_KS_58325___929688=605a224bc5a142cd8b2384ab3d412caa; POP800_VISIT_TIMES=2; POP800_VISITOR_ID_L=666F09007A17D84DA467814349C4912C; CNZZDATA1274542463=1363221369-1536803477-null%7C1536803746; PAGE_VIEW_TIMES=5; PHPSESSID=oko30q6i75ah8o7jedhi860hdb',
)
[ info ] [ PARAM ] array (
)
[ info ] [ LOG ] INIT File
---------------------------------------------------------------
[ 2018-12-11T11:34:58+08:00 ] 127.0.0.1 127.0.0.1 GET /admin/banner/%7B%7B%20d.ba_img%7D%7D
[ info ] www.bbb.com/admin/banner/%7B%7B%20d.ba_img%7D%7D [运行时间：0.022001s][吞吐率：45.45req/s] [内存消耗：1,593.45kb] [文件加载：49]
[ info ] [ LANG ] G:\xampp\htdocs\bbb\thinkphp\lang\zh-cn.php
[ info ] [ ROUTE ] array (
  'type' => 'module',
  'module' => 
  array (
    0 => 'admin',
    1 => 'banner',
    2 => '{{ d.ba_img}}',
  ),
)
[ info ] [ HEADER ] array (
  'host' => 'www.bbb.com',
  'connection' => 'keep-alive',
  'user-agent' => 'Mozilla/5.0 (Windows NT 6.1; Win64; x64) AppleWebKit/537.36 (KHTML, like Gecko) Chrome/68.0.3440.106 Safari/537.36',
  'accept' => 'image/webp,image/apng,image/*,*/*;q=0.8',
  'referer' => 'http://www.bbb.com/admin/banner/banner.html',
  'accept-encoding' => 'gzip, deflate',
  'accept-language' => 'zh-CN,zh;q=0.9',
  'cookie' => 'UM_distinctid=165c8054c9284-062272fa320a7f-323b5b03-1fa400-165c8054c93808; gr_user_id=6dd39fe4-2773-44f6-ac77-0d4960055290; CNZZDATA1000353613=343486579-1536658864-http%253A%252F%252Fwww.bbb.com%252F%7C1536800850; Hm_lvt_7492c81cf0f836f83a82e76a134d25e2=1536659115,1536800847; 58325___929688_KS_58325___929688=605a224bc5a142cd8b2384ab3d412caa; POP800_VISIT_TIMES=2; POP800_VISITOR_ID_L=666F09007A17D84DA467814349C4912C; CNZZDATA1274542463=1363221369-1536803477-null%7C1536803746; PAGE_VIEW_TIMES=5; PHPSESSID=oko30q6i75ah8o7jedhi860hdb',
)
[ info ] [ PARAM ] array (
)
[ info ] [ SESSION ] INIT array (
  'id' => '',
  'var_session_id' => '',
  'prefix' => 'think',
  'type' => '',
  'auto_start' => true,
)
[ info ] [ LOG ] INIT File
---------------------------------------------------------------
[ 2018-12-11T11:34:58+08:00 ] 127.0.0.1 127.0.0.1 GET /uploads/banner/20181031/55fc3a078df5bc639daf32e5ddbb09ae.png
[ info ] www.bbb.com/uploads/banner/20181031/55fc3a078df5bc639daf32e5ddbb09ae.png [运行时间：0.020001s][吞吐率：50.00req/s] [内存消耗：1,277.26kb] [文件加载：41]
[ info ] [ LANG ] G:\xampp\htdocs\bbb\thinkphp\lang\zh-cn.php
[ info ] [ ROUTE ] array (
  'type' => 'module',
  'module' => 
  array (
    0 => 'uploads',
    1 => 'banner',
    2 => '20181031',
  ),
)
[ info ] [ HEADER ] array (
  'host' => 'www.bbb.com',
  'connection' => 'keep-alive',
  'user-agent' => 'Mozilla/5.0 (Windows NT 6.1; Win64; x64) AppleWebKit/537.36 (KHTML, like Gecko) Chrome/68.0.3440.106 Safari/537.36',
  'accept' => 'image/webp,image/apng,image/*,*/*;q=0.8',
  'referer' => 'http://www.bbb.com/admin/banner/banner.html',
  'accept-encoding' => 'gzip, deflate',
  'accept-language' => 'zh-CN,zh;q=0.9',
  'cookie' => 'UM_distinctid=165c8054c9284-062272fa320a7f-323b5b03-1fa400-165c8054c93808; gr_user_id=6dd39fe4-2773-44f6-ac77-0d4960055290; CNZZDATA1000353613=343486579-1536658864-http%253A%252F%252Fwww.bbb.com%252F%7C1536800850; Hm_lvt_7492c81cf0f836f83a82e76a134d25e2=1536659115,1536800847; 58325___929688_KS_58325___929688=605a224bc5a142cd8b2384ab3d412caa; POP800_VISIT_TIMES=2; POP800_VISITOR_ID_L=666F09007A17D84DA467814349C4912C; CNZZDATA1274542463=1363221369-1536803477-null%7C1536803746; PAGE_VIEW_TIMES=5; PHPSESSID=oko30q6i75ah8o7jedhi860hdb',
)
[ info ] [ PARAM ] array (
)
[ info ] [ LOG ] INIT File
---------------------------------------------------------------
[ 2018-12-11T11:34:58+08:00 ] 127.0.0.1 127.0.0.1 GET /uploads/banner/20181031/38f2c25d226302294cc83016964a425f.png
[ info ] www.bbb.com/uploads/banner/20181031/38f2c25d226302294cc83016964a425f.png [运行时间：0.020001s][吞吐率：50.00req/s] [内存消耗：1,277.26kb] [文件加载：41]
[ info ] [ LANG ] G:\xampp\htdocs\bbb\thinkphp\lang\zh-cn.php
[ info ] [ ROUTE ] array (
  'type' => 'module',
  'module' => 
  array (
    0 => 'uploads',
    1 => 'banner',
    2 => '20181031',
  ),
)
[ info ] [ HEADER ] array (
  'host' => 'www.bbb.com',
  'connection' => 'keep-alive',
  'user-agent' => 'Mozilla/5.0 (Windows NT 6.1; Win64; x64) AppleWebKit/537.36 (KHTML, like Gecko) Chrome/68.0.3440.106 Safari/537.36',
  'accept' => 'image/webp,image/apng,image/*,*/*;q=0.8',
  'referer' => 'http://www.bbb.com/admin/banner/banner.html',
  'accept-encoding' => 'gzip, deflate',
  'accept-language' => 'zh-CN,zh;q=0.9',
  'cookie' => 'UM_distinctid=165c8054c9284-062272fa320a7f-323b5b03-1fa400-165c8054c93808; gr_user_id=6dd39fe4-2773-44f6-ac77-0d4960055290; CNZZDATA1000353613=343486579-1536658864-http%253A%252F%252Fwww.bbb.com%252F%7C1536800850; Hm_lvt_7492c81cf0f836f83a82e76a134d25e2=1536659115,1536800847; 58325___929688_KS_58325___929688=605a224bc5a142cd8b2384ab3d412caa; POP800_VISIT_TIMES=2; POP800_VISITOR_ID_L=666F09007A17D84DA467814349C4912C; CNZZDATA1274542463=1363221369-1536803477-null%7C1536803746; PAGE_VIEW_TIMES=5; PHPSESSID=oko30q6i75ah8o7jedhi860hdb',
)
[ info ] [ PARAM ] array (
)
[ info ] [ LOG ] INIT File
---------------------------------------------------------------
[ 2018-12-11T11:34:58+08:00 ] 127.0.0.1 127.0.0.1 GET /uploads/banner/20181030/17b536f248a25382d7e14b391714f8ed.jpg
[ info ] www.bbb.com/uploads/banner/20181030/17b536f248a25382d7e14b391714f8ed.jpg [运行时间：0.017001s][吞吐率：58.82req/s] [内存消耗：1,277.26kb] [文件加载：41]
[ info ] [ LANG ] G:\xampp\htdocs\bbb\thinkphp\lang\zh-cn.php
[ info ] [ ROUTE ] array (
  'type' => 'module',
  'module' => 
  array (
    0 => 'uploads',
    1 => 'banner',
    2 => '20181030',
  ),
)
[ info ] [ HEADER ] array (
  'host' => 'www.bbb.com',
  'connection' => 'keep-alive',
  'user-agent' => 'Mozilla/5.0 (Windows NT 6.1; Win64; x64) AppleWebKit/537.36 (KHTML, like Gecko) Chrome/68.0.3440.106 Safari/537.36',
  'accept' => 'image/webp,image/apng,image/*,*/*;q=0.8',
  'referer' => 'http://www.bbb.com/admin/banner/banner.html',
  'accept-encoding' => 'gzip, deflate',
  'accept-language' => 'zh-CN,zh;q=0.9',
  'cookie' => 'UM_distinctid=165c8054c9284-062272fa320a7f-323b5b03-1fa400-165c8054c93808; gr_user_id=6dd39fe4-2773-44f6-ac77-0d4960055290; CNZZDATA1000353613=343486579-1536658864-http%253A%252F%252Fwww.bbb.com%252F%7C1536800850; Hm_lvt_7492c81cf0f836f83a82e76a134d25e2=1536659115,1536800847; 58325___929688_KS_58325___929688=605a224bc5a142cd8b2384ab3d412caa; POP800_VISIT_TIMES=2; POP800_VISITOR_ID_L=666F09007A17D84DA467814349C4912C; CNZZDATA1274542463=1363221369-1536803477-null%7C1536803746; PAGE_VIEW_TIMES=5; PHPSESSID=oko30q6i75ah8o7jedhi860hdb',
)
[ info ] [ PARAM ] array (
)
[ info ] [ LOG ] INIT File
---------------------------------------------------------------
[ 2018-12-11T11:34:58+08:00 ] 127.0.0.1 127.0.0.1 GET /uploads/banner/20181031/227e99cacb574bd29f2595453efcdf2e.jpg
[ info ] www.bbb.com/uploads/banner/20181031/227e99cacb574bd29f2595453efcdf2e.jpg [运行时间：0.023001s][吞吐率：43.48req/s] [内存消耗：1,277.26kb] [文件加载：41]
[ info ] [ LANG ] G:\xampp\htdocs\bbb\thinkphp\lang\zh-cn.php
[ info ] [ ROUTE ] array (
  'type' => 'module',
  'module' => 
  array (
    0 => 'uploads',
    1 => 'banner',
    2 => '20181031',
  ),
)
[ info ] [ HEADER ] array (
  'host' => 'www.bbb.com',
  'connection' => 'keep-alive',
  'user-agent' => 'Mozilla/5.0 (Windows NT 6.1; Win64; x64) AppleWebKit/537.36 (KHTML, like Gecko) Chrome/68.0.3440.106 Safari/537.36',
  'accept' => 'image/webp,image/apng,image/*,*/*;q=0.8',
  'referer' => 'http://www.bbb.com/admin/banner/banner.html',
  'accept-encoding' => 'gzip, deflate',
  'accept-language' => 'zh-CN,zh;q=0.9',
  'cookie' => 'UM_distinctid=165c8054c9284-062272fa320a7f-323b5b03-1fa400-165c8054c93808; gr_user_id=6dd39fe4-2773-44f6-ac77-0d4960055290; CNZZDATA1000353613=343486579-1536658864-http%253A%252F%252Fwww.bbb.com%252F%7C1536800850; Hm_lvt_7492c81cf0f836f83a82e76a134d25e2=1536659115,1536800847; 58325___929688_KS_58325___929688=605a224bc5a142cd8b2384ab3d412caa; POP800_VISIT_TIMES=2; POP800_VISITOR_ID_L=666F09007A17D84DA467814349C4912C; CNZZDATA1274542463=1363221369-1536803477-null%7C1536803746; PAGE_VIEW_TIMES=5; PHPSESSID=oko30q6i75ah8o7jedhi860hdb',
)
[ info ] [ PARAM ] array (
)
[ info ] [ LOG ] INIT File
---------------------------------------------------------------
[ 2018-12-11T11:34:58+08:00 ] 127.0.0.1 127.0.0.1 GET /uploads/banner/20181031/f123d87dffc809521f7b908d62e687a7.jpg
[ info ] www.bbb.com/uploads/banner/20181031/f123d87dffc809521f7b908d62e687a7.jpg [运行时间：0.023001s][吞吐率：43.48req/s] [内存消耗：1,277.26kb] [文件加载：41]
[ info ] [ LANG ] G:\xampp\htdocs\bbb\thinkphp\lang\zh-cn.php
[ info ] [ ROUTE ] array (
  'type' => 'module',
  'module' => 
  array (
    0 => 'uploads',
    1 => 'banner',
    2 => '20181031',
  ),
)
[ info ] [ HEADER ] array (
  'host' => 'www.bbb.com',
  'connection' => 'keep-alive',
  'user-agent' => 'Mozilla/5.0 (Windows NT 6.1; Win64; x64) AppleWebKit/537.36 (KHTML, like Gecko) Chrome/68.0.3440.106 Safari/537.36',
  'accept' => 'image/webp,image/apng,image/*,*/*;q=0.8',
  'referer' => 'http://www.bbb.com/admin/banner/banner.html',
  'accept-encoding' => 'gzip, deflate',
  'accept-language' => 'zh-CN,zh;q=0.9',
  'cookie' => 'UM_distinctid=165c8054c9284-062272fa320a7f-323b5b03-1fa400-165c8054c93808; gr_user_id=6dd39fe4-2773-44f6-ac77-0d4960055290; CNZZDATA1000353613=343486579-1536658864-http%253A%252F%252Fwww.bbb.com%252F%7C1536800850; Hm_lvt_7492c81cf0f836f83a82e76a134d25e2=1536659115,1536800847; 58325___929688_KS_58325___929688=605a224bc5a142cd8b2384ab3d412caa; POP800_VISIT_TIMES=2; POP800_VISITOR_ID_L=666F09007A17D84DA467814349C4912C; CNZZDATA1274542463=1363221369-1536803477-null%7C1536803746; PAGE_VIEW_TIMES=5; PHPSESSID=oko30q6i75ah8o7jedhi860hdb',
)
[ info ] [ PARAM ] array (
)
[ info ] [ LOG ] INIT File
---------------------------------------------------------------
[ 2018-12-11T11:34:58+08:00 ] 127.0.0.1 127.0.0.1 GET /uploads/banner/20180909/fa557c930735e1499db1f2bec0f986a6.jpg
[ info ] www.bbb.com/uploads/banner/20180909/fa557c930735e1499db1f2bec0f986a6.jpg [运行时间：0.017001s][吞吐率：58.82req/s] [内存消耗：1,277.26kb] [文件加载：41]
[ info ] [ LANG ] G:\xampp\htdocs\bbb\thinkphp\lang\zh-cn.php
[ info ] [ ROUTE ] array (
  'type' => 'module',
  'module' => 
  array (
    0 => 'uploads',
    1 => 'banner',
    2 => '20180909',
  ),
)
[ info ] [ HEADER ] array (
  'host' => 'www.bbb.com',
  'connection' => 'keep-alive',
  'user-agent' => 'Mozilla/5.0 (Windows NT 6.1; Win64; x64) AppleWebKit/537.36 (KHTML, like Gecko) Chrome/68.0.3440.106 Safari/537.36',
  'accept' => 'image/webp,image/apng,image/*,*/*;q=0.8',
  'referer' => 'http://www.bbb.com/admin/banner/banner.html',
  'accept-encoding' => 'gzip, deflate',
  'accept-language' => 'zh-CN,zh;q=0.9',
  'cookie' => 'UM_distinctid=165c8054c9284-062272fa320a7f-323b5b03-1fa400-165c8054c93808; gr_user_id=6dd39fe4-2773-44f6-ac77-0d4960055290; CNZZDATA1000353613=343486579-1536658864-http%253A%252F%252Fwww.bbb.com%252F%7C1536800850; Hm_lvt_7492c81cf0f836f83a82e76a134d25e2=1536659115,1536800847; 58325___929688_KS_58325___929688=605a224bc5a142cd8b2384ab3d412caa; POP800_VISIT_TIMES=2; POP800_VISITOR_ID_L=666F09007A17D84DA467814349C4912C; CNZZDATA1274542463=1363221369-1536803477-null%7C1536803746; PAGE_VIEW_TIMES=5; PHPSESSID=oko30q6i75ah8o7jedhi860hdb',
)
[ info ] [ PARAM ] array (
)
[ info ] [ LOG ] INIT File
---------------------------------------------------------------
[ 2018-12-11T11:34:58+08:00 ] 127.0.0.1 127.0.0.1 GET /uploads/banner/20180916/0aaf642a0cd47367fe20c521733c31eb.jpg
[ info ] www.bbb.com/uploads/banner/20180916/0aaf642a0cd47367fe20c521733c31eb.jpg [运行时间：0.019001s][吞吐率：52.63req/s] [内存消耗：1,277.26kb] [文件加载：41]
[ info ] [ LANG ] G:\xampp\htdocs\bbb\thinkphp\lang\zh-cn.php
[ info ] [ ROUTE ] array (
  'type' => 'module',
  'module' => 
  array (
    0 => 'uploads',
    1 => 'banner',
    2 => '20180916',
  ),
)
[ info ] [ HEADER ] array (
  'host' => 'www.bbb.com',
  'connection' => 'keep-alive',
  'user-agent' => 'Mozilla/5.0 (Windows NT 6.1; Win64; x64) AppleWebKit/537.36 (KHTML, like Gecko) Chrome/68.0.3440.106 Safari/537.36',
  'accept' => 'image/webp,image/apng,image/*,*/*;q=0.8',
  'referer' => 'http://www.bbb.com/admin/banner/banner.html',
  'accept-encoding' => 'gzip, deflate',
  'accept-language' => 'zh-CN,zh;q=0.9',
  'cookie' => 'UM_distinctid=165c8054c9284-062272fa320a7f-323b5b03-1fa400-165c8054c93808; gr_user_id=6dd39fe4-2773-44f6-ac77-0d4960055290; CNZZDATA1000353613=343486579-1536658864-http%253A%252F%252Fwww.bbb.com%252F%7C1536800850; Hm_lvt_7492c81cf0f836f83a82e76a134d25e2=1536659115,1536800847; 58325___929688_KS_58325___929688=605a224bc5a142cd8b2384ab3d412caa; POP800_VISIT_TIMES=2; POP800_VISITOR_ID_L=666F09007A17D84DA467814349C4912C; CNZZDATA1274542463=1363221369-1536803477-null%7C1536803746; PAGE_VIEW_TIMES=5; PHPSESSID=oko30q6i75ah8o7jedhi860hdb',
)
[ info ] [ PARAM ] array (
)
[ info ] [ LOG ] INIT File
---------------------------------------------------------------
[ 2018-12-11T11:34:58+08:00 ] 127.0.0.1 127.0.0.1 GET /uploads/banner/20180909/0d902981233dbe8117453025185e5128.jpg
[ info ] www.bbb.com/uploads/banner/20180909/0d902981233dbe8117453025185e5128.jpg [运行时间：0.018001s][吞吐率：55.55req/s] [内存消耗：1,277.26kb] [文件加载：41]
[ info ] [ LANG ] G:\xampp\htdocs\bbb\thinkphp\lang\zh-cn.php
[ info ] [ ROUTE ] array (
  'type' => 'module',
  'module' => 
  array (
    0 => 'uploads',
    1 => 'banner',
    2 => '20180909',
  ),
)
[ info ] [ HEADER ] array (
  'host' => 'www.bbb.com',
  'connection' => 'keep-alive',
  'user-agent' => 'Mozilla/5.0 (Windows NT 6.1; Win64; x64) AppleWebKit/537.36 (KHTML, like Gecko) Chrome/68.0.3440.106 Safari/537.36',
  'accept' => 'image/webp,image/apng,image/*,*/*;q=0.8',
  'referer' => 'http://www.bbb.com/admin/banner/banner.html',
  'accept-encoding' => 'gzip, deflate',
  'accept-language' => 'zh-CN,zh;q=0.9',
  'cookie' => 'UM_distinctid=165c8054c9284-062272fa320a7f-323b5b03-1fa400-165c8054c93808; gr_user_id=6dd39fe4-2773-44f6-ac77-0d4960055290; CNZZDATA1000353613=343486579-1536658864-http%253A%252F%252Fwww.bbb.com%252F%7C1536800850; Hm_lvt_7492c81cf0f836f83a82e76a134d25e2=1536659115,1536800847; 58325___929688_KS_58325___929688=605a224bc5a142cd8b2384ab3d412caa; POP800_VISIT_TIMES=2; POP800_VISITOR_ID_L=666F09007A17D84DA467814349C4912C; CNZZDATA1274542463=1363221369-1536803477-null%7C1536803746; PAGE_VIEW_TIMES=5; PHPSESSID=oko30q6i75ah8o7jedhi860hdb',
)
[ info ] [ PARAM ] array (
)
[ info ] [ LOG ] INIT File
---------------------------------------------------------------
[ 2018-12-11T11:35:02+08:00 ] 127.0.0.1 127.0.0.1 GET /admin/nav/navlist.html
[ info ] www.bbb.com/admin/nav/navlist.html [运行时间：0.075004s][吞吐率：13.33req/s] [内存消耗：2,153.30kb] [文件加载：54]
[ info ] [ LANG ] G:\xampp\htdocs\bbb\thinkphp\lang\zh-cn.php
[ info ] [ ROUTE ] array (
  'type' => 'module',
  'module' => 
  array (
    0 => 'admin',
    1 => 'nav',
    2 => 'navlist',
  ),
)
[ info ] [ HEADER ] array (
  'host' => 'www.bbb.com',
  'connection' => 'keep-alive',
  'upgrade-insecure-requests' => '1',
  'user-agent' => 'Mozilla/5.0 (Windows NT 6.1; Win64; x64) AppleWebKit/537.36 (KHTML, like Gecko) Chrome/68.0.3440.106 Safari/537.36',
  'accept' => 'text/html,application/xhtml+xml,application/xml;q=0.9,image/webp,image/apng,*/*;q=0.8',
  'referer' => 'http://www.bbb.com/admin/index/index.html',
  'accept-encoding' => 'gzip, deflate',
  'accept-language' => 'zh-CN,zh;q=0.9',
  'cookie' => 'UM_distinctid=165c8054c9284-062272fa320a7f-323b5b03-1fa400-165c8054c93808; gr_user_id=6dd39fe4-2773-44f6-ac77-0d4960055290; CNZZDATA1000353613=343486579-1536658864-http%253A%252F%252Fwww.bbb.com%252F%7C1536800850; Hm_lvt_7492c81cf0f836f83a82e76a134d25e2=1536659115,1536800847; 58325___929688_KS_58325___929688=605a224bc5a142cd8b2384ab3d412caa; POP800_VISIT_TIMES=2; POP800_VISITOR_ID_L=666F09007A17D84DA467814349C4912C; CNZZDATA1274542463=1363221369-1536803477-null%7C1536803746; PAGE_VIEW_TIMES=5; PHPSESSID=oko30q6i75ah8o7jedhi860hdb',
)
[ info ] [ PARAM ] array (
)
[ info ] [ SESSION ] INIT array (
  'id' => '',
  'var_session_id' => '',
  'prefix' => 'think',
  'type' => '',
  'auto_start' => true,
)
[ info ] [ RUN ] app\admin\controller\Nav->navlist[ G:\xampp\htdocs\bbb\application\admin\controller\Nav.php ]
[ info ] [ DB ] INIT mysql
[ info ] [ VIEW ] G:\xampp\htdocs\bbb\public/../application/admin\view\nav\navlist.html [ array (
  0 => 'navList',
) ]
[ info ] [ LOG ] INIT File
[ sql ] [ DB ] CONNECT:[ UseTime:0.010001s ] mysql:host=127.0.0.1;port=3306;dbname=ddxx;charset=utf8
[ sql ] [ SQL ] SHOW COLUMNS FROM `dcxw_nav` [ RunTime:0.003000s ]
[ sql ] [ SQL ] SELECT * FROM `dcxw_nav` INNER JOIN `dcxw_admin` `dcxw_admin` ON `dcxw_nav`.`nav_admin`=`dcxw_admin`.`ad_id` WHERE  `nav_fid` = 0 ORDER BY nav_order desc [ RunTime:0.002000s ]
[ sql ] [ SQL ] SELECT * FROM `dcxw_nav` INNER JOIN `dcxw_admin` `dcxw_admin` ON `dcxw_nav`.`nav_admin`=`dcxw_admin`.`ad_id` WHERE  `nav_fid` = 51 ORDER BY nav_order desc [ RunTime:0.001000s ]
[ sql ] [ SQL ] SELECT * FROM `dcxw_nav` INNER JOIN `dcxw_admin` `dcxw_admin` ON `dcxw_nav`.`nav_admin`=`dcxw_admin`.`ad_id` WHERE  `nav_fid` = 52 ORDER BY nav_order desc [ RunTime:0.001000s ]
[ sql ] [ SQL ] SELECT * FROM `dcxw_nav` INNER JOIN `dcxw_admin` `dcxw_admin` ON `dcxw_nav`.`nav_admin`=`dcxw_admin`.`ad_id` WHERE  `nav_fid` = 53 ORDER BY nav_order desc [ RunTime:0.001001s ]
[ sql ] [ SQL ] SELECT * FROM `dcxw_nav` INNER JOIN `dcxw_admin` `dcxw_admin` ON `dcxw_nav`.`nav_admin`=`dcxw_admin`.`ad_id` WHERE  `nav_fid` = 55 ORDER BY nav_order desc [ RunTime:0.001000s ]
[ sql ] [ SQL ] SELECT * FROM `dcxw_nav` INNER JOIN `dcxw_admin` `dcxw_admin` ON `dcxw_nav`.`nav_admin`=`dcxw_admin`.`ad_id` WHERE  `nav_fid` = 54 ORDER BY nav_order desc [ RunTime:0.002000s ]
[ sql ] [ SQL ] SELECT * FROM `dcxw_nav` INNER JOIN `dcxw_admin` `dcxw_admin` ON `dcxw_nav`.`nav_admin`=`dcxw_admin`.`ad_id` WHERE  `nav_fid` = 56 ORDER BY nav_order desc [ RunTime:0.001000s ]
---------------------------------------------------------------
[ 2018-12-11T11:38:37+08:00 ] 127.0.0.1 127.0.0.1 GET /admin/banner/banner.html
[ info ] www.bbb.com/admin/banner/banner.html [运行时间：0.046003s][吞吐率：21.74req/s] [内存消耗：1,614.15kb] [文件加载：47]
[ info ] [ LANG ] G:\xampp\htdocs\bbb\thinkphp\lang\zh-cn.php
[ info ] [ ROUTE ] array (
  'type' => 'module',
  'module' => 
  array (
    0 => 'admin',
    1 => 'banner',
    2 => 'banner',
  ),
)
[ info ] [ HEADER ] array (
  'host' => 'www.bbb.com',
  'connection' => 'keep-alive',
  'upgrade-insecure-requests' => '1',
  'user-agent' => 'Mozilla/5.0 (Windows NT 6.1; Win64; x64) AppleWebKit/537.36 (KHTML, like Gecko) Chrome/68.0.3440.106 Safari/537.36',
  'accept' => 'text/html,application/xhtml+xml,application/xml;q=0.9,image/webp,image/apng,*/*;q=0.8',
  'referer' => 'http://www.bbb.com/admin/index/index.html',
  'accept-encoding' => 'gzip, deflate',
  'accept-language' => 'zh-CN,zh;q=0.9',
  'cookie' => 'UM_distinctid=165c8054c9284-062272fa320a7f-323b5b03-1fa400-165c8054c93808; gr_user_id=6dd39fe4-2773-44f6-ac77-0d4960055290; CNZZDATA1000353613=343486579-1536658864-http%253A%252F%252Fwww.bbb.com%252F%7C1536800850; Hm_lvt_7492c81cf0f836f83a82e76a134d25e2=1536659115,1536800847; 58325___929688_KS_58325___929688=605a224bc5a142cd8b2384ab3d412caa; POP800_VISIT_TIMES=2; POP800_VISITOR_ID_L=666F09007A17D84DA467814349C4912C; CNZZDATA1274542463=1363221369-1536803477-null%7C1536803746; PAGE_VIEW_TIMES=5; PHPSESSID=oko30q6i75ah8o7jedhi860hdb',
)
[ info ] [ PARAM ] array (
)
[ info ] [ SESSION ] INIT array (
  'id' => '',
  'var_session_id' => '',
  'prefix' => 'think',
  'type' => '',
  'auto_start' => true,
)
[ info ] [ RUN ] app\admin\controller\Banner->banner[ G:\xampp\htdocs\bbb\application\admin\controller\Banner.php ]
[ info ] [ VIEW ] G:\xampp\htdocs\bbb\public/../application/admin\view\banner\banner.html [ array (
) ]
[ info ] [ LOG ] INIT File
---------------------------------------------------------------
[ 2018-12-11T11:38:37+08:00 ] 127.0.0.1 127.0.0.1 GET /admin/banner/bannerPc/?page=1&limit=15
[ info ] www.bbb.com/admin/banner/bannerPc/?page=1&limit=15 [运行时间：0.044003s][吞吐率：22.73req/s] [内存消耗：2,155.95kb] [文件加载：53]
[ info ] [ LANG ] G:\xampp\htdocs\bbb\thinkphp\lang\zh-cn.php
[ info ] [ ROUTE ] array (
  'type' => 'module',
  'module' => 
  array (
    0 => 'admin',
    1 => 'banner',
    2 => 'bannerPc',
  ),
)
[ info ] [ HEADER ] array (
  'host' => 'www.bbb.com',
  'connection' => 'keep-alive',
  'accept' => 'application/json, text/javascript, */*; q=0.01',
  'x-requested-with' => 'XMLHttpRequest',
  'user-agent' => 'Mozilla/5.0 (Windows NT 6.1; Win64; x64) AppleWebKit/537.36 (KHTML, like Gecko) Chrome/68.0.3440.106 Safari/537.36',
  'referer' => 'http://www.bbb.com/admin/banner/banner.html',
  'accept-encoding' => 'gzip, deflate',
  'accept-language' => 'zh-CN,zh;q=0.9',
  'cookie' => 'UM_distinctid=165c8054c9284-062272fa320a7f-323b5b03-1fa400-165c8054c93808; gr_user_id=6dd39fe4-2773-44f6-ac77-0d4960055290; CNZZDATA1000353613=343486579-1536658864-http%253A%252F%252Fwww.bbb.com%252F%7C1536800850; Hm_lvt_7492c81cf0f836f83a82e76a134d25e2=1536659115,1536800847; 58325___929688_KS_58325___929688=605a224bc5a142cd8b2384ab3d412caa; POP800_VISIT_TIMES=2; POP800_VISITOR_ID_L=666F09007A17D84DA467814349C4912C; CNZZDATA1274542463=1363221369-1536803477-null%7C1536803746; PAGE_VIEW_TIMES=5; PHPSESSID=oko30q6i75ah8o7jedhi860hdb',
)
[ info ] [ PARAM ] array (
  'page' => '1',
  'limit' => '15',
)
[ info ] [ SESSION ] INIT array (
  'id' => '',
  'var_session_id' => '',
  'prefix' => 'think',
  'type' => '',
  'auto_start' => true,
)
[ info ] [ RUN ] app\admin\controller\Banner->bannerPC[ G:\xampp\htdocs\bbb\application\admin\controller\Banner.php ]
[ info ] [ DB ] INIT mysql
[ info ] [ LOG ] INIT File
[ sql ] [ DB ] CONNECT:[ UseTime:0.010001s ] mysql:host=127.0.0.1;port=3306;dbname=ddxx;charset=utf8
[ sql ] [ SQL ] SHOW COLUMNS FROM `dcxw_banner` [ RunTime:0.003000s ]
[ sql ] [ SQL ] SELECT COUNT(*) AS tp_count FROM `dcxw_banner` INNER JOIN `dcxw_admin` `dcxw_admin` ON `dcxw_banner`.`ba_admin`=`dcxw_admin`.`ad_id` WHERE  (   1 = 1  ) LIMIT 1 [ RunTime:0.000000s ]
[ sql ] [ SQL ] SELECT `dcxw_banner`.*,`dcxw_admin`.`ad_realname` FROM `dcxw_banner` INNER JOIN `dcxw_admin` `dcxw_admin` ON `dcxw_banner`.`ba_admin`=`dcxw_admin`.`ad_id` WHERE  (   1 = 1  ) ORDER BY ba_isable,ba_branch desc ,ba_order desc ,ba_createtime desc LIMIT 0,15 [ RunTime:0.002000s ]
---------------------------------------------------------------
[ 2018-12-11T11:38:37+08:00 ] 127.0.0.1 127.0.0.1 GET /uploads/banner/20181031/55fc3a078df5bc639daf32e5ddbb09ae.png
[ info ] www.bbb.com/uploads/banner/20181031/55fc3a078df5bc639daf32e5ddbb09ae.png [运行时间：0.019001s][吞吐率：52.63req/s] [内存消耗：1,277.26kb] [文件加载：41]
[ info ] [ LANG ] G:\xampp\htdocs\bbb\thinkphp\lang\zh-cn.php
[ info ] [ ROUTE ] array (
  'type' => 'module',
  'module' => 
  array (
    0 => 'uploads',
    1 => 'banner',
    2 => '20181031',
  ),
)
[ info ] [ HEADER ] array (
  'host' => 'www.bbb.com',
  'connection' => 'keep-alive',
  'user-agent' => 'Mozilla/5.0 (Windows NT 6.1; Win64; x64) AppleWebKit/537.36 (KHTML, like Gecko) Chrome/68.0.3440.106 Safari/537.36',
  'accept' => 'image/webp,image/apng,image/*,*/*;q=0.8',
  'referer' => 'http://www.bbb.com/admin/banner/banner.html',
  'accept-encoding' => 'gzip, deflate',
  'accept-language' => 'zh-CN,zh;q=0.9',
  'cookie' => 'UM_distinctid=165c8054c9284-062272fa320a7f-323b5b03-1fa400-165c8054c93808; gr_user_id=6dd39fe4-2773-44f6-ac77-0d4960055290; CNZZDATA1000353613=343486579-1536658864-http%253A%252F%252Fwww.bbb.com%252F%7C1536800850; Hm_lvt_7492c81cf0f836f83a82e76a134d25e2=1536659115,1536800847; 58325___929688_KS_58325___929688=605a224bc5a142cd8b2384ab3d412caa; POP800_VISIT_TIMES=2; POP800_VISITOR_ID_L=666F09007A17D84DA467814349C4912C; CNZZDATA1274542463=1363221369-1536803477-null%7C1536803746; PAGE_VIEW_TIMES=5; PHPSESSID=oko30q6i75ah8o7jedhi860hdb',
)
[ info ] [ PARAM ] array (
)
[ info ] [ LOG ] INIT File
---------------------------------------------------------------
[ 2018-12-11T11:38:37+08:00 ] 127.0.0.1 127.0.0.1 GET /uploads/banner/20181031/38f2c25d226302294cc83016964a425f.png
[ info ] www.bbb.com/uploads/banner/20181031/38f2c25d226302294cc83016964a425f.png [运行时间：0.020001s][吞吐率：50.00req/s] [内存消耗：1,277.26kb] [文件加载：41]
[ info ] [ LANG ] G:\xampp\htdocs\bbb\thinkphp\lang\zh-cn.php
[ info ] [ ROUTE ] array (
  'type' => 'module',
  'module' => 
  array (
    0 => 'uploads',
    1 => 'banner',
    2 => '20181031',
  ),
)
[ info ] [ HEADER ] array (
  'host' => 'www.bbb.com',
  'connection' => 'keep-alive',
  'user-agent' => 'Mozilla/5.0 (Windows NT 6.1; Win64; x64) AppleWebKit/537.36 (KHTML, like Gecko) Chrome/68.0.3440.106 Safari/537.36',
  'accept' => 'image/webp,image/apng,image/*,*/*;q=0.8',
  'referer' => 'http://www.bbb.com/admin/banner/banner.html',
  'accept-encoding' => 'gzip, deflate',
  'accept-language' => 'zh-CN,zh;q=0.9',
  'cookie' => 'UM_distinctid=165c8054c9284-062272fa320a7f-323b5b03-1fa400-165c8054c93808; gr_user_id=6dd39fe4-2773-44f6-ac77-0d4960055290; CNZZDATA1000353613=343486579-1536658864-http%253A%252F%252Fwww.bbb.com%252F%7C1536800850; Hm_lvt_7492c81cf0f836f83a82e76a134d25e2=1536659115,1536800847; 58325___929688_KS_58325___929688=605a224bc5a142cd8b2384ab3d412caa; POP800_VISIT_TIMES=2; POP800_VISITOR_ID_L=666F09007A17D84DA467814349C4912C; CNZZDATA1274542463=1363221369-1536803477-null%7C1536803746; PAGE_VIEW_TIMES=5; PHPSESSID=oko30q6i75ah8o7jedhi860hdb',
)
[ info ] [ PARAM ] array (
)
[ info ] [ LOG ] INIT File
---------------------------------------------------------------
[ 2018-12-11T11:38:37+08:00 ] 127.0.0.1 127.0.0.1 GET /uploads/banner/20181031/227e99cacb574bd29f2595453efcdf2e.jpg
[ info ] www.bbb.com/uploads/banner/20181031/227e99cacb574bd29f2595453efcdf2e.jpg [运行时间：0.025002s][吞吐率：40.00req/s] [内存消耗：1,277.26kb] [文件加载：41]
[ info ] [ LANG ] G:\xampp\htdocs\bbb\thinkphp\lang\zh-cn.php
[ info ] [ ROUTE ] array (
  'type' => 'module',
  'module' => 
  array (
    0 => 'uploads',
    1 => 'banner',
    2 => '20181031',
  ),
)
[ info ] [ HEADER ] array (
  'host' => 'www.bbb.com',
  'connection' => 'keep-alive',
  'user-agent' => 'Mozilla/5.0 (Windows NT 6.1; Win64; x64) AppleWebKit/537.36 (KHTML, like Gecko) Chrome/68.0.3440.106 Safari/537.36',
  'accept' => 'image/webp,image/apng,image/*,*/*;q=0.8',
  'referer' => 'http://www.bbb.com/admin/banner/banner.html',
  'accept-encoding' => 'gzip, deflate',
  'accept-language' => 'zh-CN,zh;q=0.9',
  'cookie' => 'UM_distinctid=165c8054c9284-062272fa320a7f-323b5b03-1fa400-165c8054c93808; gr_user_id=6dd39fe4-2773-44f6-ac77-0d4960055290; CNZZDATA1000353613=343486579-1536658864-http%253A%252F%252Fwww.bbb.com%252F%7C1536800850; Hm_lvt_7492c81cf0f836f83a82e76a134d25e2=1536659115,1536800847; 58325___929688_KS_58325___929688=605a224bc5a142cd8b2384ab3d412caa; POP800_VISIT_TIMES=2; POP800_VISITOR_ID_L=666F09007A17D84DA467814349C4912C; CNZZDATA1274542463=1363221369-1536803477-null%7C1536803746; PAGE_VIEW_TIMES=5; PHPSESSID=oko30q6i75ah8o7jedhi860hdb',
)
[ info ] [ PARAM ] array (
)
[ info ] [ LOG ] INIT File
---------------------------------------------------------------
[ 2018-12-11T11:38:37+08:00 ] 127.0.0.1 127.0.0.1 GET /admin/banner/%7B%7B%20d.ba_img%7D%7D
[ info ] www.bbb.com/admin/banner/%7B%7B%20d.ba_img%7D%7D [运行时间：0.033002s][吞吐率：30.30req/s] [内存消耗：1,593.45kb] [文件加载：49]
[ info ] [ LANG ] G:\xampp\htdocs\bbb\thinkphp\lang\zh-cn.php
[ info ] [ ROUTE ] array (
  'type' => 'module',
  'module' => 
  array (
    0 => 'admin',
    1 => 'banner',
    2 => '{{ d.ba_img}}',
  ),
)
[ info ] [ HEADER ] array (
  'host' => 'www.bbb.com',
  'connection' => 'keep-alive',
  'user-agent' => 'Mozilla/5.0 (Windows NT 6.1; Win64; x64) AppleWebKit/537.36 (KHTML, like Gecko) Chrome/68.0.3440.106 Safari/537.36',
  'accept' => 'image/webp,image/apng,image/*,*/*;q=0.8',
  'referer' => 'http://www.bbb.com/admin/banner/banner.html',
  'accept-encoding' => 'gzip, deflate',
  'accept-language' => 'zh-CN,zh;q=0.9',
  'cookie' => 'UM_distinctid=165c8054c9284-062272fa320a7f-323b5b03-1fa400-165c8054c93808; gr_user_id=6dd39fe4-2773-44f6-ac77-0d4960055290; CNZZDATA1000353613=343486579-1536658864-http%253A%252F%252Fwww.bbb.com%252F%7C1536800850; Hm_lvt_7492c81cf0f836f83a82e76a134d25e2=1536659115,1536800847; 58325___929688_KS_58325___929688=605a224bc5a142cd8b2384ab3d412caa; POP800_VISIT_TIMES=2; POP800_VISITOR_ID_L=666F09007A17D84DA467814349C4912C; CNZZDATA1274542463=1363221369-1536803477-null%7C1536803746; PAGE_VIEW_TIMES=5; PHPSESSID=oko30q6i75ah8o7jedhi860hdb',
)
[ info ] [ PARAM ] array (
)
[ info ] [ SESSION ] INIT array (
  'id' => '',
  'var_session_id' => '',
  'prefix' => 'think',
  'type' => '',
  'auto_start' => true,
)
[ info ] [ LOG ] INIT File
---------------------------------------------------------------
[ 2018-12-11T11:38:37+08:00 ] 127.0.0.1 127.0.0.1 GET /uploads/banner/20181031/f123d87dffc809521f7b908d62e687a7.jpg
[ info ] www.bbb.com/uploads/banner/20181031/f123d87dffc809521f7b908d62e687a7.jpg [运行时间：0.019001s][吞吐率：52.63req/s] [内存消耗：1,277.26kb] [文件加载：41]
[ info ] [ LANG ] G:\xampp\htdocs\bbb\thinkphp\lang\zh-cn.php
[ info ] [ ROUTE ] array (
  'type' => 'module',
  'module' => 
  array (
    0 => 'uploads',
    1 => 'banner',
    2 => '20181031',
  ),
)
[ info ] [ HEADER ] array (
  'host' => 'www.bbb.com',
  'connection' => 'keep-alive',
  'user-agent' => 'Mozilla/5.0 (Windows NT 6.1; Win64; x64) AppleWebKit/537.36 (KHTML, like Gecko) Chrome/68.0.3440.106 Safari/537.36',
  'accept' => 'image/webp,image/apng,image/*,*/*;q=0.8',
  'referer' => 'http://www.bbb.com/admin/banner/banner.html',
  'accept-encoding' => 'gzip, deflate',
  'accept-language' => 'zh-CN,zh;q=0.9',
  'cookie' => 'UM_distinctid=165c8054c9284-062272fa320a7f-323b5b03-1fa400-165c8054c93808; gr_user_id=6dd39fe4-2773-44f6-ac77-0d4960055290; CNZZDATA1000353613=343486579-1536658864-http%253A%252F%252Fwww.bbb.com%252F%7C1536800850; Hm_lvt_7492c81cf0f836f83a82e76a134d25e2=1536659115,1536800847; 58325___929688_KS_58325___929688=605a224bc5a142cd8b2384ab3d412caa; POP800_VISIT_TIMES=2; POP800_VISITOR_ID_L=666F09007A17D84DA467814349C4912C; CNZZDATA1274542463=1363221369-1536803477-null%7C1536803746; PAGE_VIEW_TIMES=5; PHPSESSID=oko30q6i75ah8o7jedhi860hdb',
)
[ info ] [ PARAM ] array (
)
[ info ] [ LOG ] INIT File
---------------------------------------------------------------
[ 2018-12-11T11:38:37+08:00 ] 127.0.0.1 127.0.0.1 GET /uploads/banner/20181031/38318eac295109bda5c152ab8fe953ab.jpg
[ info ] www.bbb.com/uploads/banner/20181031/38318eac295109bda5c152ab8fe953ab.jpg [运行时间：0.038002s][吞吐率：26.31req/s] [内存消耗：1,277.26kb] [文件加载：41]
[ info ] [ LANG ] G:\xampp\htdocs\bbb\thinkphp\lang\zh-cn.php
[ info ] [ ROUTE ] array (
  'type' => 'module',
  'module' => 
  array (
    0 => 'uploads',
    1 => 'banner',
    2 => '20181031',
  ),
)
[ info ] [ HEADER ] array (
  'host' => 'www.bbb.com',
  'connection' => 'keep-alive',
  'user-agent' => 'Mozilla/5.0 (Windows NT 6.1; Win64; x64) AppleWebKit/537.36 (KHTML, like Gecko) Chrome/68.0.3440.106 Safari/537.36',
  'accept' => 'image/webp,image/apng,image/*,*/*;q=0.8',
  'referer' => 'http://www.bbb.com/admin/banner/banner.html',
  'accept-encoding' => 'gzip, deflate',
  'accept-language' => 'zh-CN,zh;q=0.9',
  'cookie' => 'UM_distinctid=165c8054c9284-062272fa320a7f-323b5b03-1fa400-165c8054c93808; gr_user_id=6dd39fe4-2773-44f6-ac77-0d4960055290; CNZZDATA1000353613=343486579-1536658864-http%253A%252F%252Fwww.bbb.com%252F%7C1536800850; Hm_lvt_7492c81cf0f836f83a82e76a134d25e2=1536659115,1536800847; 58325___929688_KS_58325___929688=605a224bc5a142cd8b2384ab3d412caa; POP800_VISIT_TIMES=2; POP800_VISITOR_ID_L=666F09007A17D84DA467814349C4912C; CNZZDATA1274542463=1363221369-1536803477-null%7C1536803746; PAGE_VIEW_TIMES=5; PHPSESSID=oko30q6i75ah8o7jedhi860hdb',
)
[ info ] [ PARAM ] array (
)
[ info ] [ LOG ] INIT File
---------------------------------------------------------------
[ 2018-12-11T11:38:37+08:00 ] 127.0.0.1 127.0.0.1 GET /uploads/banner/20180916/0aaf642a0cd47367fe20c521733c31eb.jpg
[ info ] www.bbb.com/uploads/banner/20180916/0aaf642a0cd47367fe20c521733c31eb.jpg [运行时间：0.017001s][吞吐率：58.82req/s] [内存消耗：1,277.26kb] [文件加载：41]
[ info ] [ LANG ] G:\xampp\htdocs\bbb\thinkphp\lang\zh-cn.php
[ info ] [ ROUTE ] array (
  'type' => 'module',
  'module' => 
  array (
    0 => 'uploads',
    1 => 'banner',
    2 => '20180916',
  ),
)
[ info ] [ HEADER ] array (
  'host' => 'www.bbb.com',
  'connection' => 'keep-alive',
  'user-agent' => 'Mozilla/5.0 (Windows NT 6.1; Win64; x64) AppleWebKit/537.36 (KHTML, like Gecko) Chrome/68.0.3440.106 Safari/537.36',
  'accept' => 'image/webp,image/apng,image/*,*/*;q=0.8',
  'referer' => 'http://www.bbb.com/admin/banner/banner.html',
  'accept-encoding' => 'gzip, deflate',
  'accept-language' => 'zh-CN,zh;q=0.9',
  'cookie' => 'UM_distinctid=165c8054c9284-062272fa320a7f-323b5b03-1fa400-165c8054c93808; gr_user_id=6dd39fe4-2773-44f6-ac77-0d4960055290; CNZZDATA1000353613=343486579-1536658864-http%253A%252F%252Fwww.bbb.com%252F%7C1536800850; Hm_lvt_7492c81cf0f836f83a82e76a134d25e2=1536659115,1536800847; 58325___929688_KS_58325___929688=605a224bc5a142cd8b2384ab3d412caa; POP800_VISIT_TIMES=2; POP800_VISITOR_ID_L=666F09007A17D84DA467814349C4912C; CNZZDATA1274542463=1363221369-1536803477-null%7C1536803746; PAGE_VIEW_TIMES=5; PHPSESSID=oko30q6i75ah8o7jedhi860hdb',
)
[ info ] [ PARAM ] array (
)
[ info ] [ LOG ] INIT File
---------------------------------------------------------------
[ 2018-12-11T11:38:37+08:00 ] 127.0.0.1 127.0.0.1 GET /uploads/banner/20181030/17b536f248a25382d7e14b391714f8ed.jpg
[ info ] www.bbb.com/uploads/banner/20181030/17b536f248a25382d7e14b391714f8ed.jpg [运行时间：0.019001s][吞吐率：52.63req/s] [内存消耗：1,277.26kb] [文件加载：41]
[ info ] [ LANG ] G:\xampp\htdocs\bbb\thinkphp\lang\zh-cn.php
[ info ] [ ROUTE ] array (
  'type' => 'module',
  'module' => 
  array (
    0 => 'uploads',
    1 => 'banner',
    2 => '20181030',
  ),
)
[ info ] [ HEADER ] array (
  'host' => 'www.bbb.com',
  'connection' => 'keep-alive',
  'user-agent' => 'Mozilla/5.0 (Windows NT 6.1; Win64; x64) AppleWebKit/537.36 (KHTML, like Gecko) Chrome/68.0.3440.106 Safari/537.36',
  'accept' => 'image/webp,image/apng,image/*,*/*;q=0.8',
  'referer' => 'http://www.bbb.com/admin/banner/banner.html',
  'accept-encoding' => 'gzip, deflate',
  'accept-language' => 'zh-CN,zh;q=0.9',
  'cookie' => 'UM_distinctid=165c8054c9284-062272fa320a7f-323b5b03-1fa400-165c8054c93808; gr_user_id=6dd39fe4-2773-44f6-ac77-0d4960055290; CNZZDATA1000353613=343486579-1536658864-http%253A%252F%252Fwww.bbb.com%252F%7C1536800850; Hm_lvt_7492c81cf0f836f83a82e76a134d25e2=1536659115,1536800847; 58325___929688_KS_58325___929688=605a224bc5a142cd8b2384ab3d412caa; POP800_VISIT_TIMES=2; POP800_VISITOR_ID_L=666F09007A17D84DA467814349C4912C; CNZZDATA1274542463=1363221369-1536803477-null%7C1536803746; PAGE_VIEW_TIMES=5; PHPSESSID=oko30q6i75ah8o7jedhi860hdb',
)
[ info ] [ PARAM ] array (
)
[ info ] [ LOG ] INIT File
---------------------------------------------------------------
[ 2018-12-11T11:38:37+08:00 ] 127.0.0.1 127.0.0.1 GET /uploads/banner/20180909/fa557c930735e1499db1f2bec0f986a6.jpg
[ info ] www.bbb.com/uploads/banner/20180909/fa557c930735e1499db1f2bec0f986a6.jpg [运行时间：0.018001s][吞吐率：55.55req/s] [内存消耗：1,277.26kb] [文件加载：41]
[ info ] [ LANG ] G:\xampp\htdocs\bbb\thinkphp\lang\zh-cn.php
[ info ] [ ROUTE ] array (
  'type' => 'module',
  'module' => 
  array (
    0 => 'uploads',
    1 => 'banner',
    2 => '20180909',
  ),
)
[ info ] [ HEADER ] array (
  'host' => 'www.bbb.com',
  'connection' => 'keep-alive',
  'user-agent' => 'Mozilla/5.0 (Windows NT 6.1; Win64; x64) AppleWebKit/537.36 (KHTML, like Gecko) Chrome/68.0.3440.106 Safari/537.36',
  'accept' => 'image/webp,image/apng,image/*,*/*;q=0.8',
  'referer' => 'http://www.bbb.com/admin/banner/banner.html',
  'accept-encoding' => 'gzip, deflate',
  'accept-language' => 'zh-CN,zh;q=0.9',
  'cookie' => 'UM_distinctid=165c8054c9284-062272fa320a7f-323b5b03-1fa400-165c8054c93808; gr_user_id=6dd39fe4-2773-44f6-ac77-0d4960055290; CNZZDATA1000353613=343486579-1536658864-http%253A%252F%252Fwww.bbb.com%252F%7C1536800850; Hm_lvt_7492c81cf0f836f83a82e76a134d25e2=1536659115,1536800847; 58325___929688_KS_58325___929688=605a224bc5a142cd8b2384ab3d412caa; POP800_VISIT_TIMES=2; POP800_VISITOR_ID_L=666F09007A17D84DA467814349C4912C; CNZZDATA1274542463=1363221369-1536803477-null%7C1536803746; PAGE_VIEW_TIMES=5; PHPSESSID=oko30q6i75ah8o7jedhi860hdb',
)
[ info ] [ PARAM ] array (
)
[ info ] [ LOG ] INIT File
---------------------------------------------------------------
[ 2018-12-11T11:38:37+08:00 ] 127.0.0.1 127.0.0.1 GET /uploads/banner/20180909/0d902981233dbe8117453025185e5128.jpg
[ info ] www.bbb.com/uploads/banner/20180909/0d902981233dbe8117453025185e5128.jpg [运行时间：0.023002s][吞吐率：43.47req/s] [内存消耗：1,277.26kb] [文件加载：41]
[ info ] [ LANG ] G:\xampp\htdocs\bbb\thinkphp\lang\zh-cn.php
[ info ] [ ROUTE ] array (
  'type' => 'module',
  'module' => 
  array (
    0 => 'uploads',
    1 => 'banner',
    2 => '20180909',
  ),
)
[ info ] [ HEADER ] array (
  'host' => 'www.bbb.com',
  'connection' => 'keep-alive',
  'user-agent' => 'Mozilla/5.0 (Windows NT 6.1; Win64; x64) AppleWebKit/537.36 (KHTML, like Gecko) Chrome/68.0.3440.106 Safari/537.36',
  'accept' => 'image/webp,image/apng,image/*,*/*;q=0.8',
  'referer' => 'http://www.bbb.com/admin/banner/banner.html',
  'accept-encoding' => 'gzip, deflate',
  'accept-language' => 'zh-CN,zh;q=0.9',
  'cookie' => 'UM_distinctid=165c8054c9284-062272fa320a7f-323b5b03-1fa400-165c8054c93808; gr_user_id=6dd39fe4-2773-44f6-ac77-0d4960055290; CNZZDATA1000353613=343486579-1536658864-http%253A%252F%252Fwww.bbb.com%252F%7C1536800850; Hm_lvt_7492c81cf0f836f83a82e76a134d25e2=1536659115,1536800847; 58325___929688_KS_58325___929688=605a224bc5a142cd8b2384ab3d412caa; POP800_VISIT_TIMES=2; POP800_VISITOR_ID_L=666F09007A17D84DA467814349C4912C; CNZZDATA1274542463=1363221369-1536803477-null%7C1536803746; PAGE_VIEW_TIMES=5; PHPSESSID=oko30q6i75ah8o7jedhi860hdb',
)
[ info ] [ PARAM ] array (
)
[ info ] [ LOG ] INIT File
