---------------------------------------------------------------
[ 2018-11-10T17:34:55+08:00 ] 127.0.0.1 127.0.0.1 GET /admin/index/index.html
[ info ] www.bbb.com/admin/index/index.html [运行时间：0.080005s][吞吐率：12.50req/s] [内存消耗：2,297.20kb] [文件加载：54]
[ info ] [ LANG ] G:\xampp\htdocs\bbb\thinkphp\lang\zh-cn.php
[ info ] [ ROUTE ] array (
  'type' => 'module',
  'module' => 
  array (
    0 => 'admin',
    1 => 'index',
    2 => 'index',
  ),
)
[ info ] [ HEADER ] array (
  'host' => 'www.bbb.com',
  'connection' => 'keep-alive',
  'cache-control' => 'max-age=0',
  'upgrade-insecure-requests' => '1',
  'user-agent' => 'Mozilla/5.0 (Windows NT 6.1; Win64; x64) AppleWebKit/537.36 (KHTML, like Gecko) Chrome/68.0.3440.106 Safari/537.36',
  'accept' => 'text/html,application/xhtml+xml,application/xml;q=0.9,image/webp,image/apng,*/*;q=0.8',
  'referer' => 'http://www.bbb.com/admin/index/index.html',
  'accept-encoding' => 'gzip, deflate',
  'accept-language' => 'zh-CN,zh;q=0.9',
  'cookie' => 'UM_distinctid=165c8054c9284-062272fa320a7f-323b5b03-1fa400-165c8054c93808; gr_user_id=6dd39fe4-2773-44f6-ac77-0d4960055290; CNZZDATA1000353613=343486579-1536658864-http%253A%252F%252Fwww.bbb.com%252F%7C1536800850; Hm_lvt_7492c81cf0f836f83a82e76a134d25e2=1536659115,1536800847; 58325___929688_KS_58325___929688=605a224bc5a142cd8b2384ab3d412caa; POP800_VISIT_TIMES=2; POP800_VISITOR_ID_L=666F09007A17D84DA467814349C4912C; CNZZDATA1274542463=1363221369-1536803477-null%7C1536803746; PAGE_VIEW_TIMES=5; PHPSESSID=fl352rv4u3uohavi9nc4sabukb',
)
[ info ] [ PARAM ] array (
)
[ info ] [ SESSION ] INIT array (
  'id' => '',
  'var_session_id' => '',
  'prefix' => 'think',
  'type' => '',
  'auto_start' => true,
)
[ info ] [ RUN ] app\admin\controller\Index->index[ G:\xampp\htdocs\bbb\application\admin\controller\Index.php ]
[ info ] [ DB ] INIT mysql
[ info ] [ VIEW ] G:\xampp\htdocs\bbb\public/../application/admin\view\index\index.html [ array (
  0 => 'branchWeb',
  1 => 'admin',
  2 => 'menuList',
  3 => 'siteName',
  4 => 'ad_role',
) ]
[ info ] [ LOG ] INIT File
[ sql ] [ DB ] CONNECT:[ UseTime:0.010000s ] mysql:host=127.0.0.1;port=3306;dbname=ddxx;charset=utf8
[ sql ] [ SQL ] SHOW COLUMNS FROM `dcxw_admin` [ RunTime:0.004001s ]
[ sql ] [ SQL ] SELECT * FROM `dcxw_admin` `admin` INNER JOIN `dcxw_role` `role` ON `admin`.`ad_role`=`role`.`r_id` WHERE  `admin`.`ad_id` = 1 LIMIT 1 [ RunTime:0.000000s ]
[ sql ] [ SQL ] SHOW COLUMNS FROM `dcxw_menu` [ RunTime:0.003000s ]
[ sql ] [ SQL ] SELECT * FROM `dcxw_menu` WHERE  `m_id` = 22 LIMIT 1 [ RunTime:0.000000s ]
[ sql ] [ SQL ] SELECT * FROM `dcxw_menu` WHERE  `m_id` = 23 LIMIT 1 [ RunTime:0.001000s ]
[ sql ] [ SQL ] SELECT * FROM `dcxw_menu` WHERE  `m_id` = 60 LIMIT 1 [ RunTime:0.000000s ]
[ sql ] [ SQL ] SELECT * FROM `dcxw_menu` WHERE  `m_id` = 61 LIMIT 1 [ RunTime:0.001000s ]
[ sql ] [ SQL ] SELECT * FROM `dcxw_menu` WHERE  `m_id` = 62 LIMIT 1 [ RunTime:0.000000s ]
[ sql ] [ SQL ] SELECT * FROM `dcxw_menu` WHERE  `m_id` = 156 LIMIT 1 [ RunTime:0.001000s ]
[ sql ] [ SQL ] SELECT * FROM `dcxw_menu` WHERE  `m_id` = 29 LIMIT 1 [ RunTime:0.000000s ]
[ sql ] [ SQL ] SELECT * FROM `dcxw_menu` WHERE  `m_id` = 30 LIMIT 1 [ RunTime:0.001000s ]
[ sql ] [ SQL ] SELECT * FROM `dcxw_menu` WHERE  `m_id` = 42 LIMIT 1 [ RunTime:0.000000s ]
[ sql ] [ SQL ] SELECT * FROM `dcxw_menu` WHERE  `m_id` = 43 LIMIT 1 [ RunTime:0.000000s ]
[ sql ] [ SQL ] SELECT * FROM `dcxw_menu` WHERE  `m_id` = 44 LIMIT 1 [ RunTime:0.001000s ]
[ sql ] [ SQL ] SELECT * FROM `dcxw_menu` WHERE  `m_id` = 31 LIMIT 1 [ RunTime:0.000000s ]
[ sql ] [ SQL ] SELECT * FROM `dcxw_menu` WHERE  `m_id` = 83 LIMIT 1 [ RunTime:0.000000s ]
[ sql ] [ SQL ] SELECT * FROM `dcxw_menu` WHERE  `m_id` = 108 LIMIT 1 [ RunTime:0.001000s ]
[ sql ] [ SQL ] SELECT * FROM `dcxw_menu` WHERE  `m_id` = 109 LIMIT 1 [ RunTime:0.000000s ]
[ sql ] [ SQL ] SELECT * FROM `dcxw_menu` WHERE  `m_id` = 110 LIMIT 1 [ RunTime:0.000000s ]
[ sql ] [ SQL ] SELECT * FROM `dcxw_menu` WHERE  `m_id` = 10 LIMIT 1 [ RunTime:0.000000s ]
[ sql ] [ SQL ] SELECT * FROM `dcxw_menu` WHERE  `m_id` = 11 LIMIT 1 [ RunTime:0.000000s ]
[ sql ] [ SQL ] SELECT * FROM `dcxw_menu` WHERE  `m_id` = 114 LIMIT 1 [ RunTime:0.000000s ]
[ sql ] [ SQL ] SELECT * FROM `dcxw_menu` WHERE  `m_id` = 115 LIMIT 1 [ RunTime:0.000000s ]
[ sql ] [ SQL ] SELECT * FROM `dcxw_menu` WHERE  `m_id` = 116 LIMIT 1 [ RunTime:0.000000s ]
[ sql ] [ SQL ] SELECT * FROM `dcxw_menu` WHERE  `m_id` = 87 LIMIT 1 [ RunTime:0.000000s ]
[ sql ] [ SQL ] SELECT * FROM `dcxw_menu` WHERE  `m_id` = 119 LIMIT 1 [ RunTime:0.000000s ]
[ sql ] [ SQL ] SELECT * FROM `dcxw_menu` WHERE  `m_id` = 120 LIMIT 1 [ RunTime:0.000000s ]
[ sql ] [ SQL ] SELECT * FROM `dcxw_menu` WHERE  `m_id` = 121 LIMIT 1 [ RunTime:0.000000s ]
[ sql ] [ SQL ] SELECT * FROM `dcxw_menu` WHERE  `m_id` = 19 LIMIT 1 [ RunTime:0.001000s ]
[ sql ] [ SQL ] SELECT * FROM `dcxw_menu` WHERE  `m_id` = 122 LIMIT 1 [ RunTime:0.000000s ]
[ sql ] [ SQL ] SELECT * FROM `dcxw_menu` WHERE  `m_id` = 123 LIMIT 1 [ RunTime:0.000000s ]
[ sql ] [ SQL ] SELECT * FROM `dcxw_menu` WHERE  `m_id` = 124 LIMIT 1 [ RunTime:0.001001s ]
[ sql ] [ SQL ] SELECT * FROM `dcxw_menu` WHERE  `m_id` = 21 LIMIT 1 [ RunTime:0.000000s ]
[ sql ] [ SQL ] SELECT * FROM `dcxw_menu` WHERE  `m_id` = 128 LIMIT 1 [ RunTime:0.000000s ]
[ sql ] [ SQL ] SELECT * FROM `dcxw_menu` WHERE  `m_id` = 129 LIMIT 1 [ RunTime:0.001000s ]
[ sql ] [ SQL ] SELECT * FROM `dcxw_menu` WHERE  `m_id` = 130 LIMIT 1 [ RunTime:0.000000s ]
[ sql ] [ SQL ] SELECT * FROM `dcxw_menu` WHERE  `m_id` = 1 LIMIT 1 [ RunTime:0.000000s ]
[ sql ] [ SQL ] SELECT * FROM `dcxw_menu` WHERE  `m_id` = 2 LIMIT 1 [ RunTime:0.000000s ]
[ sql ] [ SQL ] SELECT * FROM `dcxw_menu` WHERE  `m_id` = 70 LIMIT 1 [ RunTime:0.000000s ]
[ sql ] [ SQL ] SELECT * FROM `dcxw_menu` WHERE  `m_id` = 71 LIMIT 1 [ RunTime:0.001000s ]
[ sql ] [ SQL ] SELECT * FROM `dcxw_menu` WHERE  `m_id` = 72 LIMIT 1 [ RunTime:0.000000s ]
[ sql ] [ SQL ] SELECT * FROM `dcxw_menu` WHERE  `m_id` = 4 LIMIT 1 [ RunTime:0.000000s ]
[ sql ] [ SQL ] SELECT * FROM `dcxw_menu` WHERE  `m_id` = 76 LIMIT 1 [ RunTime:0.001000s ]
[ sql ] [ SQL ] SELECT * FROM `dcxw_menu` WHERE  `m_id` = 77 LIMIT 1 [ RunTime:0.000000s ]
[ sql ] [ SQL ] SELECT * FROM `dcxw_menu` WHERE  `m_id` = 78 LIMIT 1 [ RunTime:0.000000s ]
[ sql ] [ SQL ] SELECT * FROM `dcxw_menu` WHERE  `m_id` = 136 LIMIT 1 [ RunTime:0.001000s ]
[ sql ] [ SQL ] SELECT * FROM `dcxw_menu` WHERE  `m_id` = 137 LIMIT 1 [ RunTime:0.000000s ]
[ sql ] [ SQL ] SELECT * FROM `dcxw_menu` WHERE  `m_id` = 140 LIMIT 1 [ RunTime:0.000000s ]
[ sql ] [ SQL ] SELECT * FROM `dcxw_menu` WHERE  `m_id` = 139 LIMIT 1 [ RunTime:0.001000s ]
[ sql ] [ SQL ] SELECT * FROM `dcxw_menu` WHERE  `m_id` = 141 LIMIT 1 [ RunTime:0.000000s ]
[ sql ] [ SQL ] SELECT * FROM `dcxw_menu` WHERE  `m_id` = 142 LIMIT 1 [ RunTime:0.000000s ]
[ sql ] [ SQL ] SELECT * FROM `dcxw_menu` WHERE  `m_id` = 143 LIMIT 1 [ RunTime:0.001000s ]
[ sql ] [ SQL ] SELECT * FROM `dcxw_menu` WHERE  `m_id` = 157 LIMIT 1 [ RunTime:0.000000s ]
[ sql ] [ SQL ] SELECT * FROM `dcxw_menu` WHERE  `m_id` = 158 LIMIT 1 [ RunTime:0.000000s ]
[ sql ] [ SQL ] SELECT * FROM `dcxw_menu` WHERE  `m_id` = 144 LIMIT 1 [ RunTime:0.001000s ]
[ sql ] [ SQL ] SELECT * FROM `dcxw_menu` WHERE  `m_id` = 145 LIMIT 1 [ RunTime:0.000000s ]
[ sql ] [ SQL ] SELECT * FROM `dcxw_menu` WHERE  `m_id` = 146 LIMIT 1 [ RunTime:0.000000s ]
[ sql ] [ SQL ] SELECT * FROM `dcxw_menu` WHERE  `m_id` = 147 LIMIT 1 [ RunTime:0.001000s ]
[ sql ] [ SQL ] SELECT * FROM `dcxw_menu` WHERE  `m_id` = 148 LIMIT 1 [ RunTime:0.000000s ]
[ sql ] [ SQL ] SELECT * FROM `dcxw_menu` WHERE  `m_id` = 149 LIMIT 1 [ RunTime:0.000000s ]
[ sql ] [ SQL ] SELECT * FROM `dcxw_menu` WHERE  `m_id` = 150 LIMIT 1 [ RunTime:0.000000s ]
[ sql ] [ SQL ] SELECT * FROM `dcxw_menu` WHERE  `m_id` = 151 LIMIT 1 [ RunTime:0.000000s ]
[ sql ] [ SQL ] SELECT * FROM `dcxw_menu` WHERE  `m_id` = 152 LIMIT 1 [ RunTime:0.000000s ]
[ sql ] [ SQL ] SELECT * FROM `dcxw_menu` WHERE  `m_id` = 153 LIMIT 1 [ RunTime:0.000000s ]
[ sql ] [ SQL ] SELECT * FROM `dcxw_menu` WHERE  `m_id` = 154 LIMIT 1 [ RunTime:0.000000s ]
[ sql ] [ SQL ] SELECT * FROM `dcxw_menu` WHERE  `m_id` = 155 LIMIT 1 [ RunTime:0.000000s ]
[ sql ] [ SQL ] SELECT * FROM `dcxw_admin` INNER JOIN `dcxw_role` `dcxw_role` ON `dcxw_admin`.`ad_role`=`dcxw_role`.`r_id` WHERE  `ad_id` = 1 LIMIT 1 [ RunTime:0.001000s ]
[ sql ] [ SQL ] SHOW COLUMNS FROM `dcxw_branch` [ RunTime:0.003000s ]
[ sql ] [ SQL ] SELECT `b_prex` FROM `dcxw_branch` WHERE  `b_id` = 22 LIMIT 1 [ RunTime:0.000000s ]
[ sql ] [ SQL ] SHOW COLUMNS FROM `dcxw_setinfo` [ RunTime:0.002000s ]
[ sql ] [ SQL ] SELECT `s_value` FROM `dcxw_setinfo` WHERE  `s_key` = 'webname' [ RunTime:0.001001s ]
---------------------------------------------------------------
[ 2018-11-10T17:34:55+08:00 ] 127.0.0.1 127.0.0.1 GET /admin/index/welcome.html
[ info ] www.bbb.com/admin/index/welcome.html [运行时间：0.026001s][吞吐率：38.46req/s] [内存消耗：1,475.95kb] [文件加载：46]
[ info ] [ LANG ] G:\xampp\htdocs\bbb\thinkphp\lang\zh-cn.php
[ info ] [ ROUTE ] array (
  'type' => 'module',
  'module' => 
  array (
    0 => 'admin',
    1 => 'index',
    2 => 'welcome',
  ),
)
[ info ] [ HEADER ] array (
  'host' => 'www.bbb.com',
  'connection' => 'keep-alive',
  'upgrade-insecure-requests' => '1',
  'user-agent' => 'Mozilla/5.0 (Windows NT 6.1; Win64; x64) AppleWebKit/537.36 (KHTML, like Gecko) Chrome/68.0.3440.106 Safari/537.36',
  'accept' => 'text/html,application/xhtml+xml,application/xml;q=0.9,image/webp,image/apng,*/*;q=0.8',
  'referer' => 'http://www.bbb.com/admin/index/index.html',
  'accept-encoding' => 'gzip, deflate',
  'accept-language' => 'zh-CN,zh;q=0.9',
  'cookie' => 'UM_distinctid=165c8054c9284-062272fa320a7f-323b5b03-1fa400-165c8054c93808; gr_user_id=6dd39fe4-2773-44f6-ac77-0d4960055290; CNZZDATA1000353613=343486579-1536658864-http%253A%252F%252Fwww.bbb.com%252F%7C1536800850; Hm_lvt_7492c81cf0f836f83a82e76a134d25e2=1536659115,1536800847; 58325___929688_KS_58325___929688=605a224bc5a142cd8b2384ab3d412caa; POP800_VISIT_TIMES=2; POP800_VISITOR_ID_L=666F09007A17D84DA467814349C4912C; CNZZDATA1274542463=1363221369-1536803477-null%7C1536803746; PAGE_VIEW_TIMES=5; PHPSESSID=fl352rv4u3uohavi9nc4sabukb',
)
[ info ] [ PARAM ] array (
)
[ info ] [ SESSION ] INIT array (
  'id' => '',
  'var_session_id' => '',
  'prefix' => 'think',
  'type' => '',
  'auto_start' => true,
)
[ info ] [ RUN ] app\admin\controller\Index->welcome[ G:\xampp\htdocs\bbb\application\admin\controller\Index.php ]
[ info ] [ VIEW ] G:\xampp\htdocs\bbb\public/../application/admin\view\index\welcome.html [ array (
) ]
[ info ] [ LOG ] INIT File
---------------------------------------------------------------
[ 2018-11-10T17:34:57+08:00 ] 127.0.0.1 127.0.0.1 GET /admin/house/index.html
[ info ] www.bbb.com/admin/house/index.html [运行时间：0.065004s][吞吐率：15.38req/s] [内存消耗：1,725.97kb] [文件加载：49]
[ info ] [ LANG ] G:\xampp\htdocs\bbb\thinkphp\lang\zh-cn.php
[ info ] [ ROUTE ] array (
  'type' => 'module',
  'module' => 
  array (
    0 => 'admin',
    1 => 'house',
    2 => 'index',
  ),
)
[ info ] [ HEADER ] array (
  'host' => 'www.bbb.com',
  'connection' => 'keep-alive',
  'upgrade-insecure-requests' => '1',
  'user-agent' => 'Mozilla/5.0 (Windows NT 6.1; Win64; x64) AppleWebKit/537.36 (KHTML, like Gecko) Chrome/68.0.3440.106 Safari/537.36',
  'accept' => 'text/html,application/xhtml+xml,application/xml;q=0.9,image/webp,image/apng,*/*;q=0.8',
  'referer' => 'http://www.bbb.com/admin/index/index.html',
  'accept-encoding' => 'gzip, deflate',
  'accept-language' => 'zh-CN,zh;q=0.9',
  'cookie' => 'UM_distinctid=165c8054c9284-062272fa320a7f-323b5b03-1fa400-165c8054c93808; gr_user_id=6dd39fe4-2773-44f6-ac77-0d4960055290; CNZZDATA1000353613=343486579-1536658864-http%253A%252F%252Fwww.bbb.com%252F%7C1536800850; Hm_lvt_7492c81cf0f836f83a82e76a134d25e2=1536659115,1536800847; 58325___929688_KS_58325___929688=605a224bc5a142cd8b2384ab3d412caa; POP800_VISIT_TIMES=2; POP800_VISITOR_ID_L=666F09007A17D84DA467814349C4912C; CNZZDATA1274542463=1363221369-1536803477-null%7C1536803746; PAGE_VIEW_TIMES=5; PHPSESSID=fl352rv4u3uohavi9nc4sabukb',
)
[ info ] [ PARAM ] array (
)
[ info ] [ SESSION ] INIT array (
  'id' => '',
  'var_session_id' => '',
  'prefix' => 'think',
  'type' => '',
  'auto_start' => true,
)
[ info ] [ RUN ] app\admin\controller\House->index[ G:\xampp\htdocs\bbb\application\admin\controller\House.php ]
[ info ] [ VIEW ] G:\xampp\htdocs\bbb\public/../application/admin\view\house\index.html [ array (
) ]
[ info ] [ LOG ] INIT File
---------------------------------------------------------------
[ 2018-11-10T17:34:57+08:00 ] 127.0.0.1 127.0.0.1 GET /admin/house/houseData/?page=1&limit=20
[ info ] www.bbb.com/admin/house/houseData/?page=1&limit=20 [运行时间：0.070004s][吞吐率：14.28req/s] [内存消耗：2,267.97kb] [文件加载：53]
[ info ] [ LANG ] G:\xampp\htdocs\bbb\thinkphp\lang\zh-cn.php
[ info ] [ ROUTE ] array (
  'type' => 'module',
  'module' => 
  array (
    0 => 'admin',
    1 => 'house',
    2 => 'houseData',
  ),
)
[ info ] [ HEADER ] array (
  'host' => 'www.bbb.com',
  'connection' => 'keep-alive',
  'accept' => 'application/json, text/javascript, */*; q=0.01',
  'x-requested-with' => 'XMLHttpRequest',
  'user-agent' => 'Mozilla/5.0 (Windows NT 6.1; Win64; x64) AppleWebKit/537.36 (KHTML, like Gecko) Chrome/68.0.3440.106 Safari/537.36',
  'referer' => 'http://www.bbb.com/admin/house/index.html',
  'accept-encoding' => 'gzip, deflate',
  'accept-language' => 'zh-CN,zh;q=0.9',
  'cookie' => 'UM_distinctid=165c8054c9284-062272fa320a7f-323b5b03-1fa400-165c8054c93808; gr_user_id=6dd39fe4-2773-44f6-ac77-0d4960055290; CNZZDATA1000353613=343486579-1536658864-http%253A%252F%252Fwww.bbb.com%252F%7C1536800850; Hm_lvt_7492c81cf0f836f83a82e76a134d25e2=1536659115,1536800847; 58325___929688_KS_58325___929688=605a224bc5a142cd8b2384ab3d412caa; POP800_VISIT_TIMES=2; POP800_VISITOR_ID_L=666F09007A17D84DA467814349C4912C; CNZZDATA1274542463=1363221369-1536803477-null%7C1536803746; PAGE_VIEW_TIMES=5; PHPSESSID=fl352rv4u3uohavi9nc4sabukb',
)
[ info ] [ PARAM ] array (
  'page' => '1',
  'limit' => '20',
)
[ info ] [ SESSION ] INIT array (
  'id' => '',
  'var_session_id' => '',
  'prefix' => 'think',
  'type' => '',
  'auto_start' => true,
)
[ info ] [ RUN ] app\admin\controller\House->houseData[ G:\xampp\htdocs\bbb\application\admin\controller\House.php ]
[ info ] [ DB ] INIT mysql
[ info ] [ LOG ] INIT File
[ sql ] [ DB ] CONNECT:[ UseTime:0.010001s ] mysql:host=127.0.0.1;port=3306;dbname=ddxx;charset=utf8
[ sql ] [ SQL ] SHOW COLUMNS FROM `dcxw_house` [ RunTime:0.004000s ]
[ sql ] [ SQL ] SELECT COUNT(*) AS tp_count FROM `dcxw_house` INNER JOIN `dcxw_province` `dcxw_province` ON `dcxw_province`.`p_id`=`dcxw_house`.`h_p_id` INNER JOIN `dcxw_city` `dcxw_city` ON `dcxw_city`.`c_id`=`dcxw_house`.`h_c_id` INNER JOIN `dcxw_area` `dcxw_area` ON `dcxw_area`.`area_id`=`dcxw_house`.`h_a_id` WHERE  (   1 = 1 ) LIMIT 1 [ RunTime:0.001000s ]
[ sql ] [ SQL ] SELECT * FROM `dcxw_house` INNER JOIN `dcxw_province` `dcxw_province` ON `dcxw_province`.`p_id`=`dcxw_house`.`h_p_id` INNER JOIN `dcxw_city` `dcxw_city` ON `dcxw_city`.`c_id`=`dcxw_house`.`h_c_id` INNER JOIN `dcxw_area` `dcxw_area` ON `dcxw_area`.`area_id`=`dcxw_house`.`h_a_id` WHERE  (   1 = 1 ) ORDER BY h_istop asc,h_isable,h_view desc LIMIT 0,20 [ RunTime:0.003000s ]
[ sql ] [ SQL ] SHOW COLUMNS FROM `dcxw_admin` [ RunTime:0.002000s ]
[ sql ] [ SQL ] SELECT `ad_realname` FROM `dcxw_admin` WHERE  `ad_id` = 1 LIMIT 1 [ RunTime:0.000000s ]
[ sql ] [ SQL ] SHOW COLUMNS FROM `dcxw_case` [ RunTime:0.003000s ]
[ sql ] [ SQL ] SELECT COUNT(*) AS tp_count FROM `dcxw_case` WHERE  `case_designer` = 47 LIMIT 1 [ RunTime:0.000000s ]
[ sql ] [ SQL ] SELECT `ad_realname` FROM `dcxw_admin` WHERE  `ad_id` = 1 LIMIT 1 [ RunTime:0.000000s ]
[ sql ] [ SQL ] SELECT COUNT(*) AS tp_count FROM `dcxw_case` WHERE  `case_designer` = 48 LIMIT 1 [ RunTime:0.000000s ]
[ sql ] [ SQL ] SHOW COLUMNS FROM `dcxw_user` [ RunTime:0.002000s ]
[ sql ] [ SQL ] SELECT `u_name` FROM `dcxw_user` WHERE  `u_id` = 114 LIMIT 1 [ RunTime:0.001000s ]
[ sql ] [ SQL ] SELECT COUNT(*) AS tp_count FROM `dcxw_case` WHERE  `case_designer` = 80 LIMIT 1 [ RunTime:0.000000s ]
[ sql ] [ SQL ] SELECT `u_name` FROM `dcxw_user` WHERE  `u_id` = 114 LIMIT 1 [ RunTime:0.000000s ]
[ sql ] [ SQL ] SELECT COUNT(*) AS tp_count FROM `dcxw_case` WHERE  `case_designer` = 81 LIMIT 1 [ RunTime:0.000000s ]
[ sql ] [ SQL ] SELECT `ad_realname` FROM `dcxw_admin` WHERE  `ad_id` = 90 LIMIT 1 [ RunTime:0.000000s ]
[ sql ] [ SQL ] SELECT COUNT(*) AS tp_count FROM `dcxw_case` WHERE  `case_designer` = 46 LIMIT 1 [ RunTime:0.001000s ]
[ sql ] [ SQL ] SELECT `ad_realname` FROM `dcxw_admin` WHERE  `ad_id` = 90 LIMIT 1 [ RunTime:0.000000s ]
[ sql ] [ SQL ] SELECT COUNT(*) AS tp_count FROM `dcxw_case` WHERE  `case_designer` = 55 LIMIT 1 [ RunTime:0.001000s ]
[ sql ] [ SQL ] SELECT `ad_realname` FROM `dcxw_admin` WHERE  `ad_id` = 83 LIMIT 1 [ RunTime:0.000000s ]
[ sql ] [ SQL ] SELECT COUNT(*) AS tp_count FROM `dcxw_case` WHERE  `case_designer` = 44 LIMIT 1 [ RunTime:0.000000s ]
[ sql ] [ SQL ] SELECT `ad_realname` FROM `dcxw_admin` WHERE  `ad_id` = 90 LIMIT 1 [ RunTime:0.000000s ]
[ sql ] [ SQL ] SELECT COUNT(*) AS tp_count FROM `dcxw_case` WHERE  `case_designer` = 79 LIMIT 1 [ RunTime:0.000000s ]
[ sql ] [ SQL ] SELECT `ad_realname` FROM `dcxw_admin` WHERE  `ad_id` = 1 LIMIT 1 [ RunTime:0.000000s ]
[ sql ] [ SQL ] SELECT COUNT(*) AS tp_count FROM `dcxw_case` WHERE  `case_designer` = 49 LIMIT 1 [ RunTime:0.000000s ]
[ sql ] [ SQL ] SELECT `ad_realname` FROM `dcxw_admin` WHERE  `ad_id` = 1 LIMIT 1 [ RunTime:0.001000s ]
[ sql ] [ SQL ] SELECT COUNT(*) AS tp_count FROM `dcxw_case` WHERE  `case_designer` = 51 LIMIT 1 [ RunTime:0.000000s ]
[ sql ] [ SQL ] SELECT `ad_realname` FROM `dcxw_admin` WHERE  `ad_id` = 1 LIMIT 1 [ RunTime:0.000000s ]
[ sql ] [ SQL ] SELECT COUNT(*) AS tp_count FROM `dcxw_case` WHERE  `case_designer` = 52 LIMIT 1 [ RunTime:0.001000s ]
[ sql ] [ SQL ] SELECT `ad_realname` FROM `dcxw_admin` WHERE  `ad_id` = 1 LIMIT 1 [ RunTime:0.000000s ]
[ sql ] [ SQL ] SELECT COUNT(*) AS tp_count FROM `dcxw_case` WHERE  `case_designer` = 53 LIMIT 1 [ RunTime:0.000000s ]
[ sql ] [ SQL ] SELECT `ad_realname` FROM `dcxw_admin` WHERE  `ad_id` = 1 LIMIT 1 [ RunTime:0.000000s ]
[ sql ] [ SQL ] SELECT COUNT(*) AS tp_count FROM `dcxw_case` WHERE  `case_designer` = 54 LIMIT 1 [ RunTime:0.000000s ]
[ sql ] [ SQL ] SELECT `ad_realname` FROM `dcxw_admin` WHERE  `ad_id` = 90 LIMIT 1 [ RunTime:0.000000s ]
[ sql ] [ SQL ] SELECT COUNT(*) AS tp_count FROM `dcxw_case` WHERE  `case_designer` = 68 LIMIT 1 [ RunTime:0.000000s ]
[ sql ] [ SQL ] SELECT `ad_realname` FROM `dcxw_admin` WHERE  `ad_id` = 90 LIMIT 1 [ RunTime:0.001000s ]
[ sql ] [ SQL ] SELECT COUNT(*) AS tp_count FROM `dcxw_case` WHERE  `case_designer` = 69 LIMIT 1 [ RunTime:0.000000s ]
[ sql ] [ SQL ] SELECT `ad_realname` FROM `dcxw_admin` WHERE  `ad_id` = 90 LIMIT 1 [ RunTime:0.000000s ]
[ sql ] [ SQL ] SELECT COUNT(*) AS tp_count FROM `dcxw_case` WHERE  `case_designer` = 70 LIMIT 1 [ RunTime:0.001000s ]
[ sql ] [ SQL ] SELECT `ad_realname` FROM `dcxw_admin` WHERE  `ad_id` = 90 LIMIT 1 [ RunTime:0.000000s ]
[ sql ] [ SQL ] SELECT COUNT(*) AS tp_count FROM `dcxw_case` WHERE  `case_designer` = 71 LIMIT 1 [ RunTime:0.000000s ]
[ sql ] [ SQL ] SELECT `ad_realname` FROM `dcxw_admin` WHERE  `ad_id` = 90 LIMIT 1 [ RunTime:0.000000s ]
[ sql ] [ SQL ] SELECT COUNT(*) AS tp_count FROM `dcxw_case` WHERE  `case_designer` = 72 LIMIT 1 [ RunTime:0.000000s ]
[ sql ] [ SQL ] SELECT `ad_realname` FROM `dcxw_admin` WHERE  `ad_id` = 90 LIMIT 1 [ RunTime:0.000000s ]
[ sql ] [ SQL ] SELECT COUNT(*) AS tp_count FROM `dcxw_case` WHERE  `case_designer` = 74 LIMIT 1 [ RunTime:0.000000s ]
[ sql ] [ SQL ] SELECT `ad_realname` FROM `dcxw_admin` WHERE  `ad_id` = 90 LIMIT 1 [ RunTime:0.001000s ]
[ sql ] [ SQL ] SELECT COUNT(*) AS tp_count FROM `dcxw_case` WHERE  `case_designer` = 75 LIMIT 1 [ RunTime:0.000000s ]
---------------------------------------------------------------
[ 2018-11-10T17:34:58+08:00 ] 127.0.0.1 127.0.0.1 GET /admin/house/payment.html?b_id=201810310006
[ info ] www.bbb.com/admin/house/payment.html?b_id=201810310006 [运行时间：0.041002s][吞吐率：24.39req/s] [内存消耗：1,556.78kb] [文件加载：48]
[ info ] [ LANG ] G:\xampp\htdocs\bbb\thinkphp\lang\zh-cn.php
[ info ] [ ROUTE ] array (
  'type' => 'module',
  'module' => 
  array (
    0 => 'admin',
    1 => 'house',
    2 => 'payment',
  ),
)
[ info ] [ HEADER ] array (
  'host' => 'www.bbb.com',
  'connection' => 'keep-alive',
  'upgrade-insecure-requests' => '1',
  'user-agent' => 'Mozilla/5.0 (Windows NT 6.1; Win64; x64) AppleWebKit/537.36 (KHTML, like Gecko) Chrome/68.0.3440.106 Safari/537.36',
  'accept' => 'text/html,application/xhtml+xml,application/xml;q=0.9,image/webp,image/apng,*/*;q=0.8',
  'referer' => 'http://www.bbb.com/admin/house/index.html',
  'accept-encoding' => 'gzip, deflate',
  'accept-language' => 'zh-CN,zh;q=0.9',
  'cookie' => 'UM_distinctid=165c8054c9284-062272fa320a7f-323b5b03-1fa400-165c8054c93808; gr_user_id=6dd39fe4-2773-44f6-ac77-0d4960055290; CNZZDATA1000353613=343486579-1536658864-http%253A%252F%252Fwww.bbb.com%252F%7C1536800850; Hm_lvt_7492c81cf0f836f83a82e76a134d25e2=1536659115,1536800847; 58325___929688_KS_58325___929688=605a224bc5a142cd8b2384ab3d412caa; POP800_VISIT_TIMES=2; POP800_VISITOR_ID_L=666F09007A17D84DA467814349C4912C; CNZZDATA1274542463=1363221369-1536803477-null%7C1536803746; PAGE_VIEW_TIMES=5; PHPSESSID=fl352rv4u3uohavi9nc4sabukb',
)
[ info ] [ PARAM ] array (
  'b_id' => '201810310006',
)
[ info ] [ SESSION ] INIT array (
  'id' => '',
  'var_session_id' => '',
  'prefix' => 'think',
  'type' => '',
  'auto_start' => true,
)
[ info ] [ LOG ] INIT File
---------------------------------------------------------------
[ 2018-11-10T17:38:05+08:00 ] 127.0.0.1 127.0.0.1 GET /admin/index/index.html
[ info ] www.bbb.com/admin/index/index.html [运行时间：0.090005s][吞吐率：11.11req/s] [内存消耗：2,297.02kb] [文件加载：54]
[ info ] [ LANG ] G:\xampp\htdocs\bbb\thinkphp\lang\zh-cn.php
[ info ] [ ROUTE ] array (
  'type' => 'module',
  'module' => 
  array (
    0 => 'admin',
    1 => 'index',
    2 => 'index',
  ),
)
[ info ] [ HEADER ] array (
  'host' => 'www.bbb.com',
  'connection' => 'keep-alive',
  'cache-control' => 'max-age=0',
  'upgrade-insecure-requests' => '1',
  'user-agent' => 'Mozilla/5.0 (Windows NT 6.1; Win64; x64) AppleWebKit/537.36 (KHTML, like Gecko) Chrome/68.0.3440.106 Safari/537.36',
  'accept' => 'text/html,application/xhtml+xml,application/xml;q=0.9,image/webp,image/apng,*/*;q=0.8',
  'referer' => 'http://www.bbb.com/admin/index/index.html',
  'accept-encoding' => 'gzip, deflate',
  'accept-language' => 'zh-CN,zh;q=0.9',
  'cookie' => 'UM_distinctid=165c8054c9284-062272fa320a7f-323b5b03-1fa400-165c8054c93808; gr_user_id=6dd39fe4-2773-44f6-ac77-0d4960055290; CNZZDATA1000353613=343486579-1536658864-http%253A%252F%252Fwww.bbb.com%252F%7C1536800850; Hm_lvt_7492c81cf0f836f83a82e76a134d25e2=1536659115,1536800847; 58325___929688_KS_58325___929688=605a224bc5a142cd8b2384ab3d412caa; POP800_VISIT_TIMES=2; POP800_VISITOR_ID_L=666F09007A17D84DA467814349C4912C; CNZZDATA1274542463=1363221369-1536803477-null%7C1536803746; PAGE_VIEW_TIMES=5; PHPSESSID=fl352rv4u3uohavi9nc4sabukb',
)
[ info ] [ PARAM ] array (
)
[ info ] [ SESSION ] INIT array (
  'id' => '',
  'var_session_id' => '',
  'prefix' => 'think',
  'type' => '',
  'auto_start' => true,
)
[ info ] [ RUN ] app\admin\controller\Index->index[ G:\xampp\htdocs\bbb\application\admin\controller\Index.php ]
[ info ] [ DB ] INIT mysql
[ info ] [ VIEW ] G:\xampp\htdocs\bbb\public/../application/admin\view\index\index.html [ array (
  0 => 'branchWeb',
  1 => 'admin',
  2 => 'menuList',
  3 => 'siteName',
  4 => 'ad_role',
) ]
[ info ] [ LOG ] INIT File
[ sql ] [ DB ] CONNECT:[ UseTime:0.010001s ] mysql:host=127.0.0.1;port=3306;dbname=ddxx;charset=utf8
[ sql ] [ SQL ] SHOW COLUMNS FROM `dcxw_admin` [ RunTime:0.003000s ]
[ sql ] [ SQL ] SELECT * FROM `dcxw_admin` `admin` INNER JOIN `dcxw_role` `role` ON `admin`.`ad_role`=`role`.`r_id` WHERE  `admin`.`ad_id` = 1 LIMIT 1 [ RunTime:0.000000s ]
[ sql ] [ SQL ] SHOW COLUMNS FROM `dcxw_menu` [ RunTime:0.003000s ]
[ sql ] [ SQL ] SELECT * FROM `dcxw_menu` WHERE  `m_id` = 22 LIMIT 1 [ RunTime:0.001000s ]
[ sql ] [ SQL ] SELECT * FROM `dcxw_menu` WHERE  `m_id` = 23 LIMIT 1 [ RunTime:0.000000s ]
[ sql ] [ SQL ] SELECT * FROM `dcxw_menu` WHERE  `m_id` = 60 LIMIT 1 [ RunTime:0.001000s ]
[ sql ] [ SQL ] SELECT * FROM `dcxw_menu` WHERE  `m_id` = 61 LIMIT 1 [ RunTime:0.000000s ]
[ sql ] [ SQL ] SELECT * FROM `dcxw_menu` WHERE  `m_id` = 62 LIMIT 1 [ RunTime:0.000000s ]
[ sql ] [ SQL ] SELECT * FROM `dcxw_menu` WHERE  `m_id` = 156 LIMIT 1 [ RunTime:0.001000s ]
[ sql ] [ SQL ] SELECT * FROM `dcxw_menu` WHERE  `m_id` = 29 LIMIT 1 [ RunTime:0.000000s ]
[ sql ] [ SQL ] SELECT * FROM `dcxw_menu` WHERE  `m_id` = 30 LIMIT 1 [ RunTime:0.000000s ]
[ sql ] [ SQL ] SELECT * FROM `dcxw_menu` WHERE  `m_id` = 42 LIMIT 1 [ RunTime:0.001001s ]
[ sql ] [ SQL ] SELECT * FROM `dcxw_menu` WHERE  `m_id` = 43 LIMIT 1 [ RunTime:0.000000s ]
[ sql ] [ SQL ] SELECT * FROM `dcxw_menu` WHERE  `m_id` = 44 LIMIT 1 [ RunTime:0.000000s ]
[ sql ] [ SQL ] SELECT * FROM `dcxw_menu` WHERE  `m_id` = 31 LIMIT 1 [ RunTime:0.001000s ]
[ sql ] [ SQL ] SELECT * FROM `dcxw_menu` WHERE  `m_id` = 83 LIMIT 1 [ RunTime:0.000000s ]
[ sql ] [ SQL ] SELECT * FROM `dcxw_menu` WHERE  `m_id` = 108 LIMIT 1 [ RunTime:0.000000s ]
[ sql ] [ SQL ] SELECT * FROM `dcxw_menu` WHERE  `m_id` = 109 LIMIT 1 [ RunTime:0.000000s ]
[ sql ] [ SQL ] SELECT * FROM `dcxw_menu` WHERE  `m_id` = 110 LIMIT 1 [ RunTime:0.000000s ]
[ sql ] [ SQL ] SELECT * FROM `dcxw_menu` WHERE  `m_id` = 10 LIMIT 1 [ RunTime:0.001000s ]
[ sql ] [ SQL ] SELECT * FROM `dcxw_menu` WHERE  `m_id` = 11 LIMIT 1 [ RunTime:0.000000s ]
[ sql ] [ SQL ] SELECT * FROM `dcxw_menu` WHERE  `m_id` = 114 LIMIT 1 [ RunTime:0.000000s ]
[ sql ] [ SQL ] SELECT * FROM `dcxw_menu` WHERE  `m_id` = 115 LIMIT 1 [ RunTime:0.000000s ]
[ sql ] [ SQL ] SELECT * FROM `dcxw_menu` WHERE  `m_id` = 116 LIMIT 1 [ RunTime:0.000000s ]
[ sql ] [ SQL ] SELECT * FROM `dcxw_menu` WHERE  `m_id` = 87 LIMIT 1 [ RunTime:0.000000s ]
[ sql ] [ SQL ] SELECT * FROM `dcxw_menu` WHERE  `m_id` = 119 LIMIT 1 [ RunTime:0.000000s ]
[ sql ] [ SQL ] SELECT * FROM `dcxw_menu` WHERE  `m_id` = 120 LIMIT 1 [ RunTime:0.000000s ]
[ sql ] [ SQL ] SELECT * FROM `dcxw_menu` WHERE  `m_id` = 121 LIMIT 1 [ RunTime:0.000000s ]
[ sql ] [ SQL ] SELECT * FROM `dcxw_menu` WHERE  `m_id` = 19 LIMIT 1 [ RunTime:0.001000s ]
[ sql ] [ SQL ] SELECT * FROM `dcxw_menu` WHERE  `m_id` = 122 LIMIT 1 [ RunTime:0.000000s ]
[ sql ] [ SQL ] SELECT * FROM `dcxw_menu` WHERE  `m_id` = 123 LIMIT 1 [ RunTime:0.000000s ]
[ sql ] [ SQL ] SELECT * FROM `dcxw_menu` WHERE  `m_id` = 124 LIMIT 1 [ RunTime:0.000000s ]
[ sql ] [ SQL ] SELECT * FROM `dcxw_menu` WHERE  `m_id` = 21 LIMIT 1 [ RunTime:0.000000s ]
[ sql ] [ SQL ] SELECT * FROM `dcxw_menu` WHERE  `m_id` = 128 LIMIT 1 [ RunTime:0.000000s ]
[ sql ] [ SQL ] SELECT * FROM `dcxw_menu` WHERE  `m_id` = 129 LIMIT 1 [ RunTime:0.000000s ]
[ sql ] [ SQL ] SELECT * FROM `dcxw_menu` WHERE  `m_id` = 130 LIMIT 1 [ RunTime:0.000000s ]
[ sql ] [ SQL ] SELECT * FROM `dcxw_menu` WHERE  `m_id` = 1 LIMIT 1 [ RunTime:0.000000s ]
[ sql ] [ SQL ] SELECT * FROM `dcxw_menu` WHERE  `m_id` = 2 LIMIT 1 [ RunTime:0.001000s ]
[ sql ] [ SQL ] SELECT * FROM `dcxw_menu` WHERE  `m_id` = 70 LIMIT 1 [ RunTime:0.000000s ]
[ sql ] [ SQL ] SELECT * FROM `dcxw_menu` WHERE  `m_id` = 71 LIMIT 1 [ RunTime:0.000000s ]
[ sql ] [ SQL ] SELECT * FROM `dcxw_menu` WHERE  `m_id` = 72 LIMIT 1 [ RunTime:0.001000s ]
[ sql ] [ SQL ] SELECT * FROM `dcxw_menu` WHERE  `m_id` = 4 LIMIT 1 [ RunTime:0.000000s ]
[ sql ] [ SQL ] SELECT * FROM `dcxw_menu` WHERE  `m_id` = 76 LIMIT 1 [ RunTime:0.000000s ]
[ sql ] [ SQL ] SELECT * FROM `dcxw_menu` WHERE  `m_id` = 77 LIMIT 1 [ RunTime:0.000000s ]
[ sql ] [ SQL ] SELECT * FROM `dcxw_menu` WHERE  `m_id` = 78 LIMIT 1 [ RunTime:0.000000s ]
[ sql ] [ SQL ] SELECT * FROM `dcxw_menu` WHERE  `m_id` = 136 LIMIT 1 [ RunTime:0.001000s ]
[ sql ] [ SQL ] SELECT * FROM `dcxw_menu` WHERE  `m_id` = 137 LIMIT 1 [ RunTime:0.000000s ]
[ sql ] [ SQL ] SELECT * FROM `dcxw_menu` WHERE  `m_id` = 140 LIMIT 1 [ RunTime:0.001000s ]
[ sql ] [ SQL ] SELECT * FROM `dcxw_menu` WHERE  `m_id` = 139 LIMIT 1 [ RunTime:0.000000s ]
[ sql ] [ SQL ] SELECT * FROM `dcxw_menu` WHERE  `m_id` = 141 LIMIT 1 [ RunTime:0.000000s ]
[ sql ] [ SQL ] SELECT * FROM `dcxw_menu` WHERE  `m_id` = 142 LIMIT 1 [ RunTime:0.001000s ]
[ sql ] [ SQL ] SELECT * FROM `dcxw_menu` WHERE  `m_id` = 143 LIMIT 1 [ RunTime:0.000000s ]
[ sql ] [ SQL ] SELECT * FROM `dcxw_menu` WHERE  `m_id` = 157 LIMIT 1 [ RunTime:0.000000s ]
[ sql ] [ SQL ] SELECT * FROM `dcxw_menu` WHERE  `m_id` = 158 LIMIT 1 [ RunTime:0.000000s ]
[ sql ] [ SQL ] SELECT * FROM `dcxw_menu` WHERE  `m_id` = 144 LIMIT 1 [ RunTime:0.000000s ]
[ sql ] [ SQL ] SELECT * FROM `dcxw_menu` WHERE  `m_id` = 145 LIMIT 1 [ RunTime:0.000000s ]
[ sql ] [ SQL ] SELECT * FROM `dcxw_menu` WHERE  `m_id` = 146 LIMIT 1 [ RunTime:0.000000s ]
[ sql ] [ SQL ] SELECT * FROM `dcxw_menu` WHERE  `m_id` = 147 LIMIT 1 [ RunTime:0.000000s ]
[ sql ] [ SQL ] SELECT * FROM `dcxw_menu` WHERE  `m_id` = 148 LIMIT 1 [ RunTime:0.000000s ]
[ sql ] [ SQL ] SELECT * FROM `dcxw_menu` WHERE  `m_id` = 149 LIMIT 1 [ RunTime:0.001001s ]
[ sql ] [ SQL ] SELECT * FROM `dcxw_menu` WHERE  `m_id` = 150 LIMIT 1 [ RunTime:0.000000s ]
[ sql ] [ SQL ] SELECT * FROM `dcxw_menu` WHERE  `m_id` = 151 LIMIT 1 [ RunTime:0.000000s ]
[ sql ] [ SQL ] SELECT * FROM `dcxw_menu` WHERE  `m_id` = 152 LIMIT 1 [ RunTime:0.001000s ]
[ sql ] [ SQL ] SELECT * FROM `dcxw_menu` WHERE  `m_id` = 153 LIMIT 1 [ RunTime:0.000000s ]
[ sql ] [ SQL ] SELECT * FROM `dcxw_menu` WHERE  `m_id` = 154 LIMIT 1 [ RunTime:0.000000s ]
[ sql ] [ SQL ] SELECT * FROM `dcxw_menu` WHERE  `m_id` = 155 LIMIT 1 [ RunTime:0.000000s ]
[ sql ] [ SQL ] SELECT * FROM `dcxw_admin` INNER JOIN `dcxw_role` `dcxw_role` ON `dcxw_admin`.`ad_role`=`dcxw_role`.`r_id` WHERE  `ad_id` = 1 LIMIT 1 [ RunTime:0.000000s ]
[ sql ] [ SQL ] SHOW COLUMNS FROM `dcxw_branch` [ RunTime:0.003000s ]
[ sql ] [ SQL ] SELECT `b_prex` FROM `dcxw_branch` WHERE  `b_id` = 22 LIMIT 1 [ RunTime:0.000000s ]
[ sql ] [ SQL ] SHOW COLUMNS FROM `dcxw_setinfo` [ RunTime:0.003000s ]
[ sql ] [ SQL ] SELECT `s_value` FROM `dcxw_setinfo` WHERE  `s_key` = 'webname' [ RunTime:0.000000s ]
---------------------------------------------------------------
[ 2018-11-10T17:38:05+08:00 ] 127.0.0.1 127.0.0.1 GET /admin/index/welcome.html
[ info ] www.bbb.com/admin/index/welcome.html [运行时间：0.022001s][吞吐率：45.45req/s] [内存消耗：1,475.95kb] [文件加载：46]
[ info ] [ LANG ] G:\xampp\htdocs\bbb\thinkphp\lang\zh-cn.php
[ info ] [ ROUTE ] array (
  'type' => 'module',
  'module' => 
  array (
    0 => 'admin',
    1 => 'index',
    2 => 'welcome',
  ),
)
[ info ] [ HEADER ] array (
  'host' => 'www.bbb.com',
  'connection' => 'keep-alive',
  'upgrade-insecure-requests' => '1',
  'user-agent' => 'Mozilla/5.0 (Windows NT 6.1; Win64; x64) AppleWebKit/537.36 (KHTML, like Gecko) Chrome/68.0.3440.106 Safari/537.36',
  'accept' => 'text/html,application/xhtml+xml,application/xml;q=0.9,image/webp,image/apng,*/*;q=0.8',
  'referer' => 'http://www.bbb.com/admin/index/index.html',
  'accept-encoding' => 'gzip, deflate',
  'accept-language' => 'zh-CN,zh;q=0.9',
  'cookie' => 'UM_distinctid=165c8054c9284-062272fa320a7f-323b5b03-1fa400-165c8054c93808; gr_user_id=6dd39fe4-2773-44f6-ac77-0d4960055290; CNZZDATA1000353613=343486579-1536658864-http%253A%252F%252Fwww.bbb.com%252F%7C1536800850; Hm_lvt_7492c81cf0f836f83a82e76a134d25e2=1536659115,1536800847; 58325___929688_KS_58325___929688=605a224bc5a142cd8b2384ab3d412caa; POP800_VISIT_TIMES=2; POP800_VISITOR_ID_L=666F09007A17D84DA467814349C4912C; CNZZDATA1274542463=1363221369-1536803477-null%7C1536803746; PAGE_VIEW_TIMES=5; PHPSESSID=fl352rv4u3uohavi9nc4sabukb',
)
[ info ] [ PARAM ] array (
)
[ info ] [ SESSION ] INIT array (
  'id' => '',
  'var_session_id' => '',
  'prefix' => 'think',
  'type' => '',
  'auto_start' => true,
)
[ info ] [ RUN ] app\admin\controller\Index->welcome[ G:\xampp\htdocs\bbb\application\admin\controller\Index.php ]
[ info ] [ VIEW ] G:\xampp\htdocs\bbb\public/../application/admin\view\index\welcome.html [ array (
) ]
[ info ] [ LOG ] INIT File
---------------------------------------------------------------
[ 2018-11-10T17:38:06+08:00 ] 127.0.0.1 127.0.0.1 GET /admin/house/index.html
[ info ] www.bbb.com/admin/house/index.html [运行时间：0.053003s][吞吐率：18.87req/s] [内存消耗：1,584.40kb] [文件加载：47]
[ info ] [ LANG ] G:\xampp\htdocs\bbb\thinkphp\lang\zh-cn.php
[ info ] [ ROUTE ] array (
  'type' => 'module',
  'module' => 
  array (
    0 => 'admin',
    1 => 'house',
    2 => 'index',
  ),
)
[ info ] [ HEADER ] array (
  'host' => 'www.bbb.com',
  'connection' => 'keep-alive',
  'upgrade-insecure-requests' => '1',
  'user-agent' => 'Mozilla/5.0 (Windows NT 6.1; Win64; x64) AppleWebKit/537.36 (KHTML, like Gecko) Chrome/68.0.3440.106 Safari/537.36',
  'accept' => 'text/html,application/xhtml+xml,application/xml;q=0.9,image/webp,image/apng,*/*;q=0.8',
  'referer' => 'http://www.bbb.com/admin/index/index.html',
  'accept-encoding' => 'gzip, deflate',
  'accept-language' => 'zh-CN,zh;q=0.9',
  'cookie' => 'UM_distinctid=165c8054c9284-062272fa320a7f-323b5b03-1fa400-165c8054c93808; gr_user_id=6dd39fe4-2773-44f6-ac77-0d4960055290; CNZZDATA1000353613=343486579-1536658864-http%253A%252F%252Fwww.bbb.com%252F%7C1536800850; Hm_lvt_7492c81cf0f836f83a82e76a134d25e2=1536659115,1536800847; 58325___929688_KS_58325___929688=605a224bc5a142cd8b2384ab3d412caa; POP800_VISIT_TIMES=2; POP800_VISITOR_ID_L=666F09007A17D84DA467814349C4912C; CNZZDATA1274542463=1363221369-1536803477-null%7C1536803746; PAGE_VIEW_TIMES=5; PHPSESSID=fl352rv4u3uohavi9nc4sabukb',
)
[ info ] [ PARAM ] array (
)
[ info ] [ SESSION ] INIT array (
  'id' => '',
  'var_session_id' => '',
  'prefix' => 'think',
  'type' => '',
  'auto_start' => true,
)
[ info ] [ RUN ] app\admin\controller\House->index[ G:\xampp\htdocs\bbb\application\admin\controller\House.php ]
[ info ] [ VIEW ] G:\xampp\htdocs\bbb\public/../application/admin\view\house\index.html [ array (
) ]
[ info ] [ LOG ] INIT File
---------------------------------------------------------------
[ 2018-11-10T17:38:07+08:00 ] 127.0.0.1 127.0.0.1 GET /admin/house/houseData/?page=1&limit=20
[ info ] www.bbb.com/admin/house/houseData/?page=1&limit=20 [运行时间：0.059003s][吞吐率：16.95req/s] [内存消耗：2,267.97kb] [文件加载：53]
[ info ] [ LANG ] G:\xampp\htdocs\bbb\thinkphp\lang\zh-cn.php
[ info ] [ ROUTE ] array (
  'type' => 'module',
  'module' => 
  array (
    0 => 'admin',
    1 => 'house',
    2 => 'houseData',
  ),
)
[ info ] [ HEADER ] array (
  'host' => 'www.bbb.com',
  'connection' => 'keep-alive',
  'accept' => 'application/json, text/javascript, */*; q=0.01',
  'x-requested-with' => 'XMLHttpRequest',
  'user-agent' => 'Mozilla/5.0 (Windows NT 6.1; Win64; x64) AppleWebKit/537.36 (KHTML, like Gecko) Chrome/68.0.3440.106 Safari/537.36',
  'referer' => 'http://www.bbb.com/admin/house/index.html',
  'accept-encoding' => 'gzip, deflate',
  'accept-language' => 'zh-CN,zh;q=0.9',
  'cookie' => 'UM_distinctid=165c8054c9284-062272fa320a7f-323b5b03-1fa400-165c8054c93808; gr_user_id=6dd39fe4-2773-44f6-ac77-0d4960055290; CNZZDATA1000353613=343486579-1536658864-http%253A%252F%252Fwww.bbb.com%252F%7C1536800850; Hm_lvt_7492c81cf0f836f83a82e76a134d25e2=1536659115,1536800847; 58325___929688_KS_58325___929688=605a224bc5a142cd8b2384ab3d412caa; POP800_VISIT_TIMES=2; POP800_VISITOR_ID_L=666F09007A17D84DA467814349C4912C; CNZZDATA1274542463=1363221369-1536803477-null%7C1536803746; PAGE_VIEW_TIMES=5; PHPSESSID=fl352rv4u3uohavi9nc4sabukb',
)
[ info ] [ PARAM ] array (
  'page' => '1',
  'limit' => '20',
)
[ info ] [ SESSION ] INIT array (
  'id' => '',
  'var_session_id' => '',
  'prefix' => 'think',
  'type' => '',
  'auto_start' => true,
)
[ info ] [ RUN ] app\admin\controller\House->houseData[ G:\xampp\htdocs\bbb\application\admin\controller\House.php ]
[ info ] [ DB ] INIT mysql
[ info ] [ LOG ] INIT File
[ sql ] [ DB ] CONNECT:[ UseTime:0.000000s ] mysql:host=127.0.0.1;port=3306;dbname=ddxx;charset=utf8
[ sql ] [ SQL ] SHOW COLUMNS FROM `dcxw_house` [ RunTime:0.003001s ]
[ sql ] [ SQL ] SELECT COUNT(*) AS tp_count FROM `dcxw_house` INNER JOIN `dcxw_province` `dcxw_province` ON `dcxw_province`.`p_id`=`dcxw_house`.`h_p_id` INNER JOIN `dcxw_city` `dcxw_city` ON `dcxw_city`.`c_id`=`dcxw_house`.`h_c_id` INNER JOIN `dcxw_area` `dcxw_area` ON `dcxw_area`.`area_id`=`dcxw_house`.`h_a_id` WHERE  (   1 = 1 ) LIMIT 1 [ RunTime:0.000000s ]
[ sql ] [ SQL ] SELECT * FROM `dcxw_house` INNER JOIN `dcxw_province` `dcxw_province` ON `dcxw_province`.`p_id`=`dcxw_house`.`h_p_id` INNER JOIN `dcxw_city` `dcxw_city` ON `dcxw_city`.`c_id`=`dcxw_house`.`h_c_id` INNER JOIN `dcxw_area` `dcxw_area` ON `dcxw_area`.`area_id`=`dcxw_house`.`h_a_id` WHERE  (   1 = 1 ) ORDER BY h_istop asc,h_isable,h_view desc LIMIT 0,20 [ RunTime:0.002000s ]
[ sql ] [ SQL ] SHOW COLUMNS FROM `dcxw_admin` [ RunTime:0.002000s ]
[ sql ] [ SQL ] SELECT `ad_realname` FROM `dcxw_admin` WHERE  `ad_id` = 1 LIMIT 1 [ RunTime:0.000000s ]
[ sql ] [ SQL ] SHOW COLUMNS FROM `dcxw_case` [ RunTime:0.002000s ]
[ sql ] [ SQL ] SELECT COUNT(*) AS tp_count FROM `dcxw_case` WHERE  `case_designer` = 47 LIMIT 1 [ RunTime:0.000000s ]
[ sql ] [ SQL ] SELECT `ad_realname` FROM `dcxw_admin` WHERE  `ad_id` = 1 LIMIT 1 [ RunTime:0.000000s ]
[ sql ] [ SQL ] SELECT COUNT(*) AS tp_count FROM `dcxw_case` WHERE  `case_designer` = 48 LIMIT 1 [ RunTime:0.000000s ]
[ sql ] [ SQL ] SHOW COLUMNS FROM `dcxw_user` [ RunTime:0.002000s ]
[ sql ] [ SQL ] SELECT `u_name` FROM `dcxw_user` WHERE  `u_id` = 114 LIMIT 1 [ RunTime:0.001000s ]
[ sql ] [ SQL ] SELECT COUNT(*) AS tp_count FROM `dcxw_case` WHERE  `case_designer` = 80 LIMIT 1 [ RunTime:0.000000s ]
[ sql ] [ SQL ] SELECT `u_name` FROM `dcxw_user` WHERE  `u_id` = 114 LIMIT 1 [ RunTime:0.000000s ]
[ sql ] [ SQL ] SELECT COUNT(*) AS tp_count FROM `dcxw_case` WHERE  `case_designer` = 81 LIMIT 1 [ RunTime:0.000000s ]
[ sql ] [ SQL ] SELECT `ad_realname` FROM `dcxw_admin` WHERE  `ad_id` = 90 LIMIT 1 [ RunTime:0.000000s ]
[ sql ] [ SQL ] SELECT COUNT(*) AS tp_count FROM `dcxw_case` WHERE  `case_designer` = 46 LIMIT 1 [ RunTime:0.000000s ]
[ sql ] [ SQL ] SELECT `ad_realname` FROM `dcxw_admin` WHERE  `ad_id` = 90 LIMIT 1 [ RunTime:0.000000s ]
[ sql ] [ SQL ] SELECT COUNT(*) AS tp_count FROM `dcxw_case` WHERE  `case_designer` = 55 LIMIT 1 [ RunTime:0.000000s ]
[ sql ] [ SQL ] SELECT `ad_realname` FROM `dcxw_admin` WHERE  `ad_id` = 83 LIMIT 1 [ RunTime:0.000000s ]
[ sql ] [ SQL ] SELECT COUNT(*) AS tp_count FROM `dcxw_case` WHERE  `case_designer` = 44 LIMIT 1 [ RunTime:0.000000s ]
[ sql ] [ SQL ] SELECT `ad_realname` FROM `dcxw_admin` WHERE  `ad_id` = 90 LIMIT 1 [ RunTime:0.001001s ]
[ sql ] [ SQL ] SELECT COUNT(*) AS tp_count FROM `dcxw_case` WHERE  `case_designer` = 79 LIMIT 1 [ RunTime:0.000000s ]
[ sql ] [ SQL ] SELECT `ad_realname` FROM `dcxw_admin` WHERE  `ad_id` = 1 LIMIT 1 [ RunTime:0.000000s ]
[ sql ] [ SQL ] SELECT COUNT(*) AS tp_count FROM `dcxw_case` WHERE  `case_designer` = 49 LIMIT 1 [ RunTime:0.000000s ]
[ sql ] [ SQL ] SELECT `ad_realname` FROM `dcxw_admin` WHERE  `ad_id` = 1 LIMIT 1 [ RunTime:0.000000s ]
[ sql ] [ SQL ] SELECT COUNT(*) AS tp_count FROM `dcxw_case` WHERE  `case_designer` = 51 LIMIT 1 [ RunTime:0.000000s ]
[ sql ] [ SQL ] SELECT `ad_realname` FROM `dcxw_admin` WHERE  `ad_id` = 1 LIMIT 1 [ RunTime:0.000000s ]
[ sql ] [ SQL ] SELECT COUNT(*) AS tp_count FROM `dcxw_case` WHERE  `case_designer` = 52 LIMIT 1 [ RunTime:0.001000s ]
[ sql ] [ SQL ] SELECT `ad_realname` FROM `dcxw_admin` WHERE  `ad_id` = 1 LIMIT 1 [ RunTime:0.000000s ]
[ sql ] [ SQL ] SELECT COUNT(*) AS tp_count FROM `dcxw_case` WHERE  `case_designer` = 53 LIMIT 1 [ RunTime:0.000000s ]
[ sql ] [ SQL ] SELECT `ad_realname` FROM `dcxw_admin` WHERE  `ad_id` = 1 LIMIT 1 [ RunTime:0.001000s ]
[ sql ] [ SQL ] SELECT COUNT(*) AS tp_count FROM `dcxw_case` WHERE  `case_designer` = 54 LIMIT 1 [ RunTime:0.000000s ]
[ sql ] [ SQL ] SELECT `ad_realname` FROM `dcxw_admin` WHERE  `ad_id` = 90 LIMIT 1 [ RunTime:0.000000s ]
[ sql ] [ SQL ] SELECT COUNT(*) AS tp_count FROM `dcxw_case` WHERE  `case_designer` = 68 LIMIT 1 [ RunTime:0.000000s ]
[ sql ] [ SQL ] SELECT `ad_realname` FROM `dcxw_admin` WHERE  `ad_id` = 90 LIMIT 1 [ RunTime:0.000000s ]
[ sql ] [ SQL ] SELECT COUNT(*) AS tp_count FROM `dcxw_case` WHERE  `case_designer` = 69 LIMIT 1 [ RunTime:0.000000s ]
[ sql ] [ SQL ] SELECT `ad_realname` FROM `dcxw_admin` WHERE  `ad_id` = 90 LIMIT 1 [ RunTime:0.000000s ]
[ sql ] [ SQL ] SELECT COUNT(*) AS tp_count FROM `dcxw_case` WHERE  `case_designer` = 70 LIMIT 1 [ RunTime:0.000000s ]
[ sql ] [ SQL ] SELECT `ad_realname` FROM `dcxw_admin` WHERE  `ad_id` = 90 LIMIT 1 [ RunTime:0.000000s ]
[ sql ] [ SQL ] SELECT COUNT(*) AS tp_count FROM `dcxw_case` WHERE  `case_designer` = 71 LIMIT 1 [ RunTime:0.000000s ]
[ sql ] [ SQL ] SELECT `ad_realname` FROM `dcxw_admin` WHERE  `ad_id` = 90 LIMIT 1 [ RunTime:0.001000s ]
[ sql ] [ SQL ] SELECT COUNT(*) AS tp_count FROM `dcxw_case` WHERE  `case_designer` = 72 LIMIT 1 [ RunTime:0.000000s ]
[ sql ] [ SQL ] SELECT `ad_realname` FROM `dcxw_admin` WHERE  `ad_id` = 90 LIMIT 1 [ RunTime:0.000000s ]
[ sql ] [ SQL ] SELECT COUNT(*) AS tp_count FROM `dcxw_case` WHERE  `case_designer` = 74 LIMIT 1 [ RunTime:0.000000s ]
[ sql ] [ SQL ] SELECT `ad_realname` FROM `dcxw_admin` WHERE  `ad_id` = 90 LIMIT 1 [ RunTime:0.000000s ]
[ sql ] [ SQL ] SELECT COUNT(*) AS tp_count FROM `dcxw_case` WHERE  `case_designer` = 75 LIMIT 1 [ RunTime:0.001000s ]
---------------------------------------------------------------
[ 2018-11-10T17:38:09+08:00 ] 127.0.0.1 127.0.0.1 GET /admin/house/payment.html?b_id=201810310006
[ info ] www.bbb.com/admin/house/payment.html?b_id=201810310006 [运行时间：0.039003s][吞吐率：25.64req/s] [内存消耗：1,556.78kb] [文件加载：48]
[ info ] [ LANG ] G:\xampp\htdocs\bbb\thinkphp\lang\zh-cn.php
[ info ] [ ROUTE ] array (
  'type' => 'module',
  'module' => 
  array (
    0 => 'admin',
    1 => 'house',
    2 => 'payment',
  ),
)
[ info ] [ HEADER ] array (
  'host' => 'www.bbb.com',
  'connection' => 'keep-alive',
  'upgrade-insecure-requests' => '1',
  'user-agent' => 'Mozilla/5.0 (Windows NT 6.1; Win64; x64) AppleWebKit/537.36 (KHTML, like Gecko) Chrome/68.0.3440.106 Safari/537.36',
  'accept' => 'text/html,application/xhtml+xml,application/xml;q=0.9,image/webp,image/apng,*/*;q=0.8',
  'referer' => 'http://www.bbb.com/admin/house/index.html',
  'accept-encoding' => 'gzip, deflate',
  'accept-language' => 'zh-CN,zh;q=0.9',
  'cookie' => 'UM_distinctid=165c8054c9284-062272fa320a7f-323b5b03-1fa400-165c8054c93808; gr_user_id=6dd39fe4-2773-44f6-ac77-0d4960055290; CNZZDATA1000353613=343486579-1536658864-http%253A%252F%252Fwww.bbb.com%252F%7C1536800850; Hm_lvt_7492c81cf0f836f83a82e76a134d25e2=1536659115,1536800847; 58325___929688_KS_58325___929688=605a224bc5a142cd8b2384ab3d412caa; POP800_VISIT_TIMES=2; POP800_VISITOR_ID_L=666F09007A17D84DA467814349C4912C; CNZZDATA1274542463=1363221369-1536803477-null%7C1536803746; PAGE_VIEW_TIMES=5; PHPSESSID=fl352rv4u3uohavi9nc4sabukb',
)
[ info ] [ PARAM ] array (
  'b_id' => '201810310006',
)
[ info ] [ SESSION ] INIT array (
  'id' => '',
  'var_session_id' => '',
  'prefix' => 'think',
  'type' => '',
  'auto_start' => true,
)
[ info ] [ LOG ] INIT File
---------------------------------------------------------------
[ 2018-11-10T17:56:36+08:00 ] 127.0.0.1 127.0.0.1 GET /admin/index/index.html
[ info ] www.bbb.com/admin/index/index.html [运行时间：0.099006s][吞吐率：10.10req/s] [内存消耗：2,297.02kb] [文件加载：54]
[ info ] [ LANG ] G:\xampp\htdocs\bbb\thinkphp\lang\zh-cn.php
[ info ] [ ROUTE ] array (
  'type' => 'module',
  'module' => 
  array (
    0 => 'admin',
    1 => 'index',
    2 => 'index',
  ),
)
[ info ] [ HEADER ] array (
  'host' => 'www.bbb.com',
  'connection' => 'keep-alive',
  'cache-control' => 'max-age=0',
  'upgrade-insecure-requests' => '1',
  'user-agent' => 'Mozilla/5.0 (Windows NT 6.1; Win64; x64) AppleWebKit/537.36 (KHTML, like Gecko) Chrome/68.0.3440.106 Safari/537.36',
  'accept' => 'text/html,application/xhtml+xml,application/xml;q=0.9,image/webp,image/apng,*/*;q=0.8',
  'referer' => 'http://www.bbb.com/admin/index/index.html',
  'accept-encoding' => 'gzip, deflate',
  'accept-language' => 'zh-CN,zh;q=0.9',
  'cookie' => 'UM_distinctid=165c8054c9284-062272fa320a7f-323b5b03-1fa400-165c8054c93808; gr_user_id=6dd39fe4-2773-44f6-ac77-0d4960055290; CNZZDATA1000353613=343486579-1536658864-http%253A%252F%252Fwww.bbb.com%252F%7C1536800850; Hm_lvt_7492c81cf0f836f83a82e76a134d25e2=1536659115,1536800847; 58325___929688_KS_58325___929688=605a224bc5a142cd8b2384ab3d412caa; POP800_VISIT_TIMES=2; POP800_VISITOR_ID_L=666F09007A17D84DA467814349C4912C; CNZZDATA1274542463=1363221369-1536803477-null%7C1536803746; PAGE_VIEW_TIMES=5; PHPSESSID=fl352rv4u3uohavi9nc4sabukb',
)
[ info ] [ PARAM ] array (
)
[ info ] [ SESSION ] INIT array (
  'id' => '',
  'var_session_id' => '',
  'prefix' => 'think',
  'type' => '',
  'auto_start' => true,
)
[ info ] [ RUN ] app\admin\controller\Index->index[ G:\xampp\htdocs\bbb\application\admin\controller\Index.php ]
[ info ] [ DB ] INIT mysql
[ info ] [ VIEW ] G:\xampp\htdocs\bbb\public/../application/admin\view\index\index.html [ array (
  0 => 'branchWeb',
  1 => 'admin',
  2 => 'menuList',
  3 => 'siteName',
  4 => 'ad_role',
) ]
[ info ] [ LOG ] INIT File
[ sql ] [ DB ] CONNECT:[ UseTime:0.010000s ] mysql:host=127.0.0.1;port=3306;dbname=ddxx;charset=utf8
[ sql ] [ SQL ] SHOW COLUMNS FROM `dcxw_admin` [ RunTime:0.004000s ]
[ sql ] [ SQL ] SELECT * FROM `dcxw_admin` `admin` INNER JOIN `dcxw_role` `role` ON `admin`.`ad_role`=`role`.`r_id` WHERE  `admin`.`ad_id` = 1 LIMIT 1 [ RunTime:0.000000s ]
[ sql ] [ SQL ] SHOW COLUMNS FROM `dcxw_menu` [ RunTime:0.003001s ]
[ sql ] [ SQL ] SELECT * FROM `dcxw_menu` WHERE  `m_id` = 22 LIMIT 1 [ RunTime:0.001000s ]
[ sql ] [ SQL ] SELECT * FROM `dcxw_menu` WHERE  `m_id` = 23 LIMIT 1 [ RunTime:0.000000s ]
[ sql ] [ SQL ] SELECT * FROM `dcxw_menu` WHERE  `m_id` = 60 LIMIT 1 [ RunTime:0.000000s ]
[ sql ] [ SQL ] SELECT * FROM `dcxw_menu` WHERE  `m_id` = 61 LIMIT 1 [ RunTime:0.000000s ]
[ sql ] [ SQL ] SELECT * FROM `dcxw_menu` WHERE  `m_id` = 62 LIMIT 1 [ RunTime:0.001000s ]
[ sql ] [ SQL ] SELECT * FROM `dcxw_menu` WHERE  `m_id` = 156 LIMIT 1 [ RunTime:0.000000s ]
[ sql ] [ SQL ] SELECT * FROM `dcxw_menu` WHERE  `m_id` = 29 LIMIT 1 [ RunTime:0.001000s ]
[ sql ] [ SQL ] SELECT * FROM `dcxw_menu` WHERE  `m_id` = 30 LIMIT 1 [ RunTime:0.000000s ]
[ sql ] [ SQL ] SELECT * FROM `dcxw_menu` WHERE  `m_id` = 42 LIMIT 1 [ RunTime:0.001000s ]
[ sql ] [ SQL ] SELECT * FROM `dcxw_menu` WHERE  `m_id` = 43 LIMIT 1 [ RunTime:0.000000s ]
[ sql ] [ SQL ] SELECT * FROM `dcxw_menu` WHERE  `m_id` = 44 LIMIT 1 [ RunTime:0.001000s ]
[ sql ] [ SQL ] SELECT * FROM `dcxw_menu` WHERE  `m_id` = 31 LIMIT 1 [ RunTime:0.000000s ]
[ sql ] [ SQL ] SELECT * FROM `dcxw_menu` WHERE  `m_id` = 83 LIMIT 1 [ RunTime:0.000000s ]
[ sql ] [ SQL ] SELECT * FROM `dcxw_menu` WHERE  `m_id` = 108 LIMIT 1 [ RunTime:0.001000s ]
[ sql ] [ SQL ] SELECT * FROM `dcxw_menu` WHERE  `m_id` = 109 LIMIT 1 [ RunTime:0.000000s ]
[ sql ] [ SQL ] SELECT * FROM `dcxw_menu` WHERE  `m_id` = 110 LIMIT 1 [ RunTime:0.000000s ]
[ sql ] [ SQL ] SELECT * FROM `dcxw_menu` WHERE  `m_id` = 10 LIMIT 1 [ RunTime:0.001000s ]
[ sql ] [ SQL ] SELECT * FROM `dcxw_menu` WHERE  `m_id` = 11 LIMIT 1 [ RunTime:0.000000s ]
[ sql ] [ SQL ] SELECT * FROM `dcxw_menu` WHERE  `m_id` = 114 LIMIT 1 [ RunTime:0.000000s ]
[ sql ] [ SQL ] SELECT * FROM `dcxw_menu` WHERE  `m_id` = 115 LIMIT 1 [ RunTime:0.000000s ]
[ sql ] [ SQL ] SELECT * FROM `dcxw_menu` WHERE  `m_id` = 116 LIMIT 1 [ RunTime:0.000000s ]
[ sql ] [ SQL ] SELECT * FROM `dcxw_menu` WHERE  `m_id` = 87 LIMIT 1 [ RunTime:0.001000s ]
[ sql ] [ SQL ] SELECT * FROM `dcxw_menu` WHERE  `m_id` = 119 LIMIT 1 [ RunTime:0.000000s ]
[ sql ] [ SQL ] SELECT * FROM `dcxw_menu` WHERE  `m_id` = 120 LIMIT 1 [ RunTime:0.000000s ]
[ sql ] [ SQL ] SELECT * FROM `dcxw_menu` WHERE  `m_id` = 121 LIMIT 1 [ RunTime:0.001000s ]
[ sql ] [ SQL ] SELECT * FROM `dcxw_menu` WHERE  `m_id` = 19 LIMIT 1 [ RunTime:0.000000s ]
[ sql ] [ SQL ] SELECT * FROM `dcxw_menu` WHERE  `m_id` = 122 LIMIT 1 [ RunTime:0.000000s ]
[ sql ] [ SQL ] SELECT * FROM `dcxw_menu` WHERE  `m_id` = 123 LIMIT 1 [ RunTime:0.001000s ]
[ sql ] [ SQL ] SELECT * FROM `dcxw_menu` WHERE  `m_id` = 124 LIMIT 1 [ RunTime:0.000000s ]
[ sql ] [ SQL ] SELECT * FROM `dcxw_menu` WHERE  `m_id` = 21 LIMIT 1 [ RunTime:0.000000s ]
[ sql ] [ SQL ] SELECT * FROM `dcxw_menu` WHERE  `m_id` = 128 LIMIT 1 [ RunTime:0.000000s ]
[ sql ] [ SQL ] SELECT * FROM `dcxw_menu` WHERE  `m_id` = 129 LIMIT 1 [ RunTime:0.000000s ]
[ sql ] [ SQL ] SELECT * FROM `dcxw_menu` WHERE  `m_id` = 130 LIMIT 1 [ RunTime:0.000000s ]
[ sql ] [ SQL ] SELECT * FROM `dcxw_menu` WHERE  `m_id` = 1 LIMIT 1 [ RunTime:0.000000s ]
[ sql ] [ SQL ] SELECT * FROM `dcxw_menu` WHERE  `m_id` = 2 LIMIT 1 [ RunTime:0.000000s ]
[ sql ] [ SQL ] SELECT * FROM `dcxw_menu` WHERE  `m_id` = 70 LIMIT 1 [ RunTime:0.000000s ]
[ sql ] [ SQL ] SELECT * FROM `dcxw_menu` WHERE  `m_id` = 71 LIMIT 1 [ RunTime:0.001000s ]
[ sql ] [ SQL ] SELECT * FROM `dcxw_menu` WHERE  `m_id` = 72 LIMIT 1 [ RunTime:0.000000s ]
[ sql ] [ SQL ] SELECT * FROM `dcxw_menu` WHERE  `m_id` = 4 LIMIT 1 [ RunTime:0.000000s ]
[ sql ] [ SQL ] SELECT * FROM `dcxw_menu` WHERE  `m_id` = 76 LIMIT 1 [ RunTime:0.000000s ]
[ sql ] [ SQL ] SELECT * FROM `dcxw_menu` WHERE  `m_id` = 77 LIMIT 1 [ RunTime:0.000000s ]
[ sql ] [ SQL ] SELECT * FROM `dcxw_menu` WHERE  `m_id` = 78 LIMIT 1 [ RunTime:0.001000s ]
[ sql ] [ SQL ] SELECT * FROM `dcxw_menu` WHERE  `m_id` = 136 LIMIT 1 [ RunTime:0.000000s ]
[ sql ] [ SQL ] SELECT * FROM `dcxw_menu` WHERE  `m_id` = 137 LIMIT 1 [ RunTime:0.000000s ]
[ sql ] [ SQL ] SELECT * FROM `dcxw_menu` WHERE  `m_id` = 140 LIMIT 1 [ RunTime:0.000000s ]
[ sql ] [ SQL ] SELECT * FROM `dcxw_menu` WHERE  `m_id` = 139 LIMIT 1 [ RunTime:0.000000s ]
[ sql ] [ SQL ] SELECT * FROM `dcxw_menu` WHERE  `m_id` = 141 LIMIT 1 [ RunTime:0.001000s ]
[ sql ] [ SQL ] SELECT * FROM `dcxw_menu` WHERE  `m_id` = 142 LIMIT 1 [ RunTime:0.000000s ]
[ sql ] [ SQL ] SELECT * FROM `dcxw_menu` WHERE  `m_id` = 143 LIMIT 1 [ RunTime:0.000000s ]
[ sql ] [ SQL ] SELECT * FROM `dcxw_menu` WHERE  `m_id` = 157 LIMIT 1 [ RunTime:0.001000s ]
[ sql ] [ SQL ] SELECT * FROM `dcxw_menu` WHERE  `m_id` = 158 LIMIT 1 [ RunTime:0.000000s ]
[ sql ] [ SQL ] SELECT * FROM `dcxw_menu` WHERE  `m_id` = 144 LIMIT 1 [ RunTime:0.000000s ]
[ sql ] [ SQL ] SELECT * FROM `dcxw_menu` WHERE  `m_id` = 145 LIMIT 1 [ RunTime:0.001000s ]
[ sql ] [ SQL ] SELECT * FROM `dcxw_menu` WHERE  `m_id` = 146 LIMIT 1 [ RunTime:0.000000s ]
[ sql ] [ SQL ] SELECT * FROM `dcxw_menu` WHERE  `m_id` = 147 LIMIT 1 [ RunTime:0.000000s ]
[ sql ] [ SQL ] SELECT * FROM `dcxw_menu` WHERE  `m_id` = 148 LIMIT 1 [ RunTime:0.001000s ]
[ sql ] [ SQL ] SELECT * FROM `dcxw_menu` WHERE  `m_id` = 149 LIMIT 1 [ RunTime:0.000000s ]
[ sql ] [ SQL ] SELECT * FROM `dcxw_menu` WHERE  `m_id` = 150 LIMIT 1 [ RunTime:0.000000s ]
[ sql ] [ SQL ] SELECT * FROM `dcxw_menu` WHERE  `m_id` = 151 LIMIT 1 [ RunTime:0.001000s ]
[ sql ] [ SQL ] SELECT * FROM `dcxw_menu` WHERE  `m_id` = 152 LIMIT 1 [ RunTime:0.000000s ]
[ sql ] [ SQL ] SELECT * FROM `dcxw_menu` WHERE  `m_id` = 153 LIMIT 1 [ RunTime:0.000000s ]
[ sql ] [ SQL ] SELECT * FROM `dcxw_menu` WHERE  `m_id` = 154 LIMIT 1 [ RunTime:0.001000s ]
[ sql ] [ SQL ] SELECT * FROM `dcxw_menu` WHERE  `m_id` = 155 LIMIT 1 [ RunTime:0.000000s ]
[ sql ] [ SQL ] SELECT * FROM `dcxw_admin` INNER JOIN `dcxw_role` `dcxw_role` ON `dcxw_admin`.`ad_role`=`dcxw_role`.`r_id` WHERE  `ad_id` = 1 LIMIT 1 [ RunTime:0.000000s ]
[ sql ] [ SQL ] SHOW COLUMNS FROM `dcxw_branch` [ RunTime:0.002000s ]
[ sql ] [ SQL ] SELECT `b_prex` FROM `dcxw_branch` WHERE  `b_id` = 22 LIMIT 1 [ RunTime:0.000000s ]
[ sql ] [ SQL ] SHOW COLUMNS FROM `dcxw_setinfo` [ RunTime:0.002000s ]
[ sql ] [ SQL ] SELECT `s_value` FROM `dcxw_setinfo` WHERE  `s_key` = 'webname' [ RunTime:0.000000s ]
---------------------------------------------------------------
[ 2018-11-10T17:56:36+08:00 ] 127.0.0.1 127.0.0.1 GET /admin/index/welcome.html
[ info ] www.bbb.com/admin/index/welcome.html [运行时间：0.022001s][吞吐率：45.45req/s] [内存消耗：1,475.95kb] [文件加载：46]
[ info ] [ LANG ] G:\xampp\htdocs\bbb\thinkphp\lang\zh-cn.php
[ info ] [ ROUTE ] array (
  'type' => 'module',
  'module' => 
  array (
    0 => 'admin',
    1 => 'index',
    2 => 'welcome',
  ),
)
[ info ] [ HEADER ] array (
  'host' => 'www.bbb.com',
  'connection' => 'keep-alive',
  'upgrade-insecure-requests' => '1',
  'user-agent' => 'Mozilla/5.0 (Windows NT 6.1; Win64; x64) AppleWebKit/537.36 (KHTML, like Gecko) Chrome/68.0.3440.106 Safari/537.36',
  'accept' => 'text/html,application/xhtml+xml,application/xml;q=0.9,image/webp,image/apng,*/*;q=0.8',
  'referer' => 'http://www.bbb.com/admin/index/index.html',
  'accept-encoding' => 'gzip, deflate',
  'accept-language' => 'zh-CN,zh;q=0.9',
  'cookie' => 'UM_distinctid=165c8054c9284-062272fa320a7f-323b5b03-1fa400-165c8054c93808; gr_user_id=6dd39fe4-2773-44f6-ac77-0d4960055290; CNZZDATA1000353613=343486579-1536658864-http%253A%252F%252Fwww.bbb.com%252F%7C1536800850; Hm_lvt_7492c81cf0f836f83a82e76a134d25e2=1536659115,1536800847; 58325___929688_KS_58325___929688=605a224bc5a142cd8b2384ab3d412caa; POP800_VISIT_TIMES=2; POP800_VISITOR_ID_L=666F09007A17D84DA467814349C4912C; CNZZDATA1274542463=1363221369-1536803477-null%7C1536803746; PAGE_VIEW_TIMES=5; PHPSESSID=fl352rv4u3uohavi9nc4sabukb',
)
[ info ] [ PARAM ] array (
)
[ info ] [ SESSION ] INIT array (
  'id' => '',
  'var_session_id' => '',
  'prefix' => 'think',
  'type' => '',
  'auto_start' => true,
)
[ info ] [ RUN ] app\admin\controller\Index->welcome[ G:\xampp\htdocs\bbb\application\admin\controller\Index.php ]
[ info ] [ VIEW ] G:\xampp\htdocs\bbb\public/../application/admin\view\index\welcome.html [ array (
) ]
[ info ] [ LOG ] INIT File
---------------------------------------------------------------
[ 2018-11-10T17:58:57+08:00 ] 127.0.0.1 127.0.0.1 GET /admin/house/index.html
[ info ] www.bbb.com/admin/house/index.html [运行时间：0.052003s][吞吐率：19.23req/s] [内存消耗：1,584.97kb] [文件加载：47]
[ info ] [ LANG ] G:\xampp\htdocs\bbb\thinkphp\lang\zh-cn.php
[ info ] [ ROUTE ] array (
  'type' => 'module',
  'module' => 
  array (
    0 => 'admin',
    1 => 'house',
    2 => 'index',
  ),
)
[ info ] [ HEADER ] array (
  'host' => 'www.bbb.com',
  'connection' => 'keep-alive',
  'upgrade-insecure-requests' => '1',
  'user-agent' => 'Mozilla/5.0 (Windows NT 6.1; Win64; x64) AppleWebKit/537.36 (KHTML, like Gecko) Chrome/68.0.3440.106 Safari/537.36',
  'accept' => 'text/html,application/xhtml+xml,application/xml;q=0.9,image/webp,image/apng,*/*;q=0.8',
  'referer' => 'http://www.bbb.com/admin/index/index.html',
  'accept-encoding' => 'gzip, deflate',
  'accept-language' => 'zh-CN,zh;q=0.9',
  'cookie' => 'UM_distinctid=165c8054c9284-062272fa320a7f-323b5b03-1fa400-165c8054c93808; gr_user_id=6dd39fe4-2773-44f6-ac77-0d4960055290; CNZZDATA1000353613=343486579-1536658864-http%253A%252F%252Fwww.bbb.com%252F%7C1536800850; Hm_lvt_7492c81cf0f836f83a82e76a134d25e2=1536659115,1536800847; 58325___929688_KS_58325___929688=605a224bc5a142cd8b2384ab3d412caa; POP800_VISIT_TIMES=2; POP800_VISITOR_ID_L=666F09007A17D84DA467814349C4912C; CNZZDATA1274542463=1363221369-1536803477-null%7C1536803746; PAGE_VIEW_TIMES=5; PHPSESSID=fl352rv4u3uohavi9nc4sabukb',
)
[ info ] [ PARAM ] array (
)
[ info ] [ SESSION ] INIT array (
  'id' => '',
  'var_session_id' => '',
  'prefix' => 'think',
  'type' => '',
  'auto_start' => true,
)
[ info ] [ RUN ] app\admin\controller\House->index[ G:\xampp\htdocs\bbb\application\admin\controller\House.php ]
[ info ] [ VIEW ] G:\xampp\htdocs\bbb\public/../application/admin\view\house\index.html [ array (
) ]
[ info ] [ LOG ] INIT File
---------------------------------------------------------------
[ 2018-11-10T17:58:57+08:00 ] 127.0.0.1 127.0.0.1 GET /admin/house/houseData/?page=1&limit=20
[ info ] www.bbb.com/admin/house/houseData/?page=1&limit=20 [运行时间：0.064004s][吞吐率：15.62req/s] [内存消耗：2,268.54kb] [文件加载：53]
[ info ] [ LANG ] G:\xampp\htdocs\bbb\thinkphp\lang\zh-cn.php
[ info ] [ ROUTE ] array (
  'type' => 'module',
  'module' => 
  array (
    0 => 'admin',
    1 => 'house',
    2 => 'houseData',
  ),
)
[ info ] [ HEADER ] array (
  'host' => 'www.bbb.com',
  'connection' => 'keep-alive',
  'accept' => 'application/json, text/javascript, */*; q=0.01',
  'x-requested-with' => 'XMLHttpRequest',
  'user-agent' => 'Mozilla/5.0 (Windows NT 6.1; Win64; x64) AppleWebKit/537.36 (KHTML, like Gecko) Chrome/68.0.3440.106 Safari/537.36',
  'referer' => 'http://www.bbb.com/admin/house/index.html',
  'accept-encoding' => 'gzip, deflate',
  'accept-language' => 'zh-CN,zh;q=0.9',
  'cookie' => 'UM_distinctid=165c8054c9284-062272fa320a7f-323b5b03-1fa400-165c8054c93808; gr_user_id=6dd39fe4-2773-44f6-ac77-0d4960055290; CNZZDATA1000353613=343486579-1536658864-http%253A%252F%252Fwww.bbb.com%252F%7C1536800850; Hm_lvt_7492c81cf0f836f83a82e76a134d25e2=1536659115,1536800847; 58325___929688_KS_58325___929688=605a224bc5a142cd8b2384ab3d412caa; POP800_VISIT_TIMES=2; POP800_VISITOR_ID_L=666F09007A17D84DA467814349C4912C; CNZZDATA1274542463=1363221369-1536803477-null%7C1536803746; PAGE_VIEW_TIMES=5; PHPSESSID=fl352rv4u3uohavi9nc4sabukb',
)
[ info ] [ PARAM ] array (
  'page' => '1',
  'limit' => '20',
)
[ info ] [ SESSION ] INIT array (
  'id' => '',
  'var_session_id' => '',
  'prefix' => 'think',
  'type' => '',
  'auto_start' => true,
)
[ info ] [ RUN ] app\admin\controller\House->houseData[ G:\xampp\htdocs\bbb\application\admin\controller\House.php ]
[ info ] [ DB ] INIT mysql
[ info ] [ LOG ] INIT File
[ sql ] [ DB ] CONNECT:[ UseTime:0.010001s ] mysql:host=127.0.0.1;port=3306;dbname=ddxx;charset=utf8
[ sql ] [ SQL ] SHOW COLUMNS FROM `dcxw_house` [ RunTime:0.003000s ]
[ sql ] [ SQL ] SELECT COUNT(*) AS tp_count FROM `dcxw_house` INNER JOIN `dcxw_province` `dcxw_province` ON `dcxw_province`.`p_id`=`dcxw_house`.`h_p_id` INNER JOIN `dcxw_city` `dcxw_city` ON `dcxw_city`.`c_id`=`dcxw_house`.`h_c_id` INNER JOIN `dcxw_area` `dcxw_area` ON `dcxw_area`.`area_id`=`dcxw_house`.`h_a_id` WHERE  (   1 = 1 ) LIMIT 1 [ RunTime:0.000000s ]
[ sql ] [ SQL ] SELECT * FROM `dcxw_house` INNER JOIN `dcxw_province` `dcxw_province` ON `dcxw_province`.`p_id`=`dcxw_house`.`h_p_id` INNER JOIN `dcxw_city` `dcxw_city` ON `dcxw_city`.`c_id`=`dcxw_house`.`h_c_id` INNER JOIN `dcxw_area` `dcxw_area` ON `dcxw_area`.`area_id`=`dcxw_house`.`h_a_id` WHERE  (   1 = 1 ) ORDER BY h_istop asc,h_isable,h_view desc LIMIT 0,20 [ RunTime:0.003000s ]
[ sql ] [ SQL ] SHOW COLUMNS FROM `dcxw_admin` [ RunTime:0.002001s ]
[ sql ] [ SQL ] SELECT `ad_realname` FROM `dcxw_admin` WHERE  `ad_id` = 1 LIMIT 1 [ RunTime:0.001000s ]
[ sql ] [ SQL ] SHOW COLUMNS FROM `dcxw_case` [ RunTime:0.002000s ]
[ sql ] [ SQL ] SELECT COUNT(*) AS tp_count FROM `dcxw_case` WHERE  `case_designer` = 47 LIMIT 1 [ RunTime:0.000000s ]
[ sql ] [ SQL ] SELECT `ad_realname` FROM `dcxw_admin` WHERE  `ad_id` = 1 LIMIT 1 [ RunTime:0.000000s ]
[ sql ] [ SQL ] SELECT COUNT(*) AS tp_count FROM `dcxw_case` WHERE  `case_designer` = 48 LIMIT 1 [ RunTime:0.000000s ]
[ sql ] [ SQL ] SHOW COLUMNS FROM `dcxw_user` [ RunTime:0.002000s ]
[ sql ] [ SQL ] SELECT `u_name` FROM `dcxw_user` WHERE  `u_id` = 114 LIMIT 1 [ RunTime:0.000000s ]
[ sql ] [ SQL ] SELECT COUNT(*) AS tp_count FROM `dcxw_case` WHERE  `case_designer` = 80 LIMIT 1 [ RunTime:0.000000s ]
[ sql ] [ SQL ] SELECT `u_name` FROM `dcxw_user` WHERE  `u_id` = 114 LIMIT 1 [ RunTime:0.000000s ]
[ sql ] [ SQL ] SELECT COUNT(*) AS tp_count FROM `dcxw_case` WHERE  `case_designer` = 81 LIMIT 1 [ RunTime:0.000000s ]
[ sql ] [ SQL ] SELECT `ad_realname` FROM `dcxw_admin` WHERE  `ad_id` = 90 LIMIT 1 [ RunTime:0.000000s ]
[ sql ] [ SQL ] SELECT COUNT(*) AS tp_count FROM `dcxw_case` WHERE  `case_designer` = 46 LIMIT 1 [ RunTime:0.000000s ]
[ sql ] [ SQL ] SELECT `ad_realname` FROM `dcxw_admin` WHERE  `ad_id` = 90 LIMIT 1 [ RunTime:0.001000s ]
[ sql ] [ SQL ] SELECT COUNT(*) AS tp_count FROM `dcxw_case` WHERE  `case_designer` = 55 LIMIT 1 [ RunTime:0.000000s ]
[ sql ] [ SQL ] SELECT `ad_realname` FROM `dcxw_admin` WHERE  `ad_id` = 83 LIMIT 1 [ RunTime:0.000000s ]
[ sql ] [ SQL ] SELECT COUNT(*) AS tp_count FROM `dcxw_case` WHERE  `case_designer` = 44 LIMIT 1 [ RunTime:0.000000s ]
[ sql ] [ SQL ] SELECT `ad_realname` FROM `dcxw_admin` WHERE  `ad_id` = 90 LIMIT 1 [ RunTime:0.000000s ]
[ sql ] [ SQL ] SELECT COUNT(*) AS tp_count FROM `dcxw_case` WHERE  `case_designer` = 79 LIMIT 1 [ RunTime:0.000000s ]
[ sql ] [ SQL ] SELECT `ad_realname` FROM `dcxw_admin` WHERE  `ad_id` = 1 LIMIT 1 [ RunTime:0.000000s ]
[ sql ] [ SQL ] SELECT COUNT(*) AS tp_count FROM `dcxw_case` WHERE  `case_designer` = 49 LIMIT 1 [ RunTime:0.001000s ]
[ sql ] [ SQL ] SELECT `ad_realname` FROM `dcxw_admin` WHERE  `ad_id` = 1 LIMIT 1 [ RunTime:0.000000s ]
[ sql ] [ SQL ] SELECT COUNT(*) AS tp_count FROM `dcxw_case` WHERE  `case_designer` = 51 LIMIT 1 [ RunTime:0.000000s ]
[ sql ] [ SQL ] SELECT `ad_realname` FROM `dcxw_admin` WHERE  `ad_id` = 1 LIMIT 1 [ RunTime:0.001000s ]
[ sql ] [ SQL ] SELECT COUNT(*) AS tp_count FROM `dcxw_case` WHERE  `case_designer` = 52 LIMIT 1 [ RunTime:0.000000s ]
[ sql ] [ SQL ] SELECT `ad_realname` FROM `dcxw_admin` WHERE  `ad_id` = 1 LIMIT 1 [ RunTime:0.000000s ]
[ sql ] [ SQL ] SELECT COUNT(*) AS tp_count FROM `dcxw_case` WHERE  `case_designer` = 53 LIMIT 1 [ RunTime:0.000000s ]
[ sql ] [ SQL ] SELECT `ad_realname` FROM `dcxw_admin` WHERE  `ad_id` = 1 LIMIT 1 [ RunTime:0.000000s ]
[ sql ] [ SQL ] SELECT COUNT(*) AS tp_count FROM `dcxw_case` WHERE  `case_designer` = 54 LIMIT 1 [ RunTime:0.000000s ]
[ sql ] [ SQL ] SELECT `ad_realname` FROM `dcxw_admin` WHERE  `ad_id` = 90 LIMIT 1 [ RunTime:0.000000s ]
[ sql ] [ SQL ] SELECT COUNT(*) AS tp_count FROM `dcxw_case` WHERE  `case_designer` = 68 LIMIT 1 [ RunTime:0.001000s ]
[ sql ] [ SQL ] SELECT `ad_realname` FROM `dcxw_admin` WHERE  `ad_id` = 90 LIMIT 1 [ RunTime:0.000000s ]
[ sql ] [ SQL ] SELECT COUNT(*) AS tp_count FROM `dcxw_case` WHERE  `case_designer` = 69 LIMIT 1 [ RunTime:0.000000s ]
[ sql ] [ SQL ] SELECT `ad_realname` FROM `dcxw_admin` WHERE  `ad_id` = 90 LIMIT 1 [ RunTime:0.000000s ]
[ sql ] [ SQL ] SELECT COUNT(*) AS tp_count FROM `dcxw_case` WHERE  `case_designer` = 70 LIMIT 1 [ RunTime:0.000000s ]
[ sql ] [ SQL ] SELECT `ad_realname` FROM `dcxw_admin` WHERE  `ad_id` = 90 LIMIT 1 [ RunTime:0.000000s ]
[ sql ] [ SQL ] SELECT COUNT(*) AS tp_count FROM `dcxw_case` WHERE  `case_designer` = 71 LIMIT 1 [ RunTime:0.000000s ]
[ sql ] [ SQL ] SELECT `ad_realname` FROM `dcxw_admin` WHERE  `ad_id` = 90 LIMIT 1 [ RunTime:0.001000s ]
[ sql ] [ SQL ] SELECT COUNT(*) AS tp_count FROM `dcxw_case` WHERE  `case_designer` = 72 LIMIT 1 [ RunTime:0.000000s ]
[ sql ] [ SQL ] SELECT `ad_realname` FROM `dcxw_admin` WHERE  `ad_id` = 90 LIMIT 1 [ RunTime:0.000000s ]
[ sql ] [ SQL ] SELECT COUNT(*) AS tp_count FROM `dcxw_case` WHERE  `case_designer` = 74 LIMIT 1 [ RunTime:0.000000s ]
[ sql ] [ SQL ] SELECT `ad_realname` FROM `dcxw_admin` WHERE  `ad_id` = 90 LIMIT 1 [ RunTime:0.000000s ]
[ sql ] [ SQL ] SELECT COUNT(*) AS tp_count FROM `dcxw_case` WHERE  `case_designer` = 75 LIMIT 1 [ RunTime:0.000000s ]
