---------------------------------------------------------------
[ 2018-09-16T16:03:00+08:00 ] 127.0.0.1 127.0.0.1 GET /index
[ info ] www.bbb.com/index [运行时间：0.074004s][吞吐率：13.51req/s] [内存消耗：2,425.57kb] [文件加载：55]
[ info ] [ LANG ] G:\xampp\htdocs\bbb\thinkphp\lang\zh-cn.php
[ info ] [ ROUTE ] array (
  'type' => 'module',
  'module' => 
  array (
    0 => 'index',
    1 => NULL,
    2 => NULL,
  ),
)
[ info ] [ HEADER ] array (
  'host' => 'www.bbb.com',
  'connection' => 'keep-alive',
  'cache-control' => 'max-age=0',
  'upgrade-insecure-requests' => '1',
  'user-agent' => 'Mozilla/5.0 (Windows NT 6.1; Win64; x64) AppleWebKit/537.36 (KHTML, like Gecko) Chrome/68.0.3440.106 Safari/537.36',
  'accept' => 'text/html,application/xhtml+xml,application/xml;q=0.9,image/webp,image/apng,*/*;q=0.8',
  'accept-encoding' => 'gzip, deflate',
  'accept-language' => 'zh-CN,zh;q=0.9',
  'cookie' => 'UM_distinctid=165c8054c9284-062272fa320a7f-323b5b03-1fa400-165c8054c93808; gr_user_id=6dd39fe4-2773-44f6-ac77-0d4960055290; CNZZDATA1000353613=343486579-1536658864-http%253A%252F%252Fwww.bbb.com%252F%7C1536800850; Hm_lvt_7492c81cf0f836f83a82e76a134d25e2=1536659115,1536800847; 58325___929688_KS_58325___929688=605a224bc5a142cd8b2384ab3d412caa; POP800_VISIT_TIMES=2; POP800_VISITOR_ID_L=666F09007A17D84DA467814349C4912C; CNZZDATA1274542463=1363221369-1536803477-null%7C1536803746; PAGE_VIEW_TIMES=5',
)
[ info ] [ PARAM ] array (
)
[ info ] [ RUN ] app\index\controller\Index->index[ G:\xampp\htdocs\bbb\application\index\controller\Index.php ]
[ info ] [ DB ] INIT mysql
[ info ] [ VIEW ] G:\xampp\htdocs\bbb\public/../application/index\view\index\index.html [ array (
  0 => 'hotLine',
  1 => 'navinfo',
  2 => 'banner',
  3 => 'house',
) ]
[ info ] [ LOG ] INIT File
[ sql ] [ DB ] CONNECT:[ UseTime:0.011001s ] mysql:host=127.0.0.1;port=3306;dbname=dcxw;charset=utf8
[ sql ] [ SQL ] SHOW COLUMNS FROM `dcxw_setinfo` [ RunTime:0.004000s ]
[ sql ] [ SQL ] SELECT `s_value` FROM `dcxw_setinfo` WHERE  `s_key` = 'hotline' [ RunTime:0.001000s ]
[ sql ] [ SQL ] SHOW COLUMNS FROM `dcxw_nav` [ RunTime:0.003000s ]
[ sql ] [ SQL ] SELECT `nav_title`,`nav_url` FROM `dcxw_nav` WHERE  `nav_isable` = 1 ORDER BY nav_order desc [ RunTime:0.000000s ]
[ sql ] [ SQL ] SHOW COLUMNS FROM `dcxw_banner` [ RunTime:0.004001s ]
[ sql ] [ SQL ] SELECT * FROM `dcxw_banner` WHERE  `ba_isable` = 1 ORDER BY ba_order desc [ RunTime:0.000000s ]
[ sql ] [ SQL ] SHOW COLUMNS FROM `dcxw_house` [ RunTime:0.003000s ]
[ sql ] [ SQL ] SELECT * FROM `dcxw_house` WHERE  `h_isable` = 1  AND `h_rent_status` = 2 ORDER BY h_istop,h_view desc [ RunTime:0.000000s ]
---------------------------------------------------------------
[ 2018-09-16T16:03:00+08:00 ] 127.0.0.1 127.0.0.1 GET /web/js/swiper.min.js.map
[ info ] www.bbb.com/web/js/swiper.min.js.map [运行时间：0.022002s][吞吐率：45.45req/s] [内存消耗：1,273.91kb] [文件加载：40]
[ info ] [ LANG ] G:\xampp\htdocs\bbb\thinkphp\lang\zh-cn.php
[ info ] [ ROUTE ] array (
  'type' => 'module',
  'module' => 
  array (
    0 => 'web',
    1 => 'js',
    2 => 'swiper.min.js.map',
  ),
)
[ info ] [ HEADER ] array (
  'host' => 'www.bbb.com',
  'connection' => 'keep-alive',
  'user-agent' => 'Mozilla/5.0 (Windows NT 6.1; Win64; x64) AppleWebKit/537.36 (KHTML, like Gecko) Chrome/68.0.3440.106 Safari/537.36',
  'accept-encoding' => 'gzip, deflate',
  'accept-language' => 'zh-CN,zh;q=0.9',
  'cookie' => 'UM_distinctid=165c8054c9284-062272fa320a7f-323b5b03-1fa400-165c8054c93808; gr_user_id=6dd39fe4-2773-44f6-ac77-0d4960055290; CNZZDATA1000353613=343486579-1536658864-http%253A%252F%252Fwww.bbb.com%252F%7C1536800850; Hm_lvt_7492c81cf0f836f83a82e76a134d25e2=1536659115,1536800847; 58325___929688_KS_58325___929688=605a224bc5a142cd8b2384ab3d412caa; POP800_VISIT_TIMES=2; POP800_VISITOR_ID_L=666F09007A17D84DA467814349C4912C; CNZZDATA1274542463=1363221369-1536803477-null%7C1536803746; PAGE_VIEW_TIMES=5',
)
[ info ] [ PARAM ] array (
)
[ info ] [ LOG ] INIT File
---------------------------------------------------------------
[ 2018-09-16T16:03:00+08:00 ] 127.0.0.1 127.0.0.1 GET /web/css/bootstrap.css.map
[ info ] www.bbb.com/web/css/bootstrap.css.map [运行时间：0.018001s][吞吐率：55.55req/s] [内存消耗：1,273.91kb] [文件加载：40]
[ info ] [ LANG ] G:\xampp\htdocs\bbb\thinkphp\lang\zh-cn.php
[ info ] [ ROUTE ] array (
  'type' => 'module',
  'module' => 
  array (
    0 => 'web',
    1 => 'css',
    2 => 'bootstrap.css.map',
  ),
)
[ info ] [ HEADER ] array (
  'host' => 'www.bbb.com',
  'connection' => 'keep-alive',
  'user-agent' => 'Mozilla/5.0 (Windows NT 6.1; Win64; x64) AppleWebKit/537.36 (KHTML, like Gecko) Chrome/68.0.3440.106 Safari/537.36',
  'accept-encoding' => 'gzip, deflate',
  'accept-language' => 'zh-CN,zh;q=0.9',
  'cookie' => 'UM_distinctid=165c8054c9284-062272fa320a7f-323b5b03-1fa400-165c8054c93808; gr_user_id=6dd39fe4-2773-44f6-ac77-0d4960055290; CNZZDATA1000353613=343486579-1536658864-http%253A%252F%252Fwww.bbb.com%252F%7C1536800850; Hm_lvt_7492c81cf0f836f83a82e76a134d25e2=1536659115,1536800847; 58325___929688_KS_58325___929688=605a224bc5a142cd8b2384ab3d412caa; POP800_VISIT_TIMES=2; POP800_VISITOR_ID_L=666F09007A17D84DA467814349C4912C; CNZZDATA1274542463=1363221369-1536803477-null%7C1536803746; PAGE_VIEW_TIMES=5',
)
[ info ] [ PARAM ] array (
)
[ info ] [ LOG ] INIT File
---------------------------------------------------------------
[ 2018-09-16T16:03:01+08:00 ] 127.0.0.1 127.0.0.1 GET /index
[ info ] www.bbb.com/index [运行时间：0.057003s][吞吐率：17.54req/s] [内存消耗：2,218.93kb] [文件加载：53]
[ info ] [ LANG ] G:\xampp\htdocs\bbb\thinkphp\lang\zh-cn.php
[ info ] [ ROUTE ] array (
  'type' => 'module',
  'module' => 
  array (
    0 => 'index',
    1 => NULL,
    2 => NULL,
  ),
)
[ info ] [ HEADER ] array (
  'host' => 'www.bbb.com',
  'connection' => 'keep-alive',
  'cache-control' => 'max-age=0',
  'upgrade-insecure-requests' => '1',
  'user-agent' => 'Mozilla/5.0 (Windows NT 6.1; Win64; x64) AppleWebKit/537.36 (KHTML, like Gecko) Chrome/68.0.3440.106 Safari/537.36',
  'accept' => 'text/html,application/xhtml+xml,application/xml;q=0.9,image/webp,image/apng,*/*;q=0.8',
  'accept-encoding' => 'gzip, deflate',
  'accept-language' => 'zh-CN,zh;q=0.9',
  'cookie' => 'UM_distinctid=165c8054c9284-062272fa320a7f-323b5b03-1fa400-165c8054c93808; gr_user_id=6dd39fe4-2773-44f6-ac77-0d4960055290; CNZZDATA1000353613=343486579-1536658864-http%253A%252F%252Fwww.bbb.com%252F%7C1536800850; Hm_lvt_7492c81cf0f836f83a82e76a134d25e2=1536659115,1536800847; 58325___929688_KS_58325___929688=605a224bc5a142cd8b2384ab3d412caa; POP800_VISIT_TIMES=2; POP800_VISITOR_ID_L=666F09007A17D84DA467814349C4912C; CNZZDATA1274542463=1363221369-1536803477-null%7C1536803746; PAGE_VIEW_TIMES=5',
)
[ info ] [ PARAM ] array (
)
[ info ] [ RUN ] app\index\controller\Index->index[ G:\xampp\htdocs\bbb\application\index\controller\Index.php ]
[ info ] [ DB ] INIT mysql
[ info ] [ VIEW ] G:\xampp\htdocs\bbb\public/../application/index\view\index\index.html [ array (
  0 => 'hotLine',
  1 => 'navinfo',
  2 => 'banner',
  3 => 'house',
) ]
[ info ] [ LOG ] INIT File
[ sql ] [ DB ] CONNECT:[ UseTime:0.010001s ] mysql:host=127.0.0.1;port=3306;dbname=dcxw;charset=utf8
[ sql ] [ SQL ] SHOW COLUMNS FROM `dcxw_setinfo` [ RunTime:0.004000s ]
[ sql ] [ SQL ] SELECT `s_value` FROM `dcxw_setinfo` WHERE  `s_key` = 'hotline' [ RunTime:0.000000s ]
[ sql ] [ SQL ] SHOW COLUMNS FROM `dcxw_nav` [ RunTime:0.004000s ]
[ sql ] [ SQL ] SELECT `nav_title`,`nav_url` FROM `dcxw_nav` WHERE  `nav_isable` = 1 ORDER BY nav_order desc [ RunTime:0.000000s ]
[ sql ] [ SQL ] SHOW COLUMNS FROM `dcxw_banner` [ RunTime:0.003000s ]
[ sql ] [ SQL ] SELECT * FROM `dcxw_banner` WHERE  `ba_isable` = 1 ORDER BY ba_order desc [ RunTime:0.001000s ]
[ sql ] [ SQL ] SHOW COLUMNS FROM `dcxw_house` [ RunTime:0.003001s ]
[ sql ] [ SQL ] SELECT * FROM `dcxw_house` WHERE  `h_isable` = 1  AND `h_rent_status` = 2 ORDER BY h_istop,h_view desc [ RunTime:0.001000s ]
---------------------------------------------------------------
[ 2018-09-16T16:03:01+08:00 ] 127.0.0.1 127.0.0.1 GET /web/js/swiper.min.js.map
[ info ] www.bbb.com/web/js/swiper.min.js.map [运行时间：0.018001s][吞吐率：55.55req/s] [内存消耗：1,273.91kb] [文件加载：40]
[ info ] [ LANG ] G:\xampp\htdocs\bbb\thinkphp\lang\zh-cn.php
[ info ] [ ROUTE ] array (
  'type' => 'module',
  'module' => 
  array (
    0 => 'web',
    1 => 'js',
    2 => 'swiper.min.js.map',
  ),
)
[ info ] [ HEADER ] array (
  'host' => 'www.bbb.com',
  'connection' => 'keep-alive',
  'user-agent' => 'Mozilla/5.0 (Windows NT 6.1; Win64; x64) AppleWebKit/537.36 (KHTML, like Gecko) Chrome/68.0.3440.106 Safari/537.36',
  'accept-encoding' => 'gzip, deflate',
  'accept-language' => 'zh-CN,zh;q=0.9',
  'cookie' => 'UM_distinctid=165c8054c9284-062272fa320a7f-323b5b03-1fa400-165c8054c93808; gr_user_id=6dd39fe4-2773-44f6-ac77-0d4960055290; CNZZDATA1000353613=343486579-1536658864-http%253A%252F%252Fwww.bbb.com%252F%7C1536800850; Hm_lvt_7492c81cf0f836f83a82e76a134d25e2=1536659115,1536800847; 58325___929688_KS_58325___929688=605a224bc5a142cd8b2384ab3d412caa; POP800_VISIT_TIMES=2; POP800_VISITOR_ID_L=666F09007A17D84DA467814349C4912C; CNZZDATA1274542463=1363221369-1536803477-null%7C1536803746; PAGE_VIEW_TIMES=5',
)
[ info ] [ PARAM ] array (
)
[ info ] [ LOG ] INIT File
---------------------------------------------------------------
[ 2018-09-16T16:03:01+08:00 ] 127.0.0.1 127.0.0.1 GET /web/css/bootstrap.css.map
[ info ] www.bbb.com/web/css/bootstrap.css.map [运行时间：0.018001s][吞吐率：55.55req/s] [内存消耗：1,273.91kb] [文件加载：40]
[ info ] [ LANG ] G:\xampp\htdocs\bbb\thinkphp\lang\zh-cn.php
[ info ] [ ROUTE ] array (
  'type' => 'module',
  'module' => 
  array (
    0 => 'web',
    1 => 'css',
    2 => 'bootstrap.css.map',
  ),
)
[ info ] [ HEADER ] array (
  'host' => 'www.bbb.com',
  'connection' => 'keep-alive',
  'user-agent' => 'Mozilla/5.0 (Windows NT 6.1; Win64; x64) AppleWebKit/537.36 (KHTML, like Gecko) Chrome/68.0.3440.106 Safari/537.36',
  'accept-encoding' => 'gzip, deflate',
  'accept-language' => 'zh-CN,zh;q=0.9',
  'cookie' => 'UM_distinctid=165c8054c9284-062272fa320a7f-323b5b03-1fa400-165c8054c93808; gr_user_id=6dd39fe4-2773-44f6-ac77-0d4960055290; CNZZDATA1000353613=343486579-1536658864-http%253A%252F%252Fwww.bbb.com%252F%7C1536800850; Hm_lvt_7492c81cf0f836f83a82e76a134d25e2=1536659115,1536800847; 58325___929688_KS_58325___929688=605a224bc5a142cd8b2384ab3d412caa; POP800_VISIT_TIMES=2; POP800_VISITOR_ID_L=666F09007A17D84DA467814349C4912C; CNZZDATA1274542463=1363221369-1536803477-null%7C1536803746; PAGE_VIEW_TIMES=5',
)
[ info ] [ PARAM ] array (
)
[ info ] [ LOG ] INIT File
---------------------------------------------------------------
[ 2018-09-16T16:03:01+08:00 ] 127.0.0.1 127.0.0.1 GET /index
[ info ] www.bbb.com/index [运行时间：0.047003s][吞吐率：21.28req/s] [内存消耗：2,218.93kb] [文件加载：53]
[ info ] [ LANG ] G:\xampp\htdocs\bbb\thinkphp\lang\zh-cn.php
[ info ] [ ROUTE ] array (
  'type' => 'module',
  'module' => 
  array (
    0 => 'index',
    1 => NULL,
    2 => NULL,
  ),
)
[ info ] [ HEADER ] array (
  'host' => 'www.bbb.com',
  'connection' => 'keep-alive',
  'cache-control' => 'max-age=0',
  'upgrade-insecure-requests' => '1',
  'user-agent' => 'Mozilla/5.0 (Windows NT 6.1; Win64; x64) AppleWebKit/537.36 (KHTML, like Gecko) Chrome/68.0.3440.106 Safari/537.36',
  'accept' => 'text/html,application/xhtml+xml,application/xml;q=0.9,image/webp,image/apng,*/*;q=0.8',
  'accept-encoding' => 'gzip, deflate',
  'accept-language' => 'zh-CN,zh;q=0.9',
  'cookie' => 'UM_distinctid=165c8054c9284-062272fa320a7f-323b5b03-1fa400-165c8054c93808; gr_user_id=6dd39fe4-2773-44f6-ac77-0d4960055290; CNZZDATA1000353613=343486579-1536658864-http%253A%252F%252Fwww.bbb.com%252F%7C1536800850; Hm_lvt_7492c81cf0f836f83a82e76a134d25e2=1536659115,1536800847; 58325___929688_KS_58325___929688=605a224bc5a142cd8b2384ab3d412caa; POP800_VISIT_TIMES=2; POP800_VISITOR_ID_L=666F09007A17D84DA467814349C4912C; CNZZDATA1274542463=1363221369-1536803477-null%7C1536803746; PAGE_VIEW_TIMES=5',
)
[ info ] [ PARAM ] array (
)
[ info ] [ RUN ] app\index\controller\Index->index[ G:\xampp\htdocs\bbb\application\index\controller\Index.php ]
[ info ] [ DB ] INIT mysql
[ info ] [ VIEW ] G:\xampp\htdocs\bbb\public/../application/index\view\index\index.html [ array (
  0 => 'hotLine',
  1 => 'navinfo',
  2 => 'banner',
  3 => 'house',
) ]
[ info ] [ LOG ] INIT File
[ sql ] [ DB ] CONNECT:[ UseTime:0.001000s ] mysql:host=127.0.0.1;port=3306;dbname=dcxw;charset=utf8
[ sql ] [ SQL ] SHOW COLUMNS FROM `dcxw_setinfo` [ RunTime:0.004000s ]
[ sql ] [ SQL ] SELECT `s_value` FROM `dcxw_setinfo` WHERE  `s_key` = 'hotline' [ RunTime:0.000000s ]
[ sql ] [ SQL ] SHOW COLUMNS FROM `dcxw_nav` [ RunTime:0.004000s ]
[ sql ] [ SQL ] SELECT `nav_title`,`nav_url` FROM `dcxw_nav` WHERE  `nav_isable` = 1 ORDER BY nav_order desc [ RunTime:0.000000s ]
[ sql ] [ SQL ] SHOW COLUMNS FROM `dcxw_banner` [ RunTime:0.003001s ]
[ sql ] [ SQL ] SELECT * FROM `dcxw_banner` WHERE  `ba_isable` = 1 ORDER BY ba_order desc [ RunTime:0.000000s ]
[ sql ] [ SQL ] SHOW COLUMNS FROM `dcxw_house` [ RunTime:0.003000s ]
[ sql ] [ SQL ] SELECT * FROM `dcxw_house` WHERE  `h_isable` = 1  AND `h_rent_status` = 2 ORDER BY h_istop,h_view desc [ RunTime:0.000000s ]
---------------------------------------------------------------
[ 2018-09-16T16:03:01+08:00 ] 127.0.0.1 127.0.0.1 GET /web/js/swiper.min.js.map
[ info ] www.bbb.com/web/js/swiper.min.js.map [运行时间：0.018001s][吞吐率：55.55req/s] [内存消耗：1,273.91kb] [文件加载：40]
[ info ] [ LANG ] G:\xampp\htdocs\bbb\thinkphp\lang\zh-cn.php
[ info ] [ ROUTE ] array (
  'type' => 'module',
  'module' => 
  array (
    0 => 'web',
    1 => 'js',
    2 => 'swiper.min.js.map',
  ),
)
[ info ] [ HEADER ] array (
  'host' => 'www.bbb.com',
  'connection' => 'keep-alive',
  'user-agent' => 'Mozilla/5.0 (Windows NT 6.1; Win64; x64) AppleWebKit/537.36 (KHTML, like Gecko) Chrome/68.0.3440.106 Safari/537.36',
  'accept-encoding' => 'gzip, deflate',
  'accept-language' => 'zh-CN,zh;q=0.9',
  'cookie' => 'UM_distinctid=165c8054c9284-062272fa320a7f-323b5b03-1fa400-165c8054c93808; gr_user_id=6dd39fe4-2773-44f6-ac77-0d4960055290; CNZZDATA1000353613=343486579-1536658864-http%253A%252F%252Fwww.bbb.com%252F%7C1536800850; Hm_lvt_7492c81cf0f836f83a82e76a134d25e2=1536659115,1536800847; 58325___929688_KS_58325___929688=605a224bc5a142cd8b2384ab3d412caa; POP800_VISIT_TIMES=2; POP800_VISITOR_ID_L=666F09007A17D84DA467814349C4912C; CNZZDATA1274542463=1363221369-1536803477-null%7C1536803746; PAGE_VIEW_TIMES=5',
)
[ info ] [ PARAM ] array (
)
[ info ] [ LOG ] INIT File
---------------------------------------------------------------
[ 2018-09-16T16:03:01+08:00 ] 127.0.0.1 127.0.0.1 GET /web/css/bootstrap.css.map
[ info ] www.bbb.com/web/css/bootstrap.css.map [运行时间：0.019001s][吞吐率：52.63req/s] [内存消耗：1,273.91kb] [文件加载：40]
[ info ] [ LANG ] G:\xampp\htdocs\bbb\thinkphp\lang\zh-cn.php
[ info ] [ ROUTE ] array (
  'type' => 'module',
  'module' => 
  array (
    0 => 'web',
    1 => 'css',
    2 => 'bootstrap.css.map',
  ),
)
[ info ] [ HEADER ] array (
  'host' => 'www.bbb.com',
  'connection' => 'keep-alive',
  'user-agent' => 'Mozilla/5.0 (Windows NT 6.1; Win64; x64) AppleWebKit/537.36 (KHTML, like Gecko) Chrome/68.0.3440.106 Safari/537.36',
  'accept-encoding' => 'gzip, deflate',
  'accept-language' => 'zh-CN,zh;q=0.9',
  'cookie' => 'UM_distinctid=165c8054c9284-062272fa320a7f-323b5b03-1fa400-165c8054c93808; gr_user_id=6dd39fe4-2773-44f6-ac77-0d4960055290; CNZZDATA1000353613=343486579-1536658864-http%253A%252F%252Fwww.bbb.com%252F%7C1536800850; Hm_lvt_7492c81cf0f836f83a82e76a134d25e2=1536659115,1536800847; 58325___929688_KS_58325___929688=605a224bc5a142cd8b2384ab3d412caa; POP800_VISIT_TIMES=2; POP800_VISITOR_ID_L=666F09007A17D84DA467814349C4912C; CNZZDATA1274542463=1363221369-1536803477-null%7C1536803746; PAGE_VIEW_TIMES=5',
)
[ info ] [ PARAM ] array (
)
[ info ] [ LOG ] INIT File
