---------------------------------------------------------------
[ 2018-09-17T11:05:40+08:00 ] 127.0.0.1 127.0.0.1 GET /
[ info ] www.dingding.com/ [运行时间：0.078603s][吞吐率：12.72req/s] [内存消耗：1,639.52kb] [文件加载：50]
[ info ] [ LANG ] G:\xampp\htdocs\bbb\thinkphp\lang\zh-cn.php
[ info ] [ ROUTE ] array (
  'type' => 'module',
  'module' => 
  array (
    0 => '',
    1 => NULL,
    2 => NULL,
  ),
)
[ info ] [ HEADER ] array (
  'host' => 'www.dingding.com',
  'connection' => 'keep-alive',
  'upgrade-insecure-requests' => '1',
  'user-agent' => 'Mozilla/5.0 (Windows NT 6.1; Win64; x64) AppleWebKit/537.36 (KHTML, like Gecko) Chrome/68.0.3440.106 Safari/537.36',
  'accept' => 'text/html,application/xhtml+xml,application/xml;q=0.9,image/webp,image/apng,*/*;q=0.8',
  'accept-encoding' => 'gzip, deflate',
  'accept-language' => 'zh-CN,zh;q=0.9',
)
[ info ] [ PARAM ] array (
)
[ info ] [ SESSION ] INIT array (
  'id' => '',
  'var_session_id' => '',
  'prefix' => 'think',
  'type' => '',
  'auto_start' => true,
)
[ info ] [ VIEW ] G:\xampp\htdocs\bbb\thinkphp\tpl\dispatch_jump.tpl [ array (
  0 => 'code',
  1 => 'msg',
  2 => 'data',
  3 => 'url',
  4 => 'wait',
) ]
[ info ] [ LOG ] INIT File
---------------------------------------------------------------
[ 2018-09-17T11:05:42+08:00 ] 127.0.0.1 127.0.0.1 GET /admin/login/login.html
[ info ] www.dingding.com/admin/login/login.html [运行时间：0.046602s][吞吐率：21.46req/s] [内存消耗：1,609.45kb] [文件加载：49]
[ info ] [ LANG ] G:\xampp\htdocs\bbb\thinkphp\lang\zh-cn.php
[ info ] [ ROUTE ] array (
  'type' => 'module',
  'module' => 
  array (
    0 => 'admin',
    1 => 'login',
    2 => 'login',
  ),
)
[ info ] [ HEADER ] array (
  'host' => 'www.dingding.com',
  'connection' => 'keep-alive',
  'upgrade-insecure-requests' => '1',
  'user-agent' => 'Mozilla/5.0 (Windows NT 6.1; Win64; x64) AppleWebKit/537.36 (KHTML, like Gecko) Chrome/68.0.3440.106 Safari/537.36',
  'accept' => 'text/html,application/xhtml+xml,application/xml;q=0.9,image/webp,image/apng,*/*;q=0.8',
  'referer' => 'http://www.dingding.com/',
  'accept-encoding' => 'gzip, deflate',
  'accept-language' => 'zh-CN,zh;q=0.9',
  'cookie' => 'PHPSESSID=9kk5039v8vpvukbj1i6c352rc5',
)
[ info ] [ PARAM ] array (
)
[ info ] [ RUN ] app\admin\controller\Login->login[ G:\xampp\htdocs\bbb\application\admin\controller\Login.php ]
[ info ] [ VIEW ] G:\xampp\htdocs\bbb\public/../application/admin\view\login\login.html [ array (
) ]
[ info ] [ LOG ] INIT File
---------------------------------------------------------------
[ 2018-09-17T11:05:42+08:00 ] 127.0.0.1 127.0.0.1 GET /admin/login/__PUBLIC/static/admin.css
[ info ] www.dingding.com/admin/login/__PUBLIC/static/admin.css [运行时间：0.025001s][吞吐率：40.00req/s] [内存消耗：1,479.54kb] [文件加载：48]
[ info ] [ LANG ] G:\xampp\htdocs\bbb\thinkphp\lang\zh-cn.php
[ info ] [ ROUTE ] array (
  'type' => 'module',
  'module' => 
  array (
    0 => 'admin',
    1 => 'login',
    2 => '__PUBLIC',
  ),
)
[ info ] [ HEADER ] array (
  'host' => 'www.dingding.com',
  'connection' => 'keep-alive',
  'user-agent' => 'Mozilla/5.0 (Windows NT 6.1; Win64; x64) AppleWebKit/537.36 (KHTML, like Gecko) Chrome/68.0.3440.106 Safari/537.36',
  'accept' => 'text/css,*/*;q=0.1',
  'referer' => 'http://www.dingding.com/admin/login/login.html',
  'accept-encoding' => 'gzip, deflate',
  'accept-language' => 'zh-CN,zh;q=0.9',
  'cookie' => 'PHPSESSID=9kk5039v8vpvukbj1i6c352rc5',
)
[ info ] [ PARAM ] array (
  'static' => 'admin.css',
)
[ info ] [ LOG ] INIT File
