---------------------------------------------------------------
[ 2018-09-28T17:50:24+08:00 ] 127.0.0.1 127.0.0.1 GET /mobile/index/index.html
[ info ] www.bbb.com/mobile/index/index.html [运行时间：0.066004s][吞吐率：15.15req/s] [内存消耗：2,110.58kb] [文件加载：53]
[ info ] [ LANG ] G:\xampp\htdocs\bbb\thinkphp\lang\zh-cn.php
[ info ] [ ROUTE ] array (
  'type' => 'module',
  'module' => 
  array (
    0 => 'mobile',
    1 => 'index',
    2 => 'index',
  ),
)
[ info ] [ HEADER ] array (
  'host' => 'www.bbb.com',
  'connection' => 'keep-alive',
  'upgrade-insecure-requests' => '1',
  'user-agent' => 'Mozilla/5.0 (iPhone; CPU iPhone OS 11_0 like Mac OS X) AppleWebKit/604.1.38 (KHTML, like Gecko) Version/11.0 Mobile/15A372 Safari/604.1',
  'accept' => 'text/html,application/xhtml+xml,application/xml;q=0.9,image/webp,image/apng,*/*;q=0.8',
  'referer' => 'http://www.bbb.com/mobile/index/promise.html',
  'accept-encoding' => 'gzip, deflate',
  'accept-language' => 'zh-CN,zh;q=0.9',
  'cookie' => 'UM_distinctid=165c8054c9284-062272fa320a7f-323b5b03-1fa400-165c8054c93808; gr_user_id=6dd39fe4-2773-44f6-ac77-0d4960055290; CNZZDATA1000353613=343486579-1536658864-http%253A%252F%252Fwww.bbb.com%252F%7C1536800850; Hm_lvt_7492c81cf0f836f83a82e76a134d25e2=1536659115,1536800847; 58325___929688_KS_58325___929688=605a224bc5a142cd8b2384ab3d412caa; POP800_VISIT_TIMES=2; POP800_VISITOR_ID_L=666F09007A17D84DA467814349C4912C; CNZZDATA1274542463=1363221369-1536803477-null%7C1536803746; PAGE_VIEW_TIMES=5; PHPSESSID=cc5bsnt37eqtbfguul640d67hb',
)
[ info ] [ PARAM ] array (
)
[ info ] [ RUN ] app\mobile\controller\Index->index[ G:\xampp\htdocs\bbb\application\mobile\controller\Index.php ]
[ info ] [ DB ] INIT mysql
[ info ] [ VIEW ] G:\xampp\htdocs\bbb\public/../application/mobile\view\index\index.html [ array (
  0 => 'house',
  1 => 'news',
) ]
[ info ] [ LOG ] INIT File
[ sql ] [ DB ] CONNECT:[ UseTime:0.011000s ] mysql:host=127.0.0.1;port=3306;dbname=dcxw;charset=utf8
[ sql ] [ SQL ] SHOW COLUMNS FROM `dcxw_house` [ RunTime:0.003001s ]
[ sql ] [ SQL ] SELECT `h_id`,`h_house_img`,`h_name` FROM `dcxw_house` WHERE  `h_isable` = 1  AND `h_rent_status` = 2 ORDER BY h_view desc LIMIT 4 [ RunTime:0.000000s ]
[ sql ] [ SQL ] SHOW COLUMNS FROM `dcxw_article` [ RunTime:0.003000s ]
[ sql ] [ SQL ] SELECT `art_id`,`art_img`,`art_title`,`art_subtitle` FROM `dcxw_article` WHERE  `art_isable` = 1 ORDER BY art_istop,art_view desc LIMIT 4 [ RunTime:0.000000s ]
---------------------------------------------------------------
[ 2018-09-28T17:50:25+08:00 ] 127.0.0.1 127.0.0.1 GET /mobile/index/nav.html
[ info ] www.bbb.com/mobile/index/nav.html [运行时间：0.052003s][吞吐率：19.23req/s] [内存消耗：1,508.14kb] [文件加载：46]
[ info ] [ LANG ] G:\xampp\htdocs\bbb\thinkphp\lang\zh-cn.php
[ info ] [ ROUTE ] array (
  'type' => 'module',
  'module' => 
  array (
    0 => 'mobile',
    1 => 'index',
    2 => 'nav',
  ),
)
[ info ] [ HEADER ] array (
  'host' => 'www.bbb.com',
  'connection' => 'keep-alive',
  'upgrade-insecure-requests' => '1',
  'user-agent' => 'Mozilla/5.0 (iPhone; CPU iPhone OS 11_0 like Mac OS X) AppleWebKit/604.1.38 (KHTML, like Gecko) Version/11.0 Mobile/15A372 Safari/604.1',
  'accept' => 'text/html,application/xhtml+xml,application/xml;q=0.9,image/webp,image/apng,*/*;q=0.8',
  'referer' => 'http://www.bbb.com/mobile/index/index.html',
  'accept-encoding' => 'gzip, deflate',
  'accept-language' => 'zh-CN,zh;q=0.9',
  'cookie' => 'UM_distinctid=165c8054c9284-062272fa320a7f-323b5b03-1fa400-165c8054c93808; gr_user_id=6dd39fe4-2773-44f6-ac77-0d4960055290; CNZZDATA1000353613=343486579-1536658864-http%253A%252F%252Fwww.bbb.com%252F%7C1536800850; Hm_lvt_7492c81cf0f836f83a82e76a134d25e2=1536659115,1536800847; 58325___929688_KS_58325___929688=605a224bc5a142cd8b2384ab3d412caa; POP800_VISIT_TIMES=2; POP800_VISITOR_ID_L=666F09007A17D84DA467814349C4912C; CNZZDATA1274542463=1363221369-1536803477-null%7C1536803746; PAGE_VIEW_TIMES=5; PHPSESSID=cc5bsnt37eqtbfguul640d67hb',
)
[ info ] [ PARAM ] array (
)
[ info ] [ RUN ] app\mobile\controller\Index->nav[ G:\xampp\htdocs\bbb\application\mobile\controller\Index.php ]
[ info ] [ VIEW ] G:\xampp\htdocs\bbb\public/../application/mobile\view\index\nav.html [ array (
) ]
[ info ] [ LOG ] INIT File
---------------------------------------------------------------
[ 2018-09-28T17:50:42+08:00 ] 127.0.0.1 127.0.0.1 GET /mobile/index/deposit.html
[ info ] www.bbb.com/mobile/index/deposit.html [运行时间：0.030002s][吞吐率：33.33req/s] [内存消耗：1,508.95kb] [文件加载：46]
[ info ] [ LANG ] G:\xampp\htdocs\bbb\thinkphp\lang\zh-cn.php
[ info ] [ ROUTE ] array (
  'type' => 'module',
  'module' => 
  array (
    0 => 'mobile',
    1 => 'index',
    2 => 'deposit',
  ),
)
[ info ] [ HEADER ] array (
  'host' => 'www.bbb.com',
  'connection' => 'keep-alive',
  'upgrade-insecure-requests' => '1',
  'user-agent' => 'Mozilla/5.0 (iPhone; CPU iPhone OS 11_0 like Mac OS X) AppleWebKit/604.1.38 (KHTML, like Gecko) Version/11.0 Mobile/15A372 Safari/604.1',
  'accept' => 'text/html,application/xhtml+xml,application/xml;q=0.9,image/webp,image/apng,*/*;q=0.8',
  'referer' => 'http://www.bbb.com/mobile/index/nav.html',
  'accept-encoding' => 'gzip, deflate',
  'accept-language' => 'zh-CN,zh;q=0.9',
  'cookie' => 'UM_distinctid=165c8054c9284-062272fa320a7f-323b5b03-1fa400-165c8054c93808; gr_user_id=6dd39fe4-2773-44f6-ac77-0d4960055290; CNZZDATA1000353613=343486579-1536658864-http%253A%252F%252Fwww.bbb.com%252F%7C1536800850; Hm_lvt_7492c81cf0f836f83a82e76a134d25e2=1536659115,1536800847; 58325___929688_KS_58325___929688=605a224bc5a142cd8b2384ab3d412caa; POP800_VISIT_TIMES=2; POP800_VISITOR_ID_L=666F09007A17D84DA467814349C4912C; CNZZDATA1274542463=1363221369-1536803477-null%7C1536803746; PAGE_VIEW_TIMES=5; PHPSESSID=cc5bsnt37eqtbfguul640d67hb',
)
[ info ] [ PARAM ] array (
)
[ info ] [ RUN ] app\mobile\controller\Index->deposit[ G:\xampp\htdocs\bbb\application\mobile\controller\Index.php ]
[ info ] [ VIEW ] G:\xampp\htdocs\bbb\public/../application/mobile\view\index\deposit.html [ array (
) ]
[ info ] [ LOG ] INIT File
---------------------------------------------------------------
[ 2018-09-28T17:50:44+08:00 ] 127.0.0.1 127.0.0.1 GET /mobile/index/nav.html
[ info ] www.bbb.com/mobile/index/nav.html [运行时间：0.057602s][吞吐率：17.36req/s] [内存消耗：1,508.14kb] [文件加载：46]
[ info ] [ LANG ] G:\xampp\htdocs\bbb\thinkphp\lang\zh-cn.php
[ info ] [ ROUTE ] array (
  'type' => 'module',
  'module' => 
  array (
    0 => 'mobile',
    1 => 'index',
    2 => 'nav',
  ),
)
[ info ] [ HEADER ] array (
  'host' => 'www.bbb.com',
  'connection' => 'keep-alive',
  'upgrade-insecure-requests' => '1',
  'user-agent' => 'Mozilla/5.0 (iPhone; CPU iPhone OS 11_0 like Mac OS X) AppleWebKit/604.1.38 (KHTML, like Gecko) Version/11.0 Mobile/15A372 Safari/604.1',
  'accept' => 'text/html,application/xhtml+xml,application/xml;q=0.9,image/webp,image/apng,*/*;q=0.8',
  'referer' => 'http://www.bbb.com/mobile/index/deposit.html',
  'accept-encoding' => 'gzip, deflate',
  'accept-language' => 'zh-CN,zh;q=0.9',
  'cookie' => 'UM_distinctid=165c8054c9284-062272fa320a7f-323b5b03-1fa400-165c8054c93808; gr_user_id=6dd39fe4-2773-44f6-ac77-0d4960055290; CNZZDATA1000353613=343486579-1536658864-http%253A%252F%252Fwww.bbb.com%252F%7C1536800850; Hm_lvt_7492c81cf0f836f83a82e76a134d25e2=1536659115,1536800847; 58325___929688_KS_58325___929688=605a224bc5a142cd8b2384ab3d412caa; POP800_VISIT_TIMES=2; POP800_VISITOR_ID_L=666F09007A17D84DA467814349C4912C; CNZZDATA1274542463=1363221369-1536803477-null%7C1536803746; PAGE_VIEW_TIMES=5; PHPSESSID=cc5bsnt37eqtbfguul640d67hb',
)
[ info ] [ PARAM ] array (
)
[ info ] [ RUN ] app\mobile\controller\Index->nav[ G:\xampp\htdocs\bbb\application\mobile\controller\Index.php ]
[ info ] [ VIEW ] G:\xampp\htdocs\bbb\public/../application/mobile\view\index\nav.html [ array (
) ]
[ info ] [ LOG ] INIT File
---------------------------------------------------------------
[ 2018-09-28T17:50:45+08:00 ] 127.0.0.1 127.0.0.1 GET /mobile/index/advance.html
[ info ] www.bbb.com/mobile/index/advance.html [运行时间：0.041002s][吞吐率：24.39req/s] [内存消耗：1,508.80kb] [文件加载：46]
[ info ] [ LANG ] G:\xampp\htdocs\bbb\thinkphp\lang\zh-cn.php
[ info ] [ ROUTE ] array (
  'type' => 'module',
  'module' => 
  array (
    0 => 'mobile',
    1 => 'index',
    2 => 'advance',
  ),
)
[ info ] [ HEADER ] array (
  'host' => 'www.bbb.com',
  'connection' => 'keep-alive',
  'upgrade-insecure-requests' => '1',
  'user-agent' => 'Mozilla/5.0 (iPhone; CPU iPhone OS 11_0 like Mac OS X) AppleWebKit/604.1.38 (KHTML, like Gecko) Version/11.0 Mobile/15A372 Safari/604.1',
  'accept' => 'text/html,application/xhtml+xml,application/xml;q=0.9,image/webp,image/apng,*/*;q=0.8',
  'referer' => 'http://www.bbb.com/mobile/index/nav.html',
  'accept-encoding' => 'gzip, deflate',
  'accept-language' => 'zh-CN,zh;q=0.9',
  'cookie' => 'UM_distinctid=165c8054c9284-062272fa320a7f-323b5b03-1fa400-165c8054c93808; gr_user_id=6dd39fe4-2773-44f6-ac77-0d4960055290; CNZZDATA1000353613=343486579-1536658864-http%253A%252F%252Fwww.bbb.com%252F%7C1536800850; Hm_lvt_7492c81cf0f836f83a82e76a134d25e2=1536659115,1536800847; 58325___929688_KS_58325___929688=605a224bc5a142cd8b2384ab3d412caa; POP800_VISIT_TIMES=2; POP800_VISITOR_ID_L=666F09007A17D84DA467814349C4912C; CNZZDATA1274542463=1363221369-1536803477-null%7C1536803746; PAGE_VIEW_TIMES=5; PHPSESSID=cc5bsnt37eqtbfguul640d67hb',
)
[ info ] [ PARAM ] array (
)
[ info ] [ RUN ] app\mobile\controller\Index->advance[ G:\xampp\htdocs\bbb\application\mobile\controller\Index.php ]
[ info ] [ VIEW ] G:\xampp\htdocs\bbb\public/../application/mobile\view\index\advance.html [ array (
) ]
[ info ] [ LOG ] INIT File
---------------------------------------------------------------
[ 2018-09-28T17:50:46+08:00 ] 127.0.0.1 127.0.0.1 GET /mobile/index/nav.html
[ info ] www.bbb.com/mobile/index/nav.html [运行时间：0.019600s][吞吐率：51.02req/s] [内存消耗：1,508.14kb] [文件加载：46]
[ info ] [ LANG ] G:\xampp\htdocs\bbb\thinkphp\lang\zh-cn.php
[ info ] [ ROUTE ] array (
  'type' => 'module',
  'module' => 
  array (
    0 => 'mobile',
    1 => 'index',
    2 => 'nav',
  ),
)
[ info ] [ HEADER ] array (
  'host' => 'www.bbb.com',
  'connection' => 'keep-alive',
  'upgrade-insecure-requests' => '1',
  'user-agent' => 'Mozilla/5.0 (iPhone; CPU iPhone OS 11_0 like Mac OS X) AppleWebKit/604.1.38 (KHTML, like Gecko) Version/11.0 Mobile/15A372 Safari/604.1',
  'accept' => 'text/html,application/xhtml+xml,application/xml;q=0.9,image/webp,image/apng,*/*;q=0.8',
  'referer' => 'http://www.bbb.com/mobile/index/advance.html',
  'accept-encoding' => 'gzip, deflate',
  'accept-language' => 'zh-CN,zh;q=0.9',
  'cookie' => 'UM_distinctid=165c8054c9284-062272fa320a7f-323b5b03-1fa400-165c8054c93808; gr_user_id=6dd39fe4-2773-44f6-ac77-0d4960055290; CNZZDATA1000353613=343486579-1536658864-http%253A%252F%252Fwww.bbb.com%252F%7C1536800850; Hm_lvt_7492c81cf0f836f83a82e76a134d25e2=1536659115,1536800847; 58325___929688_KS_58325___929688=605a224bc5a142cd8b2384ab3d412caa; POP800_VISIT_TIMES=2; POP800_VISITOR_ID_L=666F09007A17D84DA467814349C4912C; CNZZDATA1274542463=1363221369-1536803477-null%7C1536803746; PAGE_VIEW_TIMES=5; PHPSESSID=cc5bsnt37eqtbfguul640d67hb',
)
[ info ] [ PARAM ] array (
)
[ info ] [ RUN ] app\mobile\controller\Index->nav[ G:\xampp\htdocs\bbb\application\mobile\controller\Index.php ]
[ info ] [ VIEW ] G:\xampp\htdocs\bbb\public/../application/mobile\view\index\nav.html [ array (
) ]
[ info ] [ LOG ] INIT File
---------------------------------------------------------------
[ 2018-09-28T17:50:47+08:00 ] 127.0.0.1 127.0.0.1 GET /mobile/index/house.html
[ info ] www.bbb.com/mobile/index/house.html [运行时间：0.042602s][吞吐率：23.47req/s] [内存消耗：1,506.78kb] [文件加载：46]
[ info ] [ LANG ] G:\xampp\htdocs\bbb\thinkphp\lang\zh-cn.php
[ info ] [ ROUTE ] array (
  'type' => 'module',
  'module' => 
  array (
    0 => 'mobile',
    1 => 'index',
    2 => 'house',
  ),
)
[ info ] [ HEADER ] array (
  'host' => 'www.bbb.com',
  'connection' => 'keep-alive',
  'upgrade-insecure-requests' => '1',
  'user-agent' => 'Mozilla/5.0 (iPhone; CPU iPhone OS 11_0 like Mac OS X) AppleWebKit/604.1.38 (KHTML, like Gecko) Version/11.0 Mobile/15A372 Safari/604.1',
  'accept' => 'text/html,application/xhtml+xml,application/xml;q=0.9,image/webp,image/apng,*/*;q=0.8',
  'referer' => 'http://www.bbb.com/mobile/index/nav.html',
  'accept-encoding' => 'gzip, deflate',
  'accept-language' => 'zh-CN,zh;q=0.9',
  'cookie' => 'UM_distinctid=165c8054c9284-062272fa320a7f-323b5b03-1fa400-165c8054c93808; gr_user_id=6dd39fe4-2773-44f6-ac77-0d4960055290; CNZZDATA1000353613=343486579-1536658864-http%253A%252F%252Fwww.bbb.com%252F%7C1536800850; Hm_lvt_7492c81cf0f836f83a82e76a134d25e2=1536659115,1536800847; 58325___929688_KS_58325___929688=605a224bc5a142cd8b2384ab3d412caa; POP800_VISIT_TIMES=2; POP800_VISITOR_ID_L=666F09007A17D84DA467814349C4912C; CNZZDATA1274542463=1363221369-1536803477-null%7C1536803746; PAGE_VIEW_TIMES=5; PHPSESSID=cc5bsnt37eqtbfguul640d67hb',
)
[ info ] [ PARAM ] array (
)
[ info ] [ RUN ] app\mobile\controller\Index->house[ G:\xampp\htdocs\bbb\application\mobile\controller\Index.php ]
[ info ] [ VIEW ] G:\xampp\htdocs\bbb\public/../application/mobile\view\index\house.html [ array (
) ]
[ info ] [ LOG ] INIT File
---------------------------------------------------------------
[ 2018-09-28T17:50:48+08:00 ] 127.0.0.1 127.0.0.1 GET /mobile/index/nav.html
[ info ] www.bbb.com/mobile/index/nav.html [运行时间：0.033200s][吞吐率：30.12req/s] [内存消耗：1,508.14kb] [文件加载：46]
[ info ] [ LANG ] G:\xampp\htdocs\bbb\thinkphp\lang\zh-cn.php
[ info ] [ ROUTE ] array (
  'type' => 'module',
  'module' => 
  array (
    0 => 'mobile',
    1 => 'index',
    2 => 'nav',
  ),
)
[ info ] [ HEADER ] array (
  'host' => 'www.bbb.com',
  'connection' => 'keep-alive',
  'upgrade-insecure-requests' => '1',
  'user-agent' => 'Mozilla/5.0 (iPhone; CPU iPhone OS 11_0 like Mac OS X) AppleWebKit/604.1.38 (KHTML, like Gecko) Version/11.0 Mobile/15A372 Safari/604.1',
  'accept' => 'text/html,application/xhtml+xml,application/xml;q=0.9,image/webp,image/apng,*/*;q=0.8',
  'referer' => 'http://www.bbb.com/mobile/index/house.html',
  'accept-encoding' => 'gzip, deflate',
  'accept-language' => 'zh-CN,zh;q=0.9',
  'cookie' => 'UM_distinctid=165c8054c9284-062272fa320a7f-323b5b03-1fa400-165c8054c93808; gr_user_id=6dd39fe4-2773-44f6-ac77-0d4960055290; CNZZDATA1000353613=343486579-1536658864-http%253A%252F%252Fwww.bbb.com%252F%7C1536800850; Hm_lvt_7492c81cf0f836f83a82e76a134d25e2=1536659115,1536800847; 58325___929688_KS_58325___929688=605a224bc5a142cd8b2384ab3d412caa; POP800_VISIT_TIMES=2; POP800_VISITOR_ID_L=666F09007A17D84DA467814349C4912C; CNZZDATA1274542463=1363221369-1536803477-null%7C1536803746; PAGE_VIEW_TIMES=5; PHPSESSID=cc5bsnt37eqtbfguul640d67hb',
)
[ info ] [ PARAM ] array (
)
[ info ] [ RUN ] app\mobile\controller\Index->nav[ G:\xampp\htdocs\bbb\application\mobile\controller\Index.php ]
[ info ] [ VIEW ] G:\xampp\htdocs\bbb\public/../application/mobile\view\index\nav.html [ array (
) ]
[ info ] [ LOG ] INIT File
---------------------------------------------------------------
[ 2018-09-28T17:50:49+08:00 ] 127.0.0.1 127.0.0.1 GET /mobile/index/about.html
[ info ] www.bbb.com/mobile/index/about.html [运行时间：0.052602s][吞吐率：19.01req/s] [内存消耗：1,510.03kb] [文件加载：46]
[ info ] [ LANG ] G:\xampp\htdocs\bbb\thinkphp\lang\zh-cn.php
[ info ] [ ROUTE ] array (
  'type' => 'module',
  'module' => 
  array (
    0 => 'mobile',
    1 => 'index',
    2 => 'about',
  ),
)
[ info ] [ HEADER ] array (
  'host' => 'www.bbb.com',
  'connection' => 'keep-alive',
  'upgrade-insecure-requests' => '1',
  'user-agent' => 'Mozilla/5.0 (iPhone; CPU iPhone OS 11_0 like Mac OS X) AppleWebKit/604.1.38 (KHTML, like Gecko) Version/11.0 Mobile/15A372 Safari/604.1',
  'accept' => 'text/html,application/xhtml+xml,application/xml;q=0.9,image/webp,image/apng,*/*;q=0.8',
  'referer' => 'http://www.bbb.com/mobile/index/nav.html',
  'accept-encoding' => 'gzip, deflate',
  'accept-language' => 'zh-CN,zh;q=0.9',
  'cookie' => 'UM_distinctid=165c8054c9284-062272fa320a7f-323b5b03-1fa400-165c8054c93808; gr_user_id=6dd39fe4-2773-44f6-ac77-0d4960055290; CNZZDATA1000353613=343486579-1536658864-http%253A%252F%252Fwww.bbb.com%252F%7C1536800850; Hm_lvt_7492c81cf0f836f83a82e76a134d25e2=1536659115,1536800847; 58325___929688_KS_58325___929688=605a224bc5a142cd8b2384ab3d412caa; POP800_VISIT_TIMES=2; POP800_VISITOR_ID_L=666F09007A17D84DA467814349C4912C; CNZZDATA1274542463=1363221369-1536803477-null%7C1536803746; PAGE_VIEW_TIMES=5; PHPSESSID=cc5bsnt37eqtbfguul640d67hb',
)
[ info ] [ PARAM ] array (
)
[ info ] [ RUN ] app\mobile\controller\Index->about[ G:\xampp\htdocs\bbb\application\mobile\controller\Index.php ]
[ info ] [ VIEW ] G:\xampp\htdocs\bbb\public/../application/mobile\view\index\about.html [ array (
) ]
[ info ] [ LOG ] INIT File
---------------------------------------------------------------
[ 2018-09-28T17:52:31+08:00 ] 127.0.0.1 127.0.0.1 GET /mobile/index/nav.html
[ info ] www.bbb.com/mobile/index/nav.html [运行时间：0.047002s][吞吐率：21.28req/s] [内存消耗：1,508.14kb] [文件加载：46]
[ info ] [ LANG ] G:\xampp\htdocs\bbb\thinkphp\lang\zh-cn.php
[ info ] [ ROUTE ] array (
  'type' => 'module',
  'module' => 
  array (
    0 => 'mobile',
    1 => 'index',
    2 => 'nav',
  ),
)
[ info ] [ HEADER ] array (
  'host' => 'www.bbb.com',
  'connection' => 'keep-alive',
  'upgrade-insecure-requests' => '1',
  'user-agent' => 'Mozilla/5.0 (iPhone; CPU iPhone OS 11_0 like Mac OS X) AppleWebKit/604.1.38 (KHTML, like Gecko) Version/11.0 Mobile/15A372 Safari/604.1',
  'accept' => 'text/html,application/xhtml+xml,application/xml;q=0.9,image/webp,image/apng,*/*;q=0.8',
  'referer' => 'http://www.bbb.com/mobile/index/about.html',
  'accept-encoding' => 'gzip, deflate',
  'accept-language' => 'zh-CN,zh;q=0.9',
  'cookie' => 'UM_distinctid=165c8054c9284-062272fa320a7f-323b5b03-1fa400-165c8054c93808; gr_user_id=6dd39fe4-2773-44f6-ac77-0d4960055290; CNZZDATA1000353613=343486579-1536658864-http%253A%252F%252Fwww.bbb.com%252F%7C1536800850; Hm_lvt_7492c81cf0f836f83a82e76a134d25e2=1536659115,1536800847; 58325___929688_KS_58325___929688=605a224bc5a142cd8b2384ab3d412caa; POP800_VISIT_TIMES=2; POP800_VISITOR_ID_L=666F09007A17D84DA467814349C4912C; CNZZDATA1274542463=1363221369-1536803477-null%7C1536803746; PAGE_VIEW_TIMES=5; PHPSESSID=cc5bsnt37eqtbfguul640d67hb',
)
[ info ] [ PARAM ] array (
)
[ info ] [ RUN ] app\mobile\controller\Index->nav[ G:\xampp\htdocs\bbb\application\mobile\controller\Index.php ]
[ info ] [ VIEW ] G:\xampp\htdocs\bbb\public/../application/mobile\view\index\nav.html [ array (
) ]
[ info ] [ LOG ] INIT File
---------------------------------------------------------------
[ 2018-09-28T17:52:33+08:00 ] 127.0.0.1 127.0.0.1 GET /mobile/index/advance.html
[ info ] www.bbb.com/mobile/index/advance.html [运行时间：0.040002s][吞吐率：25.00req/s] [内存消耗：1,508.80kb] [文件加载：46]
[ info ] [ LANG ] G:\xampp\htdocs\bbb\thinkphp\lang\zh-cn.php
[ info ] [ ROUTE ] array (
  'type' => 'module',
  'module' => 
  array (
    0 => 'mobile',
    1 => 'index',
    2 => 'advance',
  ),
)
[ info ] [ HEADER ] array (
  'host' => 'www.bbb.com',
  'connection' => 'keep-alive',
  'upgrade-insecure-requests' => '1',
  'user-agent' => 'Mozilla/5.0 (iPhone; CPU iPhone OS 11_0 like Mac OS X) AppleWebKit/604.1.38 (KHTML, like Gecko) Version/11.0 Mobile/15A372 Safari/604.1',
  'accept' => 'text/html,application/xhtml+xml,application/xml;q=0.9,image/webp,image/apng,*/*;q=0.8',
  'referer' => 'http://www.bbb.com/mobile/index/nav.html',
  'accept-encoding' => 'gzip, deflate',
  'accept-language' => 'zh-CN,zh;q=0.9',
  'cookie' => 'UM_distinctid=165c8054c9284-062272fa320a7f-323b5b03-1fa400-165c8054c93808; gr_user_id=6dd39fe4-2773-44f6-ac77-0d4960055290; CNZZDATA1000353613=343486579-1536658864-http%253A%252F%252Fwww.bbb.com%252F%7C1536800850; Hm_lvt_7492c81cf0f836f83a82e76a134d25e2=1536659115,1536800847; 58325___929688_KS_58325___929688=605a224bc5a142cd8b2384ab3d412caa; POP800_VISIT_TIMES=2; POP800_VISITOR_ID_L=666F09007A17D84DA467814349C4912C; CNZZDATA1274542463=1363221369-1536803477-null%7C1536803746; PAGE_VIEW_TIMES=5; PHPSESSID=cc5bsnt37eqtbfguul640d67hb',
)
[ info ] [ PARAM ] array (
)
[ info ] [ RUN ] app\mobile\controller\Index->advance[ G:\xampp\htdocs\bbb\application\mobile\controller\Index.php ]
[ info ] [ VIEW ] G:\xampp\htdocs\bbb\public/../application/mobile\view\index\advance.html [ array (
) ]
[ info ] [ LOG ] INIT File
---------------------------------------------------------------
[ 2018-09-28T17:52:34+08:00 ] 127.0.0.1 127.0.0.1 GET /mobile/index/nav.html
[ info ] www.bbb.com/mobile/index/nav.html [运行时间：0.043003s][吞吐率：23.25req/s] [内存消耗：1,508.14kb] [文件加载：46]
[ info ] [ LANG ] G:\xampp\htdocs\bbb\thinkphp\lang\zh-cn.php
[ info ] [ ROUTE ] array (
  'type' => 'module',
  'module' => 
  array (
    0 => 'mobile',
    1 => 'index',
    2 => 'nav',
  ),
)
[ info ] [ HEADER ] array (
  'host' => 'www.bbb.com',
  'connection' => 'keep-alive',
  'upgrade-insecure-requests' => '1',
  'user-agent' => 'Mozilla/5.0 (iPhone; CPU iPhone OS 11_0 like Mac OS X) AppleWebKit/604.1.38 (KHTML, like Gecko) Version/11.0 Mobile/15A372 Safari/604.1',
  'accept' => 'text/html,application/xhtml+xml,application/xml;q=0.9,image/webp,image/apng,*/*;q=0.8',
  'referer' => 'http://www.bbb.com/mobile/index/advance.html',
  'accept-encoding' => 'gzip, deflate',
  'accept-language' => 'zh-CN,zh;q=0.9',
  'cookie' => 'UM_distinctid=165c8054c9284-062272fa320a7f-323b5b03-1fa400-165c8054c93808; gr_user_id=6dd39fe4-2773-44f6-ac77-0d4960055290; CNZZDATA1000353613=343486579-1536658864-http%253A%252F%252Fwww.bbb.com%252F%7C1536800850; Hm_lvt_7492c81cf0f836f83a82e76a134d25e2=1536659115,1536800847; 58325___929688_KS_58325___929688=605a224bc5a142cd8b2384ab3d412caa; POP800_VISIT_TIMES=2; POP800_VISITOR_ID_L=666F09007A17D84DA467814349C4912C; CNZZDATA1274542463=1363221369-1536803477-null%7C1536803746; PAGE_VIEW_TIMES=5; PHPSESSID=cc5bsnt37eqtbfguul640d67hb',
)
[ info ] [ PARAM ] array (
)
[ info ] [ RUN ] app\mobile\controller\Index->nav[ G:\xampp\htdocs\bbb\application\mobile\controller\Index.php ]
[ info ] [ VIEW ] G:\xampp\htdocs\bbb\public/../application/mobile\view\index\nav.html [ array (
) ]
[ info ] [ LOG ] INIT File
